2026-06-06 19:22:18,696 - INFO - main - Run "train_isic_setting1_cv5" with ID "1"
2026-06-06 19:22:18,876 - INFO - main - Create model...
2026-06-06 19:22:19,930 - INFO - main - Set optimizer...
2026-06-06 19:22:19,932 - INFO - main - Load data...
2026-06-06 19:22:19,938 - INFO - main - Start training...
2026-06-06 19:22:19,938 - INFO - main - This is epoch "0" of "13" epochs.
2026-06-06 19:22:55,254 - INFO - main - step 100: total_loss: 2274.841593017578, prompt_loss: 2271.941512451172, contrastive_loss: 1.2326808071136475
2026-06-06 19:23:12,180 - INFO - main - step 200: total_loss: 428.34954177856446, prompt_loss: 426.20541717529295, contrastive_loss: 1.261209774017334
2026-06-06 19:23:26,451 - INFO - main - step 300: total_loss: 184.6602402496338, prompt_loss: 182.73116409301758, contrastive_loss: 1.2828717672824859
2026-06-06 19:23:39,923 - INFO - main - step 400: total_loss: 106.35176208496094, prompt_loss: 104.41288757324219, contrastive_loss: 1.3026565492153168
2026-06-06 19:23:55,599 - INFO - main - step 500: total_loss: 70.35176219940186, prompt_loss: 68.40104629516601, contrastive_loss: 1.3079387867450714
2026-06-06 19:24:09,352 - INFO - main - step 600: total_loss: 49.809905166625974, prompt_loss: 47.84753051757812, contrastive_loss: 1.3161525273323058
2026-06-06 19:24:22,952 - INFO - main - step 700: total_loss: 35.037747135162356, prompt_loss: 33.069375877380374, contrastive_loss: 1.3280262744426727
2026-06-06 19:24:36,487 - INFO - main - step 800: total_loss: 25.965833892822264, prompt_loss: 23.97023021697998, contrastive_loss: 1.3386246836185456
2026-06-06 19:24:49,063 - INFO - main - step 900: total_loss: 20.009602003097534, prompt_loss: 18.02173662185669, contrastive_loss: 1.3439665889739991
2026-06-06 19:25:03,822 - INFO - main - step 1000: total_loss: 16.106658487319947, prompt_loss: 14.114122428894042, contrastive_loss: 1.3470114886760711
2026-06-06 19:25:03,823 - INFO - main - ###### Taking snapshot ######
2026-06-06 19:25:18,755 - INFO - main - step 1100: total_loss: 13.446858196258544, prompt_loss: 11.453126983642578, contrastive_loss: 1.3500606262683867
2026-06-06 19:25:34,148 - INFO - main - step 1200: total_loss: 11.390300540924072, prompt_loss: 9.394880790710449, contrastive_loss: 1.351500656604767
2026-06-06 19:25:48,122 - INFO - main - step 1300: total_loss: 9.708059244155884, prompt_loss: 7.701220960617065, contrastive_loss: 1.3583600473403932
2026-06-06 19:26:03,029 - INFO - main - step 1400: total_loss: 8.481571745872497, prompt_loss: 6.47413405418396, contrastive_loss: 1.361704865694046
2026-06-06 19:26:17,591 - INFO - main - step 1500: total_loss: 7.691124033927918, prompt_loss: 5.684327006340027, contrastive_loss: 1.3605850005149842
2026-06-06 19:26:31,212 - INFO - main - step 1600: total_loss: 7.1409262800216675, prompt_loss: 5.129029130935669, contrastive_loss: 1.359821274280548
2026-06-06 19:26:46,840 - INFO - main - step 1700: total_loss: 6.505895566940308, prompt_loss: 4.49535418510437, contrastive_loss: 1.3631262302398681
2026-06-06 19:27:01,680 - INFO - main - step 1800: total_loss: 6.108273577690125, prompt_loss: 4.082726376056671, contrastive_loss: 1.364139176607132
2026-06-06 19:27:15,171 - INFO - main - step 1900: total_loss: 5.877443532943726, prompt_loss: 3.8520451593399048, contrastive_loss: 1.365403882265091
2026-06-06 19:27:29,264 - INFO - main - step 2000: total_loss: 5.636673331260681, prompt_loss: 3.6081549596786497, contrastive_loss: 1.3592845249176024
2026-06-06 19:27:29,265 - INFO - main - ###### Taking snapshot ######
2026-06-06 19:27:40,243 - INFO - main - This is epoch "1" of "13" epochs.
2026-06-06 19:27:44,740 - INFO - main - step 2100: total_loss: 5.396620121002197, prompt_loss: 3.365632963180542, contrastive_loss: 1.3688138568401336
2026-06-06 19:27:57,555 - INFO - main - step 2200: total_loss: 5.189933123588562, prompt_loss: 3.169930622577667, contrastive_loss: 1.371886945962906
2026-06-06 19:28:10,755 - INFO - main - step 2300: total_loss: 5.074997172355652, prompt_loss: 3.0469589757919313, contrastive_loss: 1.3683938193321228
2026-06-06 19:28:27,921 - INFO - main - step 2400: total_loss: 5.0134086465835574, prompt_loss: 3.003101942539215, contrastive_loss: 1.3645265257358552
2026-06-06 19:28:43,901 - INFO - main - step 2500: total_loss: 4.874686496257782, prompt_loss: 2.849448177814484, contrastive_loss: 1.3708247458934784
2026-06-06 19:28:57,132 - INFO - main - step 2600: total_loss: 4.892395741939545, prompt_loss: 2.8800799298286437, contrastive_loss: 1.3689306211471557
2026-06-06 19:29:11,693 - INFO - main - step 2700: total_loss: 4.740511136054993, prompt_loss: 2.7205029904842375, contrastive_loss: 1.3680519044399262
2026-06-06 19:29:26,091 - INFO - main - step 2800: total_loss: 4.769063329696655, prompt_loss: 2.744109592437744, contrastive_loss: 1.3689234018325807
2026-06-06 19:29:39,992 - INFO - main - step 2900: total_loss: 4.65112060546875, prompt_loss: 2.631001943349838, contrastive_loss: 1.371744797229767
2026-06-06 19:29:53,879 - INFO - main - step 3000: total_loss: 4.6763089919090275, prompt_loss: 2.6558454620838163, contrastive_loss: 1.3677459561824798
2026-06-06 19:29:53,879 - INFO - main - ###### Taking snapshot ######
2026-06-06 19:30:07,455 - INFO - main - step 3100: total_loss: 4.645673170089721, prompt_loss: 2.629387102127075, contrastive_loss: 1.3727161228656768
2026-06-06 19:30:21,703 - INFO - main - step 3200: total_loss: 4.539416410923004, prompt_loss: 2.517720944881439, contrastive_loss: 1.3714039075374602
2026-06-06 19:30:36,651 - INFO - main - step 3300: total_loss: 4.580015847682953, prompt_loss: 2.56813511967659, contrastive_loss: 1.365659794807434
2026-06-06 19:30:51,847 - INFO - main - step 3400: total_loss: 4.486935195922851, prompt_loss: 2.466623216867447, contrastive_loss: 1.3704388010501862
2026-06-06 19:31:06,053 - INFO - main - step 3500: total_loss: 4.353288593292237, prompt_loss: 2.341570528745651, contrastive_loss: 1.3694231498241425
2026-06-06 19:31:22,190 - INFO - main - step 3600: total_loss: 4.487953195571899, prompt_loss: 2.4793704414367674, contrastive_loss: 1.3680950331687927
2026-06-06 19:31:37,055 - INFO - main - step 3700: total_loss: 4.415013809204101, prompt_loss: 2.401122316122055, contrastive_loss: 1.370634069442749
2026-06-06 19:31:52,197 - INFO - main - step 3800: total_loss: 4.419035923480988, prompt_loss: 2.4011962532997133, contrastive_loss: 1.3729359650611876
2026-06-06 19:32:05,799 - INFO - main - step 3900: total_loss: 4.3553525161743165, prompt_loss: 2.337397356033325, contrastive_loss: 1.3689589512348175
2026-06-06 19:32:21,019 - INFO - main - step 4000: total_loss: 4.392246119976043, prompt_loss: 2.3718092942237856, contrastive_loss: 1.365629016160965
2026-06-06 19:32:21,021 - INFO - main - ###### Taking snapshot ######
2026-06-06 19:32:36,601 - INFO - main - step 4100: total_loss: 4.427583930492401, prompt_loss: 2.4159655928611756, contrastive_loss: 1.3653630816936493
2026-06-06 19:32:45,152 - INFO - main - This is epoch "2" of "13" epochs.
2026-06-06 19:32:52,870 - INFO - main - step 4200: total_loss: 4.408851616382599, prompt_loss: 2.394078332185745, contrastive_loss: 1.3697505831718444
2026-06-06 19:33:07,101 - INFO - main - step 4300: total_loss: 4.425640394687653, prompt_loss: 2.4066223704814913, contrastive_loss: 1.368826379776001
2026-06-06 19:33:20,921 - INFO - main - step 4400: total_loss: 4.344821450710296, prompt_loss: 2.3347949957847596, contrastive_loss: 1.3671397519111634
2026-06-06 19:33:34,784 - INFO - main - step 4500: total_loss: 4.298645634651184, prompt_loss: 2.2875896525382995, contrastive_loss: 1.364976841211319
2026-06-06 19:33:49,033 - INFO - main - step 4600: total_loss: 4.363086667060852, prompt_loss: 2.351440227031708, contrastive_loss: 1.3672782731056214
2026-06-06 19:34:02,868 - INFO - main - step 4700: total_loss: 4.273888878822326, prompt_loss: 2.2608571553230288, contrastive_loss: 1.36779811501503
2026-06-06 19:34:16,630 - INFO - main - step 4800: total_loss: 4.227148323059082, prompt_loss: 2.2329630053043363, contrastive_loss: 1.3624684047698974
2026-06-06 19:34:31,385 - INFO - main - step 4900: total_loss: 4.243757281303406, prompt_loss: 2.2549231851100924, contrastive_loss: 1.3645615243911744
2026-06-06 19:34:48,169 - INFO - main - step 5000: total_loss: 4.281464533805847, prompt_loss: 2.2775167310237885, contrastive_loss: 1.3646447205543517
2026-06-06 19:34:48,170 - INFO - main - ###### Taking snapshot ######
2026-06-06 19:35:02,055 - INFO - main - step 5100: total_loss: 4.214515800476074, prompt_loss: 2.2067710328102113, contrastive_loss: 1.3643432533740998
2026-06-06 19:35:19,607 - INFO - main - step 5200: total_loss: 4.273553266525268, prompt_loss: 2.2874148046970366, contrastive_loss: 1.358216781616211
2026-06-06 19:35:34,390 - INFO - main - step 5300: total_loss: 4.260632934570313, prompt_loss: 2.2665306651592254, contrastive_loss: 1.362090550661087
2026-06-06 19:35:49,283 - INFO - main - step 5400: total_loss: 4.214163789749145, prompt_loss: 2.2203669440746308, contrastive_loss: 1.3601102006435395
2026-06-06 19:36:02,661 - INFO - main - step 5500: total_loss: 4.245510475635529, prompt_loss: 2.256724534034729, contrastive_loss: 1.3559917747974395
2026-06-06 19:36:16,180 - INFO - main - step 5600: total_loss: 4.206819713115692, prompt_loss: 2.2224362051486968, contrastive_loss: 1.3535300755500794
2026-06-06 19:36:29,264 - INFO - main - step 5700: total_loss: 4.142420938014984, prompt_loss: 2.149245585203171, contrastive_loss: 1.35240238904953
2026-06-06 19:36:44,310 - INFO - main - step 5800: total_loss: 4.106048197746277, prompt_loss: 2.1269365799427034, contrastive_loss: 1.349969607591629
2026-06-06 19:36:57,877 - INFO - main - step 5900: total_loss: 4.219620418548584, prompt_loss: 2.251184334754944, contrastive_loss: 1.3454786908626557
2026-06-06 19:37:12,302 - INFO - main - step 6000: total_loss: 4.19274952173233, prompt_loss: 2.2098534166812898, contrastive_loss: 1.3465727138519288
2026-06-06 19:37:12,302 - INFO - main - ###### Taking snapshot ######
2026-06-06 19:37:25,821 - INFO - main - step 6100: total_loss: 4.185111672878265, prompt_loss: 2.211471301317215, contrastive_loss: 1.3463587033748627
2026-06-06 19:37:39,202 - INFO - main - step 6200: total_loss: 4.180462429523468, prompt_loss: 2.213556514978409, contrastive_loss: 1.3472645211219787
2026-06-06 19:37:43,410 - INFO - main - This is epoch "3" of "13" epochs.
2026-06-06 19:37:54,319 - INFO - main - step 6300: total_loss: 4.1581640362739565, prompt_loss: 2.1867019748687744, contrastive_loss: 1.3422635388374329
2026-06-06 19:38:09,232 - INFO - main - step 6400: total_loss: 4.194844772815705, prompt_loss: 2.242756195068359, contrastive_loss: 1.335290743112564
2026-06-06 19:38:25,487 - INFO - main - step 6500: total_loss: 4.15198600769043, prompt_loss: 2.194661182165146, contrastive_loss: 1.3344873952865601
2026-06-06 19:38:40,529 - INFO - main - step 6600: total_loss: 4.214882643222809, prompt_loss: 2.266704844236374, contrastive_loss: 1.3309361159801483
2026-06-06 19:38:56,689 - INFO - main - step 6700: total_loss: 4.26228178024292, prompt_loss: 2.316755702495575, contrastive_loss: 1.3230471622943878
2026-06-06 19:39:10,048 - INFO - main - step 6800: total_loss: 4.202107391357422, prompt_loss: 2.258221707344055, contrastive_loss: 1.3267429840564728
2026-06-06 19:39:23,751 - INFO - main - step 6900: total_loss: 4.107885212898254, prompt_loss: 2.1904593098163603, contrastive_loss: 1.316958681344986
2026-06-06 19:39:38,390 - INFO - main - step 7000: total_loss: 4.156952397823334, prompt_loss: 2.2501266753673552, contrastive_loss: 1.30662375330925
2026-06-06 19:39:38,390 - INFO - main - ###### Taking snapshot ######
2026-06-06 19:39:56,214 - INFO - main - step 7100: total_loss: 4.176997876167297, prompt_loss: 2.2775580894947054, contrastive_loss: 1.299498062133789
2026-06-06 19:40:10,183 - INFO - main - step 7200: total_loss: 4.195710353851318, prompt_loss: 2.3049258017539977, contrastive_loss: 1.2962901878356934
2026-06-06 19:40:23,801 - INFO - main - step 7300: total_loss: 4.077503864765167, prompt_loss: 2.2095987403392794, contrastive_loss: 1.2814294302463531
2026-06-06 19:40:37,657 - INFO - main - step 7400: total_loss: 4.1051806902885435, prompt_loss: 2.2398301565647127, contrastive_loss: 1.2783910346031189
2026-06-06 19:40:50,817 - INFO - main - step 7500: total_loss: 4.055671713352203, prompt_loss: 2.2063292372226715, contrastive_loss: 1.259456228017807
2026-06-06 19:41:04,381 - INFO - main - step 7600: total_loss: 3.9919525885581972, prompt_loss: 2.157961287498474, contrastive_loss: 1.2438611698150634
2026-06-06 19:41:18,191 - INFO - main - step 7700: total_loss: 3.9933661007881165, prompt_loss: 2.1877461433410645, contrastive_loss: 1.2396849596500397
2026-06-06 19:41:32,299 - INFO - main - step 7800: total_loss: 3.9977264380455018, prompt_loss: 2.2056917428970335, contrastive_loss: 1.224385040998459
2026-06-06 19:41:46,228 - INFO - main - step 7900: total_loss: 3.959867525100708, prompt_loss: 2.193615264892578, contrastive_loss: 1.2001280605792999
2026-06-06 19:42:01,809 - INFO - main - step 8000: total_loss: 3.958215832710266, prompt_loss: 2.209222997426987, contrastive_loss: 1.188647540807724
2026-06-06 19:42:01,809 - INFO - main - ###### Taking snapshot ######
2026-06-06 19:42:16,980 - INFO - main - step 8100: total_loss: 3.935647485256195, prompt_loss: 2.2313996171951294, contrastive_loss: 1.1504079842567443
2026-06-06 19:42:31,956 - INFO - main - step 8200: total_loss: 3.8324414181709288, prompt_loss: 2.1596242666244505, contrastive_loss: 1.1393508756160735
2026-06-06 19:42:47,977 - INFO - main - step 8300: total_loss: 3.667656216621399, prompt_loss: 2.0588265931606293, contrastive_loss: 1.0959711372852325
2026-06-06 19:42:48,447 - INFO - main - This is epoch "4" of "13" epochs.
2026-06-06 19:43:04,448 - INFO - main - step 8400: total_loss: 3.5810738587379456, prompt_loss: 1.9783082342147826, contrastive_loss: 1.0731743013858794
2026-06-06 19:43:18,924 - INFO - main - step 8500: total_loss: 3.6383923959732054, prompt_loss: 2.05076483130455, contrastive_loss: 1.053723007440567
2026-06-06 19:43:32,607 - INFO - main - step 8600: total_loss: 3.4455356884002684, prompt_loss: 1.9324766778945923, contrastive_loss: 1.0108149343729018
2026-06-06 19:43:49,950 - INFO - main - step 8700: total_loss: 3.4063449025154116, prompt_loss: 1.9490110242366792, contrastive_loss: 0.9611789923906326
2026-06-06 19:44:04,932 - INFO - main - step 8800: total_loss: 3.338970329761505, prompt_loss: 1.879457165002823, contrastive_loss: 0.9444839578866958
2026-06-06 19:44:20,176 - INFO - main - step 8900: total_loss: 3.2627960419654847, prompt_loss: 1.8738224244117736, contrastive_loss: 0.8955563825368881
2026-06-06 19:44:34,858 - INFO - main - step 9000: total_loss: 3.3804488515853883, prompt_loss: 1.984242972135544, contrastive_loss: 0.8824112957715988
2026-06-06 19:44:34,858 - INFO - main - ###### Taking snapshot ######
2026-06-06 19:44:49,289 - INFO - main - step 9100: total_loss: 3.2998281216621397, prompt_loss: 1.958703269958496, contrastive_loss: 0.8376104110479354
2026-06-06 19:45:03,857 - INFO - main - step 9200: total_loss: 3.310166757106781, prompt_loss: 2.004367467164993, contrastive_loss: 0.8038419044017792
2026-06-06 19:45:17,801 - INFO - main - step 9300: total_loss: 3.3056706595420837, prompt_loss: 2.054857654571533, contrastive_loss: 0.7745274257659912
2026-06-06 19:45:33,090 - INFO - main - step 9400: total_loss: 3.208032236099243, prompt_loss: 2.008436815738678, contrastive_loss: 0.708356796503067
2026-06-06 19:45:47,030 - INFO - main - step 9500: total_loss: 3.1630361008644106, prompt_loss: 1.9796936464309693, contrastive_loss: 0.6816217383742332
2026-06-06 19:46:01,153 - INFO - main - step 9600: total_loss: 3.0108315074443817, prompt_loss: 1.9133772349357605, contrastive_loss: 0.6315720862150193
2026-06-06 19:46:15,899 - INFO - main - step 9700: total_loss: 3.1939912366867067, prompt_loss: 2.0652119386196137, contrastive_loss: 0.6342917564511299
2026-06-06 19:46:31,418 - INFO - main - step 9800: total_loss: 3.0559903216362, prompt_loss: 1.948390326499939, contrastive_loss: 0.6077167436480522
2026-06-06 19:46:46,407 - INFO - main - step 9900: total_loss: 3.056067554950714, prompt_loss: 1.984038587808609, contrastive_loss: 0.5807002785801888
2026-06-06 19:47:01,998 - INFO - main - step 10000: total_loss: 3.079314148426056, prompt_loss: 2.06072851061821, contrastive_loss: 0.5303808692097663
2026-06-06 19:47:01,998 - INFO - main - ###### Taking snapshot ######
2026-06-06 19:47:16,858 - INFO - main - step 10100: total_loss: 2.981983366012573, prompt_loss: 1.9420096695423126, contrastive_loss: 0.5335618275776506
2026-06-06 19:47:31,168 - INFO - main - step 10200: total_loss: 3.009170479774475, prompt_loss: 2.0033602011203766, contrastive_loss: 0.5228576406836509
2026-06-06 19:47:45,628 - INFO - main - step 10300: total_loss: 2.974007022380829, prompt_loss: 1.957363303899765, contrastive_loss: 0.5212986090779305
2026-06-06 19:47:57,250 - INFO - main - This is epoch "5" of "13" epochs.
2026-06-06 19:48:01,243 - INFO - main - step 10400: total_loss: 2.9346236562728882, prompt_loss: 1.9432359540462494, contrastive_loss: 0.5153908790647983
2026-06-06 19:48:15,756 - INFO - main - step 10500: total_loss: 2.9441770577430724, prompt_loss: 1.941777696609497, contrastive_loss: 0.49809020772576335
2026-06-06 19:48:30,954 - INFO - main - step 10600: total_loss: 2.9414672899246215, prompt_loss: 1.9693305969238282, contrastive_loss: 0.47307966008782387
2026-06-06 19:48:46,047 - INFO - main - step 10700: total_loss: 2.9170734763145445, prompt_loss: 1.9459312105178832, contrastive_loss: 0.4824962013959885
2026-06-06 19:49:00,857 - INFO - main - step 10800: total_loss: 2.9487856578826905, prompt_loss: 1.9686466550827026, contrastive_loss: 0.5112472830712795
2026-06-06 19:49:15,273 - INFO - main - step 10900: total_loss: 2.8471805489063264, prompt_loss: 1.9058281445503236, contrastive_loss: 0.44037187680602075
2026-06-06 19:49:29,159 - INFO - main - step 11000: total_loss: 2.9138304924964906, prompt_loss: 1.9635137367248534, contrastive_loss: 0.4861395062506199
2026-06-06 19:49:29,159 - INFO - main - ###### Taking snapshot ######
2026-06-06 19:49:44,808 - INFO - main - step 11100: total_loss: 2.894528682231903, prompt_loss: 1.9511218202114105, contrastive_loss: 0.4588908314704895
2026-06-06 19:49:58,644 - INFO - main - step 11200: total_loss: 2.8738665080070493, prompt_loss: 1.906664925813675, contrastive_loss: 0.4669737432897091
2026-06-06 19:50:12,333 - INFO - main - step 11300: total_loss: 2.819306582212448, prompt_loss: 1.9170283460617066, contrastive_loss: 0.4341269963607192
2026-06-06 19:50:26,977 - INFO - main - step 11400: total_loss: 2.868595678806305, prompt_loss: 1.9621921026706695, contrastive_loss: 0.4284484365582466
2026-06-06 19:50:42,592 - INFO - main - step 11500: total_loss: 2.8118904316425324, prompt_loss: 1.9235480427742004, contrastive_loss: 0.43696425661444666
2026-06-06 19:50:55,567 - INFO - main - step 11600: total_loss: 2.8719081449508668, prompt_loss: 1.9622506630420684, contrastive_loss: 0.4280762183666229
2026-06-06 19:51:10,192 - INFO - main - step 11700: total_loss: 2.8863685512542725, prompt_loss: 1.9576857459545136, contrastive_loss: 0.4546248318254948
2026-06-06 19:51:24,599 - INFO - main - step 11800: total_loss: 2.840454595088959, prompt_loss: 1.9263899302482606, contrastive_loss: 0.44841501362621783
2026-06-06 19:51:39,547 - INFO - main - step 11900: total_loss: 2.8350394880771637, prompt_loss: 1.9311939096450805, contrastive_loss: 0.42074528224766256
2026-06-06 19:51:56,154 - INFO - main - step 12000: total_loss: 2.859624972343445, prompt_loss: 1.9765203416347503, contrastive_loss: 0.4186610569059849
2026-06-06 19:51:56,154 - INFO - main - ###### Taking snapshot ######
2026-06-06 19:52:09,489 - INFO - main - step 12100: total_loss: 2.844641537666321, prompt_loss: 1.9377326846122742, contrastive_loss: 0.43591382548213004
2026-06-06 19:52:23,837 - INFO - main - step 12200: total_loss: 2.7599480819702147, prompt_loss: 1.8796587431430816, contrastive_loss: 0.40569868370890616
2026-06-06 19:52:36,855 - INFO - main - step 12300: total_loss: 2.8999887013435366, prompt_loss: 1.9837942051887512, contrastive_loss: 0.43249529495835304
2026-06-06 19:52:51,313 - INFO - main - step 12400: total_loss: 2.8957079005241395, prompt_loss: 1.9770454108715056, contrastive_loss: 0.4327696716040373
2026-06-06 19:53:01,879 - INFO - main - This is epoch "6" of "13" epochs.
2026-06-06 19:53:08,836 - INFO - main - step 12500: total_loss: 2.7093750476837157, prompt_loss: 1.8278395116329194, contrastive_loss: 0.42196100525557995
2026-06-06 19:53:24,450 - INFO - main - step 12600: total_loss: 2.8801519691944124, prompt_loss: 1.9882547235488892, contrastive_loss: 0.41515338893979786
2026-06-06 19:53:37,723 - INFO - main - step 12700: total_loss: 2.8318975281715395, prompt_loss: 1.959016261100769, contrastive_loss: 0.4120065937191248
2026-06-06 19:53:53,627 - INFO - main - step 12800: total_loss: 2.830958629846573, prompt_loss: 1.965562380552292, contrastive_loss: 0.4178493782132864
2026-06-06 19:54:08,085 - INFO - main - step 12900: total_loss: 2.7706716370582583, prompt_loss: 1.9243022763729096, contrastive_loss: 0.4031975214928389
2026-06-06 19:54:21,667 - INFO - main - step 13000: total_loss: 2.8205340552330016, prompt_loss: 1.9446930956840516, contrastive_loss: 0.4099467040318996
2026-06-06 19:54:21,667 - INFO - main - ###### Taking snapshot ######
2026-06-06 19:54:36,315 - INFO - main - step 13100: total_loss: 2.857123588323593, prompt_loss: 1.9798967623710633, contrastive_loss: 0.3966128442622721
2026-06-06 19:54:52,579 - INFO - main - step 13200: total_loss: 2.880283706188202, prompt_loss: 1.9821093153953553, contrastive_loss: 0.43933062970638276
2026-06-06 19:55:05,150 - INFO - main - step 13300: total_loss: 2.755738661289215, prompt_loss: 1.9002550840377808, contrastive_loss: 0.40381009060889483
2026-06-06 19:55:18,211 - INFO - main - step 13400: total_loss: 2.8302113115787506, prompt_loss: 1.9685579884052276, contrastive_loss: 0.3929914539679885
2026-06-06 19:55:32,483 - INFO - main - step 13500: total_loss: 2.7683132994174957, prompt_loss: 1.9454620170593262, contrastive_loss: 0.36693470951169727
2026-06-06 19:55:47,338 - INFO - main - step 13600: total_loss: 2.673217749595642, prompt_loss: 1.8413689589500428, contrastive_loss: 0.3891412147507072
2026-06-06 19:56:00,251 - INFO - main - step 13700: total_loss: 2.7474110281467437, prompt_loss: 1.8819680416584015, contrastive_loss: 0.4169766594469547
2026-06-06 19:56:15,758 - INFO - main - step 13800: total_loss: 2.7135242295265196, prompt_loss: 1.8716848397254944, contrastive_loss: 0.39340962149202824
2026-06-06 19:56:29,315 - INFO - main - step 13900: total_loss: 2.8029555654525757, prompt_loss: 1.9679503524303437, contrastive_loss: 0.3833994835615158
2026-06-06 19:56:43,163 - INFO - main - step 14000: total_loss: 2.8064099037647248, prompt_loss: 1.9457979929447173, contrastive_loss: 0.396706932336092
2026-06-06 19:56:43,163 - INFO - main - ###### Taking snapshot ######
2026-06-06 19:56:57,239 - INFO - main - step 14100: total_loss: 2.793589540719986, prompt_loss: 1.919916363954544, contrastive_loss: 0.4050403006374836
2026-06-06 19:57:11,814 - INFO - main - step 14200: total_loss: 2.74286389708519, prompt_loss: 1.9058365750312805, contrastive_loss: 0.3870382902398706
2026-06-06 19:57:27,392 - INFO - main - step 14300: total_loss: 2.8835400986671447, prompt_loss: 2.0397473776340487, contrastive_loss: 0.39259140521287916
2026-06-06 19:57:42,900 - INFO - main - step 14400: total_loss: 2.7386051452159883, prompt_loss: 1.91382994055748, contrastive_loss: 0.3892646848561708
2026-06-06 19:57:57,873 - INFO - main - step 14500: total_loss: 2.7730761480331423, prompt_loss: 1.91373428940773, contrastive_loss: 0.40217894554138184
2026-06-06 19:58:03,557 - INFO - main - This is epoch "7" of "13" epochs.
2026-06-06 19:58:14,793 - INFO - main - step 14600: total_loss: 2.781736351251602, prompt_loss: 1.9540388798713684, contrastive_loss: 0.38120555959641933
2026-06-06 19:58:28,460 - INFO - main - step 14700: total_loss: 2.7334743976593017, prompt_loss: 1.9151538300514221, contrastive_loss: 0.36009116787463424
2026-06-06 19:58:43,037 - INFO - main - step 14800: total_loss: 2.805523135662079, prompt_loss: 1.952662433385849, contrastive_loss: 0.40963403865695
2026-06-06 19:58:57,869 - INFO - main - step 14900: total_loss: 2.749225151538849, prompt_loss: 1.9129261350631714, contrastive_loss: 0.3729092355445027
2026-06-06 19:59:13,778 - INFO - main - step 15000: total_loss: 2.7716342401504517, prompt_loss: 1.9077572333812713, contrastive_loss: 0.3991969978203997
2026-06-06 19:59:13,778 - INFO - main - ###### Taking snapshot ######
2026-06-06 19:59:28,184 - INFO - main - step 15100: total_loss: 2.7977355241775514, prompt_loss: 1.9647825419902802, contrastive_loss: 0.3849020394170657
2026-06-06 19:59:41,537 - INFO - main - step 15200: total_loss: 2.7203088533878326, prompt_loss: 1.901826535463333, contrastive_loss: 0.3700913183391094
2026-06-06 19:59:56,018 - INFO - main - step 15300: total_loss: 2.776891964673996, prompt_loss: 1.9448644864559173, contrastive_loss: 0.396368898563087
2026-06-06 20:00:10,039 - INFO - main - step 15400: total_loss: 2.658749109506607, prompt_loss: 1.8159661531448363, contrastive_loss: 0.3927000793814659
2026-06-06 20:00:25,597 - INFO - main - step 15500: total_loss: 2.7332441914081573, prompt_loss: 1.8983365952968598, contrastive_loss: 0.3958999693207443
2026-06-06 20:00:39,007 - INFO - main - step 15600: total_loss: 2.7940353536605835, prompt_loss: 1.9475012505054474, contrastive_loss: 0.40198372524231674
2026-06-06 20:00:52,560 - INFO - main - step 15700: total_loss: 2.742631733417511, prompt_loss: 1.907874675989151, contrastive_loss: 0.3897236982733011
2026-06-06 20:01:07,778 - INFO - main - step 15800: total_loss: 2.7374861216545106, prompt_loss: 1.904808349609375, contrastive_loss: 0.3880819152481854
2026-06-06 20:01:21,673 - INFO - main - step 15900: total_loss: 2.682380892038345, prompt_loss: 1.903348195552826, contrastive_loss: 0.338655916787684
2026-06-06 20:01:35,465 - INFO - main - step 16000: total_loss: 2.6918491494655608, prompt_loss: 1.876898787021637, contrastive_loss: 0.3672659457102418
2026-06-06 20:01:35,465 - INFO - main - ###### Taking snapshot ######
2026-06-06 20:01:49,502 - INFO - main - step 16100: total_loss: 2.8366074955463407, prompt_loss: 1.9835194969177246, contrastive_loss: 0.38819408083334567
2026-06-06 20:02:04,913 - INFO - main - step 16200: total_loss: 2.6681522452831268, prompt_loss: 1.8665451717376709, contrastive_loss: 0.3719780943915248
2026-06-06 20:02:19,502 - INFO - main - step 16300: total_loss: 2.611848784685135, prompt_loss: 1.843238719701767, contrastive_loss: 0.36748272329219617
2026-06-06 20:02:34,522 - INFO - main - step 16400: total_loss: 2.6487589502334594, prompt_loss: 1.8732691168785096, contrastive_loss: 0.36276042146608234
2026-06-06 20:02:48,371 - INFO - main - step 16500: total_loss: 2.703796352148056, prompt_loss: 1.9192720711231233, contrastive_loss: 0.35431535420008003
2026-06-06 20:03:04,410 - INFO - main - step 16600: total_loss: 2.692454563379288, prompt_loss: 1.880082633495331, contrastive_loss: 0.3754889524355531
2026-06-06 20:03:05,310 - INFO - main - This is epoch "8" of "13" epochs.
2026-06-06 20:03:19,886 - INFO - main - step 16700: total_loss: 2.7062936544418337, prompt_loss: 1.906769276857376, contrastive_loss: 0.36148769050836566
2026-06-06 20:03:32,903 - INFO - main - step 16800: total_loss: 2.6833404791355133, prompt_loss: 1.8723428130149842, contrastive_loss: 0.3765301201120019
2026-06-06 20:03:48,756 - INFO - main - step 16900: total_loss: 2.7026488363742827, prompt_loss: 1.9187579703330995, contrastive_loss: 0.354873515968211
2026-06-06 20:04:02,163 - INFO - main - step 17000: total_loss: 2.63864456653595, prompt_loss: 1.856460736989975, contrastive_loss: 0.36432287288829684
2026-06-06 20:04:02,163 - INFO - main - ###### Taking snapshot ######
2026-06-06 20:04:15,932 - INFO - main - step 17100: total_loss: 2.691768254041672, prompt_loss: 1.883687995672226, contrastive_loss: 0.3654397826595232
2026-06-06 20:04:30,426 - INFO - main - step 17200: total_loss: 2.6185671818256377, prompt_loss: 1.848144392967224, contrastive_loss: 0.3518684584129369
2026-06-06 20:04:45,766 - INFO - main - step 17300: total_loss: 2.67861114859581, prompt_loss: 1.8837592256069184, contrastive_loss: 0.3664757002983242
2026-06-06 20:05:01,642 - INFO - main - step 17400: total_loss: 2.638043222427368, prompt_loss: 1.8425008034706116, contrastive_loss: 0.3725220881588757
2026-06-06 20:05:15,200 - INFO - main - step 17500: total_loss: 2.744217211008072, prompt_loss: 1.9324905061721802, contrastive_loss: 0.3706264049001038
2026-06-06 20:05:29,336 - INFO - main - step 17600: total_loss: 2.6669621515274047, prompt_loss: 1.9052815675735473, contrastive_loss: 0.3480015975958668
2026-06-06 20:05:44,493 - INFO - main - step 17700: total_loss: 2.6677145636081696, prompt_loss: 1.8754158663749694, contrastive_loss: 0.37545989140868186
2026-06-06 20:05:58,743 - INFO - main - step 17800: total_loss: 2.6989341151714323, prompt_loss: 1.8868329274654387, contrastive_loss: 0.3753901414200664
2026-06-06 20:06:11,630 - INFO - main - step 17900: total_loss: 2.6974120283126832, prompt_loss: 1.926202549934387, contrastive_loss: 0.34245867930352686
2026-06-06 20:06:25,160 - INFO - main - step 18000: total_loss: 2.6686552107334136, prompt_loss: 1.8913542699813843, contrastive_loss: 0.36883869841694833
2026-06-06 20:06:25,160 - INFO - main - ###### Taking snapshot ######
2026-06-06 20:06:39,065 - INFO - main - step 18100: total_loss: 2.7723804938793184, prompt_loss: 1.9682125008106233, contrastive_loss: 0.36479557207785546
2026-06-06 20:06:55,213 - INFO - main - step 18200: total_loss: 2.75746463060379, prompt_loss: 1.9694236087799073, contrastive_loss: 0.35862362023442984
2026-06-06 20:07:09,551 - INFO - main - step 18300: total_loss: 2.6682247591018675, prompt_loss: 1.8720712292194366, contrastive_loss: 0.36388974433764815
2026-06-06 20:07:23,509 - INFO - main - step 18400: total_loss: 2.679680885076523, prompt_loss: 1.8783625507354735, contrastive_loss: 0.37131908825133
2026-06-06 20:07:40,347 - INFO - main - step 18500: total_loss: 2.6602987313270567, prompt_loss: 1.891390815973282, contrastive_loss: 0.35627335594035686
2026-06-06 20:07:55,529 - INFO - main - step 18600: total_loss: 2.7144961440563202, prompt_loss: 1.9287505149841309, contrastive_loss: 0.3644443356245756
2026-06-06 20:08:07,952 - INFO - main - This is epoch "9" of "13" epochs.
2026-06-06 20:08:11,754 - INFO - main - step 18700: total_loss: 2.6242086458206177, prompt_loss: 1.852483422756195, contrastive_loss: 0.3484794181678444
2026-06-06 20:08:27,410 - INFO - main - step 18800: total_loss: 2.6337226212024687, prompt_loss: 1.8748642325401306, contrastive_loss: 0.35424092087429015
2026-06-06 20:08:42,380 - INFO - main - step 18900: total_loss: 2.75727418422699, prompt_loss: 1.9169523870944978, contrastive_loss: 0.38833160020411017
2026-06-06 20:08:56,962 - INFO - main - step 19000: total_loss: 2.738397618532181, prompt_loss: 1.932721415758133, contrastive_loss: 0.3636366153974086
2026-06-06 20:08:56,962 - INFO - main - ###### Taking snapshot ######
2026-06-06 20:09:11,939 - INFO - main - step 19100: total_loss: 2.681816875934601, prompt_loss: 1.8969638931751251, contrastive_loss: 0.3606508545204997
2026-06-06 20:09:27,546 - INFO - main - step 19200: total_loss: 2.676770067214966, prompt_loss: 1.8613218188285827, contrastive_loss: 0.3831767603149638
2026-06-06 20:09:43,023 - INFO - main - step 19300: total_loss: 2.672302407026291, prompt_loss: 1.8949577116966247, contrastive_loss: 0.356302680131048
2026-06-06 20:09:57,044 - INFO - main - step 19400: total_loss: 2.6326942121982575, prompt_loss: 1.8857357132434844, contrastive_loss: 0.34658047948032616
2026-06-06 20:10:10,479 - INFO - main - step 19500: total_loss: 2.6969796895980833, prompt_loss: 1.92010063290596, contrastive_loss: 0.35554796071723105
2026-06-06 20:10:26,596 - INFO - main - step 19600: total_loss: 2.6978338849544525, prompt_loss: 1.9116487514972687, contrastive_loss: 0.3735149895120412
2026-06-06 20:10:41,053 - INFO - main - step 19700: total_loss: 2.6591051661968232, prompt_loss: 1.8821416902542114, contrastive_loss: 0.35376942455768584
2026-06-06 20:10:58,171 - INFO - main - step 19800: total_loss: 2.618667838573456, prompt_loss: 1.8469799053668976, contrastive_loss: 0.37130290320143106
2026-06-06 20:11:13,166 - INFO - main - step 19900: total_loss: 2.6110312473773956, prompt_loss: 1.8393380916118622, contrastive_loss: 0.36174637885764244
2026-06-06 20:11:26,925 - INFO - main - step 20000: total_loss: 2.667920479774475, prompt_loss: 1.9342736780643464, contrastive_loss: 0.36330810125917196
2026-06-06 20:11:26,925 - INFO - main - ###### Taking snapshot ######
2026-06-06 20:11:43,236 - INFO - main - step 20100: total_loss: 2.708153545856476, prompt_loss: 1.913851898908615, contrastive_loss: 0.3787169802933931
2026-06-06 20:11:59,552 - INFO - main - step 20200: total_loss: 2.6843288886547088, prompt_loss: 1.9121552085876465, contrastive_loss: 0.3609793109819293
2026-06-06 20:12:15,628 - INFO - main - step 20300: total_loss: 2.642616842985153, prompt_loss: 1.915099573135376, contrastive_loss: 0.3389509465545416
2026-06-06 20:12:29,660 - INFO - main - step 20400: total_loss: 2.6422688829898835, prompt_loss: 1.9004599893093108, contrastive_loss: 0.3483040435091243
2026-06-06 20:12:43,404 - INFO - main - step 20500: total_loss: 2.758630850315094, prompt_loss: 1.9579755997657775, contrastive_loss: 0.37989493055269125
2026-06-06 20:12:57,687 - INFO - main - step 20600: total_loss: 2.6755271124839783, prompt_loss: 1.9261006891727448, contrastive_loss: 0.3433485934394412
2026-06-06 20:13:12,946 - INFO - main - step 20700: total_loss: 2.6502194464206696, prompt_loss: 1.8920920157432557, contrastive_loss: 0.34529036305844785
2026-06-06 20:13:22,612 - INFO - main - This is epoch "10" of "13" epochs.
2026-06-06 20:13:30,820 - INFO - main - step 20800: total_loss: 2.7903184735774995, prompt_loss: 2.021762560606003, contrastive_loss: 0.3506724166730419
2026-06-06 20:13:45,881 - INFO - main - step 20900: total_loss: 2.6624183118343354, prompt_loss: 1.88529421210289, contrastive_loss: 0.36813761612749657
2026-06-06 20:14:01,355 - INFO - main - step 21000: total_loss: 2.8047833478450777, prompt_loss: 2.0061576628684996, contrastive_loss: 0.36949933379888533
2026-06-06 20:14:01,355 - INFO - main - ###### Taking snapshot ######
2026-06-06 20:14:16,342 - INFO - main - step 21100: total_loss: 2.64484415769577, prompt_loss: 1.8885933542251587, contrastive_loss: 0.37345205508172513
2026-06-06 20:14:31,419 - INFO - main - step 21200: total_loss: 2.578682143688202, prompt_loss: 1.8673105597496034, contrastive_loss: 0.32246546815149485
2026-06-06 20:14:46,932 - INFO - main - step 21300: total_loss: 2.588291784524918, prompt_loss: 1.8693780148029326, contrastive_loss: 0.3392111642472446
2026-06-06 20:15:01,029 - INFO - main - step 21400: total_loss: 2.566367510557175, prompt_loss: 1.8496524918079376, contrastive_loss: 0.3356389391934499
2026-06-06 20:15:16,521 - INFO - main - step 21500: total_loss: 2.6744748413562776, prompt_loss: 1.9156543695926667, contrastive_loss: 0.3485759396711364
2026-06-06 20:15:31,397 - INFO - main - step 21600: total_loss: 2.666333215236664, prompt_loss: 1.9268405151367187, contrastive_loss: 0.36309896028600636
2026-06-06 20:15:47,179 - INFO - main - step 21700: total_loss: 2.711502813100815, prompt_loss: 1.9228516805171967, contrastive_loss: 0.3832378683052957
2026-06-06 20:16:01,591 - INFO - main - step 21800: total_loss: 2.6469999492168426, prompt_loss: 1.8843597173690796, contrastive_loss: 0.36128363049123435
2026-06-06 20:16:16,883 - INFO - main - step 21900: total_loss: 2.6053051233291624, prompt_loss: 1.8884597218036652, contrastive_loss: 0.3323162720259279
2026-06-06 20:16:31,302 - INFO - main - step 22000: total_loss: 2.6863177835941316, prompt_loss: 1.9393411135673524, contrastive_loss: 0.33810444914735854
2026-06-06 20:16:31,302 - INFO - main - ###### Taking snapshot ######
2026-06-06 20:16:45,490 - INFO - main - step 22100: total_loss: 2.6625103414058686, prompt_loss: 1.9334608101844788, contrastive_loss: 0.3527153205452487
2026-06-06 20:17:01,981 - INFO - main - step 22200: total_loss: 2.631705869436264, prompt_loss: 1.9066349506378173, contrastive_loss: 0.3405492421169765
2026-06-06 20:17:16,465 - INFO - main - step 22300: total_loss: 2.6812728333473204, prompt_loss: 1.9352275395393372, contrastive_loss: 0.3351948647014797
2026-06-06 20:17:29,813 - INFO - main - step 22400: total_loss: 2.6936801612377166, prompt_loss: 1.936089299917221, contrastive_loss: 0.36725662800949066
2026-06-06 20:17:42,693 - INFO - main - step 22500: total_loss: 2.7002059280872346, prompt_loss: 1.95177011013031, contrastive_loss: 0.37065830584615467
2026-06-06 20:17:58,432 - INFO - main - step 22600: total_loss: 2.7677111518383026, prompt_loss: 1.97757585644722, contrastive_loss: 0.3700932793878019
2026-06-06 20:18:14,389 - INFO - main - step 22700: total_loss: 2.718458191156387, prompt_loss: 1.9476820123195648, contrastive_loss: 0.36639814305119217
2026-06-06 20:18:29,182 - INFO - main - step 22800: total_loss: 2.6306740891933442, prompt_loss: 1.8798667633533477, contrastive_loss: 0.34029577240115033
2026-06-06 20:18:34,168 - INFO - main - This is epoch "11" of "13" epochs.
2026-06-06 20:18:43,840 - INFO - main - step 22900: total_loss: 2.579386233091354, prompt_loss: 1.8479742658138276, contrastive_loss: 0.3431384900584817
2026-06-06 20:19:01,202 - INFO - main - step 23000: total_loss: 2.5034597432613372, prompt_loss: 1.8347992777824402, contrastive_loss: 0.2880236039869487
2026-06-06 20:19:01,202 - INFO - main - ###### Taking snapshot ######
2026-06-06 20:19:17,455 - INFO - main - step 23100: total_loss: 2.7047282552719114, prompt_loss: 1.9411494278907775, contrastive_loss: 0.3600104553997517
2026-06-06 20:19:32,711 - INFO - main - step 23200: total_loss: 2.733081910610199, prompt_loss: 1.9666197037696838, contrastive_loss: 0.3705473692866508
2026-06-06 20:19:46,477 - INFO - main - step 23300: total_loss: 2.6723934674263, prompt_loss: 1.9269040870666503, contrastive_loss: 0.35465833929367363
2026-06-06 20:19:59,410 - INFO - main - step 23400: total_loss: 2.6456055426597596, prompt_loss: 1.934980183839798, contrastive_loss: 0.3414775928296149
2026-06-06 20:20:14,996 - INFO - main - step 23500: total_loss: 2.6484186565876007, prompt_loss: 1.880719908475876, contrastive_loss: 0.3615426013618708
2026-06-06 20:20:29,526 - INFO - main - step 23600: total_loss: 2.6178560721874238, prompt_loss: 1.9000462520122527, contrastive_loss: 0.33836287310346963
2026-06-06 20:20:44,050 - INFO - main - step 23700: total_loss: 2.607784827947617, prompt_loss: 1.894811919927597, contrastive_loss: 0.3204945147642866
2026-06-06 20:20:59,913 - INFO - main - step 23800: total_loss: 2.6019497895240784, prompt_loss: 1.8996515691280365, contrastive_loss: 0.32735934961587193
2026-06-06 20:21:14,510 - INFO - main - step 23900: total_loss: 2.709150819778442, prompt_loss: 1.9781670272350311, contrastive_loss: 0.33725133843719957
2026-06-06 20:21:28,623 - INFO - main - step 24000: total_loss: 2.6083532679080963, prompt_loss: 1.9371573889255524, contrastive_loss: 0.30580097150057556
2026-06-06 20:21:28,623 - INFO - main - ###### Taking snapshot ######
2026-06-06 20:21:42,910 - INFO - main - step 24100: total_loss: 2.693605291843414, prompt_loss: 1.9380602443218231, contrastive_loss: 0.3681429274380207
2026-06-06 20:21:58,363 - INFO - main - step 24200: total_loss: 2.6957609701156615, prompt_loss: 1.9585266566276551, contrastive_loss: 0.35566117845475675
2026-06-06 20:22:12,861 - INFO - main - step 24300: total_loss: 2.682259610891342, prompt_loss: 1.9306901359558106, contrastive_loss: 0.35479919688776135
2026-06-06 20:22:28,680 - INFO - main - step 24400: total_loss: 2.5421453666687013, prompt_loss: 1.844205014705658, contrastive_loss: 0.33307624466717245
2026-06-06 20:22:43,996 - INFO - main - step 24500: total_loss: 2.6983037507534027, prompt_loss: 1.9628426504135132, contrastive_loss: 0.34909837394952775
2026-06-06 20:22:58,966 - INFO - main - step 24600: total_loss: 2.618967399597168, prompt_loss: 1.8993933129310607, contrastive_loss: 0.35049374100752173
2026-06-06 20:23:12,610 - INFO - main - step 24700: total_loss: 2.5980311024188993, prompt_loss: 1.8808510243892669, contrastive_loss: 0.3494961190223694
2026-06-06 20:23:26,101 - INFO - main - step 24800: total_loss: 2.6873329949378966, prompt_loss: 1.97743234872818, contrastive_loss: 0.3242461060248752
2026-06-06 20:23:40,851 - INFO - main - step 24900: total_loss: 2.6278067445755005, prompt_loss: 1.9252481651306153, contrastive_loss: 0.3275360121577978
2026-06-06 20:23:43,096 - INFO - main - This is epoch "12" of "13" epochs.
2026-06-06 20:23:55,818 - INFO - main - step 25000: total_loss: 2.6917768704891203, prompt_loss: 1.9601574385166167, contrastive_loss: 0.3576846452057362
2026-06-06 20:23:55,818 - INFO - main - ###### Taking snapshot ######
2026-06-06 20:24:12,274 - INFO - main - step 25100: total_loss: 2.6674327754974367, prompt_loss: 1.955541088581085, contrastive_loss: 0.35442555791698394
2026-06-06 20:24:27,484 - INFO - main - step 25200: total_loss: 2.6796176743507387, prompt_loss: 1.9213472676277161, contrastive_loss: 0.3602860302850604
2026-06-06 20:24:41,789 - INFO - main - step 25300: total_loss: 2.7241776633262633, prompt_loss: 1.9708563780784607, contrastive_loss: 0.36370284790173174
2026-06-06 20:24:56,016 - INFO - main - step 25400: total_loss: 2.8486224365234376, prompt_loss: 2.127925844192505, contrastive_loss: 0.3430469071416883
2026-06-06 20:25:08,735 - INFO - main - step 25500: total_loss: 2.651388136148453, prompt_loss: 1.9480943477153778, contrastive_loss: 0.33298982301726937
2026-06-06 20:25:22,580 - INFO - main - step 25600: total_loss: 2.6357002449035645, prompt_loss: 1.9213986790180206, contrastive_loss: 0.3303949622064829
2026-06-06 20:25:39,016 - INFO - main - step 25700: total_loss: 2.6166863548755646, prompt_loss: 1.8963444483280183, contrastive_loss: 0.3353312659426592
2026-06-06 20:25:53,958 - INFO - main - step 25800: total_loss: 2.595062881708145, prompt_loss: 1.9068759500980377, contrastive_loss: 0.3312070363992825
2026-06-06 20:26:08,312 - INFO - main - step 25900: total_loss: 2.599028780460358, prompt_loss: 1.9053955554962159, contrastive_loss: 0.3161107419244945
2026-06-06 20:26:23,666 - INFO - main - step 26000: total_loss: 2.6242885887622833, prompt_loss: 1.9208042287826539, contrastive_loss: 0.3343715360900387
2026-06-06 20:26:23,666 - INFO - main - ###### Taking snapshot ######
2026-06-06 20:26:37,967 - INFO - main - step 26100: total_loss: 2.6198655581474304, prompt_loss: 1.8843613290786743, contrastive_loss: 0.3515376990009099
2026-06-06 20:26:53,148 - INFO - main - step 26200: total_loss: 2.63402028799057, prompt_loss: 1.9133029687404632, contrastive_loss: 0.35481386780738833
2026-06-06 20:27:07,207 - INFO - main - step 26300: total_loss: 2.669684990644455, prompt_loss: 1.949493898153305, contrastive_loss: 0.3590837335959077
2026-06-06 20:27:23,226 - INFO - main - step 26400: total_loss: 2.5836380171775817, prompt_loss: 1.8501041102409364, contrastive_loss: 0.34140183493494985
2026-06-06 20:27:37,243 - INFO - main - step 26500: total_loss: 2.6389022672176363, prompt_loss: 1.9476256251335144, contrastive_loss: 0.33391260530799627
2026-06-06 20:27:52,394 - INFO - main - step 26600: total_loss: 2.609752894639969, prompt_loss: 1.8846878707408905, contrastive_loss: 0.36681072421371935
2026-06-06 20:28:06,807 - INFO - main - step 26700: total_loss: 2.5938410222530366, prompt_loss: 1.9010908043384551, contrastive_loss: 0.32286727300845086
2026-06-06 20:28:21,358 - INFO - main - step 26800: total_loss: 2.6764305090904235, prompt_loss: 1.9811903882026671, contrastive_loss: 0.3197676108032465
2026-06-06 20:28:35,607 - INFO - main - step 26900: total_loss: 2.565777714252472, prompt_loss: 1.9013551008701324, contrastive_loss: 0.3158332177251577
2026-06-06 20:28:47,547 - INFO - main - End of training.
