2026-06-06 12:03:55,781 - INFO - main - Run "train_isic_setting1_cv1" with ID "3"
2026-06-06 12:03:55,965 - INFO - main - Create model...
2026-06-06 12:03:57,017 - INFO - main - Set optimizer...
2026-06-06 12:03:57,019 - INFO - main - Load data...
2026-06-06 12:03:57,025 - INFO - main - Start training...
2026-06-06 12:03:57,025 - INFO - main - This is epoch "0" of "19" epochs.
2026-06-06 12:04:34,013 - INFO - main - step 100: total_loss: 2283.5461267089845, prompt_loss: 2280.5503265380858, contrastive_loss: 1.2325719392299652
2026-06-06 12:04:49,383 - INFO - main - step 200: total_loss: 429.64370208740235, prompt_loss: 427.5046690368652, contrastive_loss: 1.2562255918979646
2026-06-06 12:05:05,467 - INFO - main - step 300: total_loss: 186.62433052062988, prompt_loss: 184.69373054504393, contrastive_loss: 1.2809920072555543
2026-06-06 12:05:19,962 - INFO - main - step 400: total_loss: 108.51747886657715, prompt_loss: 106.5930771636963, contrastive_loss: 1.296200203895569
2026-06-06 12:05:32,661 - INFO - main - step 500: total_loss: 68.66101829528809, prompt_loss: 66.69265930175781, contrastive_loss: 1.320400013923645
2026-06-06 12:05:46,672 - INFO - main - step 600: total_loss: 49.03505363464355, prompt_loss: 47.076658935546874, contrastive_loss: 1.3182940697669983
2026-06-06 12:06:00,835 - INFO - main - step 700: total_loss: 35.40483695983887, prompt_loss: 33.42913503646851, contrastive_loss: 1.330905121564865
2026-06-06 12:06:17,067 - INFO - main - step 800: total_loss: 26.48170177459717, prompt_loss: 24.497910385131835, contrastive_loss: 1.331717050075531
2026-06-06 12:06:32,269 - INFO - main - step 900: total_loss: 20.75346279144287, prompt_loss: 18.772737216949462, contrastive_loss: 1.3408399665355681
2026-06-06 12:06:47,277 - INFO - main - step 1000: total_loss: 16.51800271987915, prompt_loss: 14.536562652587891, contrastive_loss: 1.3447546195983886
2026-06-06 12:06:47,278 - INFO - main - ###### Taking snapshot ######
2026-06-06 12:07:02,869 - INFO - main - step 1100: total_loss: 13.74097544670105, prompt_loss: 11.742667331695557, contrastive_loss: 1.3454469072818755
2026-06-06 12:07:18,076 - INFO - main - step 1200: total_loss: 11.30109022140503, prompt_loss: 9.300603909492493, contrastive_loss: 1.3521873724460602
2026-06-06 12:07:32,466 - INFO - main - step 1300: total_loss: 9.858929529190064, prompt_loss: 7.856764464378357, contrastive_loss: 1.3551695990562438
2026-06-06 12:07:48,298 - INFO - main - step 1400: total_loss: 8.62906334400177, prompt_loss: 6.610049610137939, contrastive_loss: 1.358233939409256
2026-06-06 12:08:01,470 - INFO - main - step 1500: total_loss: 7.852910060882568, prompt_loss: 5.841016421318054, contrastive_loss: 1.3564582300186157
2026-06-06 12:08:15,833 - INFO - main - step 1600: total_loss: 7.087556943893433, prompt_loss: 5.096384320259094, contrastive_loss: 1.358079136610031
2026-06-06 12:08:30,323 - INFO - main - step 1700: total_loss: 6.4610426187515255, prompt_loss: 4.45447916507721, contrastive_loss: 1.3620403563976289
2026-06-06 12:08:44,882 - INFO - main - step 1800: total_loss: 6.189665503501892, prompt_loss: 4.182721147537231, contrastive_loss: 1.3607489216327666
2026-06-06 12:08:58,614 - INFO - main - step 1900: total_loss: 5.752491436004639, prompt_loss: 3.738937141895294, contrastive_loss: 1.3653293395042418
2026-06-06 12:09:13,262 - INFO - main - step 2000: total_loss: 5.555844831466675, prompt_loss: 3.5407762241363527, contrastive_loss: 1.363807842731476
2026-06-06 12:09:13,262 - INFO - main - ###### Taking snapshot ######
2026-06-06 12:09:25,384 - INFO - main - This is epoch "1" of "19" epochs.
2026-06-06 12:09:29,235 - INFO - main - step 2100: total_loss: 5.318730731010437, prompt_loss: 3.306085903644562, contrastive_loss: 1.3664558017253876
2026-06-06 12:09:45,480 - INFO - main - step 2200: total_loss: 5.128052439689636, prompt_loss: 3.1119870805740355, contrastive_loss: 1.3667979300022126
2026-06-06 12:10:00,864 - INFO - main - step 2300: total_loss: 5.010629305839538, prompt_loss: 3.001908769607544, contrastive_loss: 1.3647417950630187
2026-06-06 12:10:17,347 - INFO - main - step 2400: total_loss: 4.904218440055847, prompt_loss: 2.880373086929321, contrastive_loss: 1.3665559577941895
2026-06-06 12:10:30,823 - INFO - main - step 2500: total_loss: 4.806141815185547, prompt_loss: 2.7782923662662506, contrastive_loss: 1.3727996397018432
2026-06-06 12:10:45,550 - INFO - main - step 2600: total_loss: 4.714015057086945, prompt_loss: 2.7027041244506838, contrastive_loss: 1.3663013672828674
2026-06-06 12:11:00,434 - INFO - main - step 2700: total_loss: 4.629034295082092, prompt_loss: 2.6120392966270445, contrastive_loss: 1.3721176171302796
2026-06-06 12:11:15,064 - INFO - main - step 2800: total_loss: 4.5902043724060055, prompt_loss: 2.5662840723991396, contrastive_loss: 1.3716139340400695
2026-06-06 12:11:30,022 - INFO - main - step 2900: total_loss: 4.6120597672462464, prompt_loss: 2.5926380026340485, contrastive_loss: 1.369162529706955
2026-06-06 12:11:44,436 - INFO - main - step 3000: total_loss: 4.602299525737762, prompt_loss: 2.5734772276878357, contrastive_loss: 1.36901589512825
2026-06-06 12:11:44,436 - INFO - main - ###### Taking snapshot ######
2026-06-06 12:11:59,674 - INFO - main - step 3100: total_loss: 4.418755135536194, prompt_loss: 2.3870325219631194, contrastive_loss: 1.3733502423763275
2026-06-06 12:12:14,739 - INFO - main - step 3200: total_loss: 4.491651618480683, prompt_loss: 2.471888989210129, contrastive_loss: 1.3687724554538727
2026-06-06 12:12:30,122 - INFO - main - step 3300: total_loss: 4.493660314083099, prompt_loss: 2.4834494543075563, contrastive_loss: 1.3677177548408508
2026-06-06 12:12:45,505 - INFO - main - step 3400: total_loss: 4.42394024848938, prompt_loss: 2.410802100896835, contrastive_loss: 1.370010002851486
2026-06-06 12:13:03,733 - INFO - main - step 3500: total_loss: 4.371847133636475, prompt_loss: 2.371070829629898, contrastive_loss: 1.366333190202713
2026-06-06 12:13:19,151 - INFO - main - step 3600: total_loss: 4.552569131851197, prompt_loss: 2.5317389297485353, contrastive_loss: 1.3690050971508025
2026-06-06 12:13:36,711 - INFO - main - step 3700: total_loss: 4.414283232688904, prompt_loss: 2.398605525493622, contrastive_loss: 1.3645726001262666
2026-06-06 12:13:51,990 - INFO - main - step 3800: total_loss: 4.32995105266571, prompt_loss: 2.321325581073761, contrastive_loss: 1.369777992963791
2026-06-06 12:14:05,507 - INFO - main - step 3900: total_loss: 4.34164913892746, prompt_loss: 2.33012824177742, contrastive_loss: 1.3707801365852357
2026-06-06 12:14:20,802 - INFO - main - step 4000: total_loss: 4.2708975172042845, prompt_loss: 2.2676321053504944, contrastive_loss: 1.36679505109787
2026-06-06 12:14:20,802 - INFO - main - ###### Taking snapshot ######
2026-06-06 12:14:37,772 - INFO - main - step 4100: total_loss: 4.460744380950928, prompt_loss: 2.442477172613144, contrastive_loss: 1.369286723136902
2026-06-06 12:14:46,381 - INFO - main - This is epoch "2" of "19" epochs.
2026-06-06 12:14:54,625 - INFO - main - step 4200: total_loss: 4.203520331382752, prompt_loss: 2.197377249002457, contrastive_loss: 1.3685841155052185
2026-06-06 12:15:10,769 - INFO - main - step 4300: total_loss: 4.275106010437011, prompt_loss: 2.2562720823287963, contrastive_loss: 1.3707044398784638
2026-06-06 12:15:24,677 - INFO - main - step 4400: total_loss: 4.31158971786499, prompt_loss: 2.3077131032943727, contrastive_loss: 1.365102082490921
2026-06-06 12:15:38,205 - INFO - main - step 4500: total_loss: 4.231841747760773, prompt_loss: 2.222286705970764, contrastive_loss: 1.3665160095691682
2026-06-06 12:15:54,674 - INFO - main - step 4600: total_loss: 4.203058142662048, prompt_loss: 2.188678790330887, contrastive_loss: 1.3671727764606476
2026-06-06 12:16:10,636 - INFO - main - step 4700: total_loss: 4.221080358028412, prompt_loss: 2.223991484642029, contrastive_loss: 1.3616891884803772
2026-06-06 12:16:26,290 - INFO - main - step 4800: total_loss: 4.200930197238922, prompt_loss: 2.1906187629699705, contrastive_loss: 1.3654405534267426
2026-06-06 12:16:42,012 - INFO - main - step 4900: total_loss: 4.224588825702667, prompt_loss: 2.2183451867103576, contrastive_loss: 1.3627849423885345
2026-06-06 12:16:58,694 - INFO - main - step 5000: total_loss: 4.238467214107513, prompt_loss: 2.2352118051052092, contrastive_loss: 1.361697223186493
2026-06-06 12:16:58,694 - INFO - main - ###### Taking snapshot ######
2026-06-06 12:17:14,773 - INFO - main - step 5100: total_loss: 4.1784527659416195, prompt_loss: 2.1825022459030152, contrastive_loss: 1.3585362792015077
2026-06-06 12:17:29,443 - INFO - main - step 5200: total_loss: 4.26607232093811, prompt_loss: 2.2769417357444763, contrastive_loss: 1.357762235403061
2026-06-06 12:17:43,958 - INFO - main - step 5300: total_loss: 4.222676842212677, prompt_loss: 2.2190509736537933, contrastive_loss: 1.3569044589996337
2026-06-06 12:17:58,290 - INFO - main - step 5400: total_loss: 4.296329524517059, prompt_loss: 2.307083101272583, contrastive_loss: 1.3605152213573455
2026-06-06 12:18:15,629 - INFO - main - step 5500: total_loss: 4.2339332389831545, prompt_loss: 2.2443294882774354, contrastive_loss: 1.354016820192337
2026-06-06 12:18:30,618 - INFO - main - step 5600: total_loss: 4.2173061728477474, prompt_loss: 2.233832445144653, contrastive_loss: 1.3479197084903718
2026-06-06 12:18:46,478 - INFO - main - step 5700: total_loss: 4.197069144248962, prompt_loss: 2.213254200220108, contrastive_loss: 1.354783879518509
2026-06-06 12:19:02,418 - INFO - main - step 5800: total_loss: 4.041501533985138, prompt_loss: 2.068288152217865, contrastive_loss: 1.350777348279953
2026-06-06 12:19:16,633 - INFO - main - step 5900: total_loss: 4.180940330028534, prompt_loss: 2.204738647937775, contrastive_loss: 1.349896469116211
2026-06-06 12:19:32,612 - INFO - main - step 6000: total_loss: 4.13930597782135, prompt_loss: 2.175341191291809, contrastive_loss: 1.3378186798095704
2026-06-06 12:19:32,612 - INFO - main - ###### Taking snapshot ######
2026-06-06 12:19:47,457 - INFO - main - step 6100: total_loss: 4.147864665985107, prompt_loss: 2.1756881415843963, contrastive_loss: 1.3446168315410614
2026-06-06 12:20:03,029 - INFO - main - step 6200: total_loss: 4.240084824562072, prompt_loss: 2.2703586196899415, contrastive_loss: 1.3380542957782746
2026-06-06 12:20:07,846 - INFO - main - This is epoch "3" of "19" epochs.
2026-06-06 12:20:21,019 - INFO - main - step 6300: total_loss: 4.131370332241058, prompt_loss: 2.1747689068317415, contrastive_loss: 1.3313095378875732
2026-06-06 12:20:39,888 - INFO - main - step 6400: total_loss: 4.249917843341827, prompt_loss: 2.3024457454681397, contrastive_loss: 1.3333186662197114
2026-06-06 12:20:54,801 - INFO - main - step 6500: total_loss: 4.1639177298545835, prompt_loss: 2.220191720724106, contrastive_loss: 1.3285414326190947
2026-06-06 12:21:10,756 - INFO - main - step 6600: total_loss: 4.122368869781494, prompt_loss: 2.1833726501464845, contrastive_loss: 1.3268688797950745
2026-06-06 12:21:25,327 - INFO - main - step 6700: total_loss: 4.12383665561676, prompt_loss: 2.1866748225688935, contrastive_loss: 1.320530105829239
2026-06-06 12:21:40,886 - INFO - main - step 6800: total_loss: 4.161490466594696, prompt_loss: 2.2300873029232027, contrastive_loss: 1.316373463869095
2026-06-06 12:21:54,548 - INFO - main - step 6900: total_loss: 4.133993859291077, prompt_loss: 2.226118894815445, contrastive_loss: 1.3060973143577577
2026-06-06 12:22:09,831 - INFO - main - step 7000: total_loss: 4.143305609226227, prompt_loss: 2.229635064601898, contrastive_loss: 1.299431027173996
2026-06-06 12:22:09,831 - INFO - main - ###### Taking snapshot ######
2026-06-06 12:22:26,542 - INFO - main - step 7100: total_loss: 4.207784516811371, prompt_loss: 2.3135509026050567, contrastive_loss: 1.297181202173233
2026-06-06 12:22:40,653 - INFO - main - step 7200: total_loss: 4.171714992523193, prompt_loss: 2.2793389797210692, contrastive_loss: 1.2883216613531112
2026-06-06 12:22:55,541 - INFO - main - step 7300: total_loss: 4.081230084896088, prompt_loss: 2.208916212320328, contrastive_loss: 1.279492279291153
2026-06-06 12:23:11,039 - INFO - main - step 7400: total_loss: 4.04615891456604, prompt_loss: 2.187245237827301, contrastive_loss: 1.268752760887146
2026-06-06 12:23:25,413 - INFO - main - step 7500: total_loss: 4.097899560928345, prompt_loss: 2.268369497060776, contrastive_loss: 1.2498768281936645
2026-06-06 12:23:38,989 - INFO - main - step 7600: total_loss: 4.031245336532593, prompt_loss: 2.211157387495041, contrastive_loss: 1.2437286221981048
2026-06-06 12:23:52,030 - INFO - main - step 7700: total_loss: 4.035987627506256, prompt_loss: 2.24579661488533, contrastive_loss: 1.2295371901988983
2026-06-06 12:24:06,745 - INFO - main - step 7800: total_loss: 3.8934370112419128, prompt_loss: 2.1276620268821715, contrastive_loss: 1.2096883690357207
2026-06-06 12:24:21,318 - INFO - main - step 7900: total_loss: 3.913823664188385, prompt_loss: 2.158667644262314, contrastive_loss: 1.1987033426761626
2026-06-06 12:24:34,809 - INFO - main - step 8000: total_loss: 3.9023512959480287, prompt_loss: 2.1751836621761322, contrastive_loss: 1.1786258739233018
2026-06-06 12:24:34,809 - INFO - main - ###### Taking snapshot ######
2026-06-06 12:24:52,463 - INFO - main - step 8100: total_loss: 3.805956823825836, prompt_loss: 2.109733688831329, contrastive_loss: 1.1564584565162659
2026-06-06 12:25:06,091 - INFO - main - step 8200: total_loss: 3.712979712486267, prompt_loss: 2.059331854581833, contrastive_loss: 1.1276552444696426
2026-06-06 12:25:19,884 - INFO - main - step 8300: total_loss: 3.6573091554641723, prompt_loss: 2.0324744725227357, contrastive_loss: 1.0963955914974213
2026-06-06 12:25:19,994 - INFO - main - This is epoch "4" of "19" epochs.
2026-06-06 12:25:36,288 - INFO - main - step 8400: total_loss: 3.561649377346039, prompt_loss: 1.9601947510242461, contrastive_loss: 1.073731426000595
2026-06-06 12:25:53,008 - INFO - main - step 8500: total_loss: 3.691616380214691, prompt_loss: 2.1145872390270233, contrastive_loss: 1.0522697454690932
2026-06-06 12:26:08,677 - INFO - main - step 8600: total_loss: 3.5495158195495606, prompt_loss: 2.034014627933502, contrastive_loss: 1.008400058746338
2026-06-06 12:26:23,928 - INFO - main - step 8700: total_loss: 3.4578580760955813, prompt_loss: 1.9838808143138886, contrastive_loss: 0.9670465803146362
2026-06-06 12:26:42,640 - INFO - main - step 8800: total_loss: 3.420538516044617, prompt_loss: 1.9805928981304168, contrastive_loss: 0.9319872933626175
2026-06-06 12:26:57,622 - INFO - main - step 8900: total_loss: 3.32980406999588, prompt_loss: 1.9156001710891724, contrastive_loss: 0.8973327255249024
2026-06-06 12:27:11,379 - INFO - main - step 9000: total_loss: 3.2631211280822754, prompt_loss: 1.9054549407958985, contrastive_loss: 0.8573837625980377
2026-06-06 12:27:11,379 - INFO - main - ###### Taking snapshot ######
2026-06-06 12:27:25,550 - INFO - main - step 9100: total_loss: 3.2410717463493346, prompt_loss: 1.9239977645874022, contrastive_loss: 0.82027956366539
2026-06-06 12:27:39,559 - INFO - main - step 9200: total_loss: 3.22620157957077, prompt_loss: 1.9489968883991242, contrastive_loss: 0.7796715980768204
2026-06-06 12:27:57,262 - INFO - main - step 9300: total_loss: 3.195990538597107, prompt_loss: 1.9677222847938538, contrastive_loss: 0.7402430072426796
2026-06-06 12:28:12,803 - INFO - main - step 9400: total_loss: 3.2098200702667237, prompt_loss: 1.996667057275772, contrastive_loss: 0.7187948870658875
2026-06-06 12:28:29,966 - INFO - main - step 9500: total_loss: 3.1206944394111633, prompt_loss: 1.9672981703281402, contrastive_loss: 0.6609872287511825
2026-06-06 12:28:46,004 - INFO - main - step 9600: total_loss: 3.196829328536987, prompt_loss: 2.0393678987026216, contrastive_loss: 0.6518459448218346
2026-06-06 12:29:01,424 - INFO - main - step 9700: total_loss: 3.1375687170028685, prompt_loss: 2.030223299264908, contrastive_loss: 0.6038285307586193
2026-06-06 12:29:16,922 - INFO - main - step 9800: total_loss: 3.052088425159454, prompt_loss: 1.9541829824447632, contrastive_loss: 0.6116007578372955
2026-06-06 12:29:31,554 - INFO - main - step 9900: total_loss: 3.098231763839722, prompt_loss: 1.9947320568561553, contrastive_loss: 0.5904083129763603
2026-06-06 12:29:48,130 - INFO - main - step 10000: total_loss: 2.9573735332489015, prompt_loss: 1.966229853630066, contrastive_loss: 0.5292214605212212
2026-06-06 12:29:48,133 - INFO - main - ###### Taking snapshot ######
2026-06-06 12:30:02,084 - INFO - main - step 10100: total_loss: 3.047184157371521, prompt_loss: 1.9960855662822723, contrastive_loss: 0.5575491690635681
2026-06-06 12:30:17,520 - INFO - main - step 10200: total_loss: 3.034565486907959, prompt_loss: 2.0116235995292664, contrastive_loss: 0.5167903846502304
2026-06-06 12:30:34,396 - INFO - main - step 10300: total_loss: 3.0242772674560547, prompt_loss: 2.009661704301834, contrastive_loss: 0.5220152595639229
2026-06-06 12:30:45,507 - INFO - main - This is epoch "5" of "19" epochs.
2026-06-06 12:30:51,264 - INFO - main - step 10400: total_loss: 2.993508017063141, prompt_loss: 1.9975758969783783, contrastive_loss: 0.5097613801807165
2026-06-06 12:31:07,378 - INFO - main - step 10500: total_loss: 2.831045477390289, prompt_loss: 1.8633950424194337, contrastive_loss: 0.491594450250268
2026-06-06 12:31:23,117 - INFO - main - step 10600: total_loss: 2.852156639099121, prompt_loss: 1.894501086473465, contrastive_loss: 0.47688924342393874
2026-06-06 12:31:39,069 - INFO - main - step 10700: total_loss: 2.8704903435707094, prompt_loss: 1.922628526687622, contrastive_loss: 0.4680298386514187
2026-06-06 12:31:55,077 - INFO - main - step 10800: total_loss: 2.8767274940013885, prompt_loss: 1.9429340326786042, contrastive_loss: 0.4760510577261448
2026-06-06 12:32:09,529 - INFO - main - step 10900: total_loss: 2.8998515701293943, prompt_loss: 1.9568909442424773, contrastive_loss: 0.4697740963101387
2026-06-06 12:32:24,661 - INFO - main - step 11000: total_loss: 2.778143080472946, prompt_loss: 1.8679141128063201, contrastive_loss: 0.44238693367689846
2026-06-06 12:32:24,662 - INFO - main - ###### Taking snapshot ######
2026-06-06 12:32:40,410 - INFO - main - step 11100: total_loss: 2.870596749782562, prompt_loss: 1.9504914712905883, contrastive_loss: 0.42625355437397955
2026-06-06 12:32:54,575 - INFO - main - step 11200: total_loss: 2.8290609323978426, prompt_loss: 1.8929081666469574, contrastive_loss: 0.45709202125668524
2026-06-06 12:33:09,120 - INFO - main - step 11300: total_loss: 2.8665847158432007, prompt_loss: 1.943263087272644, contrastive_loss: 0.4564379742741585
2026-06-06 12:33:24,654 - INFO - main - step 11400: total_loss: 2.864022920131683, prompt_loss: 1.938247982263565, contrastive_loss: 0.4452288756519556
2026-06-06 12:33:39,365 - INFO - main - step 11500: total_loss: 2.8013624334335328, prompt_loss: 1.8749659442901612, contrastive_loss: 0.4408818091452122
2026-06-06 12:33:54,036 - INFO - main - step 11600: total_loss: 2.858062616586685, prompt_loss: 1.9481100642681122, contrastive_loss: 0.42836564004421235
2026-06-06 12:34:08,809 - INFO - main - step 11700: total_loss: 2.8524156641960143, prompt_loss: 1.904913250207901, contrastive_loss: 0.4552537221834064
2026-06-06 12:34:22,793 - INFO - main - step 11800: total_loss: 2.8262348794937133, prompt_loss: 1.8978431332111358, contrastive_loss: 0.4629117703437805
2026-06-06 12:34:38,646 - INFO - main - step 11900: total_loss: 2.7880523777008057, prompt_loss: 1.927967609167099, contrastive_loss: 0.39566848054528236
2026-06-06 12:34:54,322 - INFO - main - step 12000: total_loss: 2.8134740471839903, prompt_loss: 1.8972154593467712, contrastive_loss: 0.4441036482527852
2026-06-06 12:34:54,322 - INFO - main - ###### Taking snapshot ######
2026-06-06 12:35:12,206 - INFO - main - step 12100: total_loss: 2.7969083309173586, prompt_loss: 1.8936902010440826, contrastive_loss: 0.43664552286267283
2026-06-06 12:35:26,692 - INFO - main - step 12200: total_loss: 2.8212527346611025, prompt_loss: 1.9411288833618163, contrastive_loss: 0.41148859992623327
2026-06-06 12:35:41,880 - INFO - main - step 12300: total_loss: 2.832600780725479, prompt_loss: 1.9347922134399413, contrastive_loss: 0.4280807642638683
2026-06-06 12:35:57,539 - INFO - main - step 12400: total_loss: 2.8436238348484038, prompt_loss: 1.928541543483734, contrastive_loss: 0.4320540046691895
2026-06-06 12:36:05,166 - INFO - main - This is epoch "6" of "19" epochs.
2026-06-06 12:36:13,508 - INFO - main - step 12500: total_loss: 2.8130909419059753, prompt_loss: 1.9370484685897826, contrastive_loss: 0.41636485677212476
2026-06-06 12:36:30,053 - INFO - main - step 12600: total_loss: 2.7605801498889924, prompt_loss: 1.9015611982345582, contrastive_loss: 0.3994037842750549
2026-06-06 12:36:44,743 - INFO - main - step 12700: total_loss: 2.7886452305316927, prompt_loss: 1.896266679763794, contrastive_loss: 0.41947470009326937
2026-06-06 12:36:58,763 - INFO - main - step 12800: total_loss: 2.727250542640686, prompt_loss: 1.8734844326972961, contrastive_loss: 0.3911870643030852
2026-06-06 12:37:14,516 - INFO - main - step 12900: total_loss: 2.7375075328350067, prompt_loss: 1.876292029619217, contrastive_loss: 0.40835990019142626
2026-06-06 12:37:28,466 - INFO - main - step 13000: total_loss: 2.8527250194549563, prompt_loss: 1.9566620588302612, contrastive_loss: 0.42201357867568734
2026-06-06 12:37:28,466 - INFO - main - ###### Taking snapshot ######
2026-06-06 12:37:44,038 - INFO - main - step 13100: total_loss: 2.828407244682312, prompt_loss: 1.9405490005016326, contrastive_loss: 0.4219250014424324
2026-06-06 12:37:59,415 - INFO - main - step 13200: total_loss: 2.79551557302475, prompt_loss: 1.9407642674446106, contrastive_loss: 0.4154379438608885
2026-06-06 12:38:15,521 - INFO - main - step 13300: total_loss: 2.7928113412857054, prompt_loss: 1.939646441936493, contrastive_loss: 0.39523996636271475
2026-06-06 12:38:31,507 - INFO - main - step 13400: total_loss: 2.846570216417313, prompt_loss: 1.996333031654358, contrastive_loss: 0.3916927926242352
2026-06-06 12:38:48,130 - INFO - main - step 13500: total_loss: 2.874424239397049, prompt_loss: 1.9958681321144105, contrastive_loss: 0.41964757949113846
2026-06-06 12:39:01,814 - INFO - main - step 13600: total_loss: 2.8291781294345855, prompt_loss: 1.9922908902168275, contrastive_loss: 0.38235368438065054
2026-06-06 12:39:17,505 - INFO - main - step 13700: total_loss: 2.9006882953643798, prompt_loss: 2.045447336435318, contrastive_loss: 0.4003211784362793
2026-06-06 12:39:33,144 - INFO - main - step 13800: total_loss: 2.7305591237545013, prompt_loss: 1.9169025003910065, contrastive_loss: 0.37913832196965813
2026-06-06 12:39:48,735 - INFO - main - step 13900: total_loss: 2.7338879227638246, prompt_loss: 1.9114696335792543, contrastive_loss: 0.3824129536561668
2026-06-06 12:40:04,397 - INFO - main - step 14000: total_loss: 2.673684089183807, prompt_loss: 1.8619743120670318, contrastive_loss: 0.37637439599260686
2026-06-06 12:40:04,398 - INFO - main - ###### Taking snapshot ######
2026-06-06 12:40:20,198 - INFO - main - step 14100: total_loss: 2.7085998070240023, prompt_loss: 1.8761495637893677, contrastive_loss: 0.3801139560714364
2026-06-06 12:40:34,787 - INFO - main - step 14200: total_loss: 2.7005669963359833, prompt_loss: 1.8660465168952942, contrastive_loss: 0.38909630838781595
2026-06-06 12:40:50,113 - INFO - main - step 14300: total_loss: 2.7682871448993684, prompt_loss: 1.9352777874469758, contrastive_loss: 0.3995376778021455
2026-06-06 12:41:06,844 - INFO - main - step 14400: total_loss: 2.7414539992809295, prompt_loss: 1.9145859563350678, contrastive_loss: 0.3719756994023919
2026-06-06 12:41:22,105 - INFO - main - step 14500: total_loss: 2.6995348942279818, prompt_loss: 1.867694628238678, contrastive_loss: 0.3795959571748972
2026-06-06 12:41:25,870 - INFO - main - This is epoch "7" of "19" epochs.
2026-06-06 12:41:36,264 - INFO - main - step 14600: total_loss: 2.734689711332321, prompt_loss: 1.9164565432071685, contrastive_loss: 0.3753013197146356
2026-06-06 12:41:52,718 - INFO - main - step 14700: total_loss: 2.766905335187912, prompt_loss: 1.938199360370636, contrastive_loss: 0.38102462645620105
2026-06-06 12:42:08,094 - INFO - main - step 14800: total_loss: 2.7565983378887178, prompt_loss: 1.916402394771576, contrastive_loss: 0.3843822270212695
2026-06-06 12:42:22,339 - INFO - main - step 14900: total_loss: 2.7387624657154084, prompt_loss: 1.9077236711978913, contrastive_loss: 0.3838694260083139
2026-06-06 12:42:38,647 - INFO - main - step 15000: total_loss: 2.7086156463623046, prompt_loss: 1.8790193176269532, contrastive_loss: 0.37916286259889603
2026-06-06 12:42:38,648 - INFO - main - ###### Taking snapshot ######
2026-06-06 12:42:55,664 - INFO - main - step 15100: total_loss: 2.6569671487808226, prompt_loss: 1.8345793664455414, contrastive_loss: 0.37559185017365965
2026-06-06 12:43:10,065 - INFO - main - step 15200: total_loss: 2.8077525162696837, prompt_loss: 1.969717583656311, contrastive_loss: 0.38490580312907696
2026-06-06 12:43:24,387 - INFO - main - step 15300: total_loss: 2.74193287730217, prompt_loss: 1.8989247643947602, contrastive_loss: 0.3929839481413364
2026-06-06 12:43:40,005 - INFO - main - step 15400: total_loss: 2.744479619264603, prompt_loss: 1.9230192363262177, contrastive_loss: 0.377355337664485
2026-06-06 12:43:54,600 - INFO - main - step 15500: total_loss: 2.681690729856491, prompt_loss: 1.8485678517818451, contrastive_loss: 0.39086922656744716
2026-06-06 12:44:08,477 - INFO - main - step 15600: total_loss: 2.7011506533622742, prompt_loss: 1.8754387497901917, contrastive_loss: 0.3803502298030071
2026-06-06 12:44:23,735 - INFO - main - step 15700: total_loss: 2.6564167845249176, prompt_loss: 1.8348340904712677, contrastive_loss: 0.3785643226280808
2026-06-06 12:44:39,890 - INFO - main - step 15800: total_loss: 2.7359932005405425, prompt_loss: 1.9027266120910644, contrastive_loss: 0.3849280487303622
2026-06-06 12:44:54,944 - INFO - main - step 15900: total_loss: 2.666470865011215, prompt_loss: 1.8790846860408783, contrastive_loss: 0.35171754978597164
2026-06-06 12:45:11,159 - INFO - main - step 16000: total_loss: 2.706966288089752, prompt_loss: 1.912218599319458, contrastive_loss: 0.3622688305005431
2026-06-06 12:45:11,159 - INFO - main - ###### Taking snapshot ######
2026-06-06 12:45:27,933 - INFO - main - step 16100: total_loss: 2.736011372804642, prompt_loss: 1.9369824612140656, contrastive_loss: 0.3531904954765923
2026-06-06 12:45:43,235 - INFO - main - step 16200: total_loss: 2.69554279088974, prompt_loss: 1.8849005961418153, contrastive_loss: 0.3862028234824538
2026-06-06 12:46:00,430 - INFO - main - step 16300: total_loss: 2.6664451348781584, prompt_loss: 1.8500200235843658, contrastive_loss: 0.37528102166950705
2026-06-06 12:46:16,224 - INFO - main - step 16400: total_loss: 2.729861229658127, prompt_loss: 1.9298869943618775, contrastive_loss: 0.3647576013440266
2026-06-06 12:46:29,762 - INFO - main - step 16500: total_loss: 2.7109652292728423, prompt_loss: 1.8923093152046204, contrastive_loss: 0.3851704168249853
2026-06-06 12:46:47,600 - INFO - main - step 16600: total_loss: 2.7716760659217834, prompt_loss: 1.961357535123825, contrastive_loss: 0.3906617705151439
2026-06-06 12:46:47,708 - INFO - main - This is epoch "8" of "19" epochs.
2026-06-06 12:47:05,639 - INFO - main - step 16700: total_loss: 2.6651208984851835, prompt_loss: 1.859648928642273, contrastive_loss: 0.3944871515408158
2026-06-06 12:47:21,475 - INFO - main - step 16800: total_loss: 2.6462093877792356, prompt_loss: 1.866417248249054, contrastive_loss: 0.3524221649393439
2026-06-06 12:47:37,619 - INFO - main - step 16900: total_loss: 2.693274289369583, prompt_loss: 1.9044067645072937, contrastive_loss: 0.35769930817186835
2026-06-06 12:47:53,369 - INFO - main - step 17000: total_loss: 2.7447022688388825, prompt_loss: 1.9301324462890626, contrastive_loss: 0.37412904866039753
2026-06-06 12:47:53,369 - INFO - main - ###### Taking snapshot ######
2026-06-06 12:48:08,067 - INFO - main - step 17100: total_loss: 2.6901417601108553, prompt_loss: 1.9031287765502929, contrastive_loss: 0.3728244037460536
2026-06-06 12:48:23,744 - INFO - main - step 17200: total_loss: 2.697980122566223, prompt_loss: 1.9091153788566588, contrastive_loss: 0.3610537548922002
2026-06-06 12:48:38,965 - INFO - main - step 17300: total_loss: 2.693336720466614, prompt_loss: 1.8750117492675782, contrastive_loss: 0.37636434819549325
2026-06-06 12:48:54,937 - INFO - main - step 17400: total_loss: 2.6789760172367094, prompt_loss: 1.873268084526062, contrastive_loss: 0.3709781417250633
2026-06-06 12:49:08,629 - INFO - main - step 17500: total_loss: 2.663598806858063, prompt_loss: 1.8501975297927857, contrastive_loss: 0.38953051265329125
2026-06-06 12:49:24,167 - INFO - main - step 17600: total_loss: 2.6314494860172273, prompt_loss: 1.8753302156925202, contrastive_loss: 0.35193629963148854
2026-06-06 12:49:39,224 - INFO - main - step 17700: total_loss: 2.6405549311637877, prompt_loss: 1.8616392731666564, contrastive_loss: 0.3543818656913936
2026-06-06 12:49:55,737 - INFO - main - step 17800: total_loss: 2.675391172170639, prompt_loss: 1.8426021039485931, contrastive_loss: 0.3894578994438052
2026-06-06 12:50:10,276 - INFO - main - step 17900: total_loss: 2.651224843263626, prompt_loss: 1.8849342083930969, contrastive_loss: 0.3597285833396018
2026-06-06 12:50:25,328 - INFO - main - step 18000: total_loss: 2.6344977188110352, prompt_loss: 1.8736821067333223, contrastive_loss: 0.358631270006299
2026-06-06 12:50:25,329 - INFO - main - ###### Taking snapshot ######
2026-06-06 12:50:40,380 - INFO - main - step 18100: total_loss: 2.714890081882477, prompt_loss: 1.9127713525295258, contrastive_loss: 0.3740683355927467
2026-06-06 12:50:54,976 - INFO - main - step 18200: total_loss: 2.7001012849807737, prompt_loss: 1.9230752885341644, contrastive_loss: 0.36598492212593553
2026-06-06 12:51:10,432 - INFO - main - step 18300: total_loss: 2.67321076631546, prompt_loss: 1.8997715198993683, contrastive_loss: 0.3572589457238792
2026-06-06 12:51:24,950 - INFO - main - step 18400: total_loss: 2.846829251050949, prompt_loss: 2.016599065065384, contrastive_loss: 0.38182078912854195
2026-06-06 12:51:38,817 - INFO - main - step 18500: total_loss: 2.723942919969559, prompt_loss: 1.9431043243408204, contrastive_loss: 0.3832058166898787
2026-06-06 12:51:54,906 - INFO - main - step 18600: total_loss: 2.7884946703910827, prompt_loss: 2.0008067083358765, contrastive_loss: 0.35438664942979814
2026-06-06 12:52:06,371 - INFO - main - This is epoch "9" of "19" epochs.
2026-06-06 12:52:10,883 - INFO - main - step 18700: total_loss: 2.765656409263611, prompt_loss: 1.9752537524700164, contrastive_loss: 0.3713049427419901
2026-06-06 12:52:28,044 - INFO - main - step 18800: total_loss: 2.6654641592502593, prompt_loss: 1.9361992037296296, contrastive_loss: 0.32848003836348655
2026-06-06 12:52:41,734 - INFO - main - step 18900: total_loss: 2.733830209970474, prompt_loss: 1.9413668966293336, contrastive_loss: 0.3800880907475948
2026-06-06 12:52:58,290 - INFO - main - step 19000: total_loss: 2.7135667860507966, prompt_loss: 1.9239921069145203, contrastive_loss: 0.3651085882773623
2026-06-06 12:52:58,290 - INFO - main - ###### Taking snapshot ######
2026-06-06 12:53:13,961 - INFO - main - step 19100: total_loss: 2.7271624326705934, prompt_loss: 1.9607718336582183, contrastive_loss: 0.36609437111008447
2026-06-06 12:53:28,319 - INFO - main - step 19200: total_loss: 2.645704708099365, prompt_loss: 1.8715872144699097, contrastive_loss: 0.35882373780012133
2026-06-06 12:53:45,266 - INFO - main - step 19300: total_loss: 2.649090356826782, prompt_loss: 1.894983197450638, contrastive_loss: 0.3519427065178752
2026-06-06 12:53:59,403 - INFO - main - step 19400: total_loss: 2.6441175723075867, prompt_loss: 1.8729953026771546, contrastive_loss: 0.3629690363071859
2026-06-06 12:54:16,527 - INFO - main - step 19500: total_loss: 2.6296448493003846, prompt_loss: 1.8667685866355896, contrastive_loss: 0.3611109457537532
2026-06-06 12:54:30,709 - INFO - main - step 19600: total_loss: 2.6297494697570802, prompt_loss: 1.850893085002899, contrastive_loss: 0.3728662668494508
2026-06-06 12:54:46,207 - INFO - main - step 19700: total_loss: 2.621947683095932, prompt_loss: 1.8648546290397645, contrastive_loss: 0.33862499430775644
2026-06-06 12:55:01,508 - INFO - main - step 19800: total_loss: 2.6283077776432036, prompt_loss: 1.882629956007004, contrastive_loss: 0.35030598192475737
2026-06-06 12:55:18,148 - INFO - main - step 19900: total_loss: 2.631509655714035, prompt_loss: 1.8686366975307465, contrastive_loss: 0.3568014053627849
2026-06-06 12:55:33,441 - INFO - main - step 20000: total_loss: 2.72208047747612, prompt_loss: 1.9535723161697387, contrastive_loss: 0.3649719535559416
2026-06-06 12:55:33,441 - INFO - main - ###### Taking snapshot ######
2026-06-06 12:55:49,299 - INFO - main - step 20100: total_loss: 2.658307572603226, prompt_loss: 1.9302258706092834, contrastive_loss: 0.35027774702059106
2026-06-06 12:56:06,505 - INFO - main - step 20200: total_loss: 2.584550256729126, prompt_loss: 1.8194271588325501, contrastive_loss: 0.34762136567384005
2026-06-06 12:56:22,594 - INFO - main - step 20300: total_loss: 2.677885558605194, prompt_loss: 1.91112570643425, contrastive_loss: 0.3544085967540741
2026-06-06 12:56:38,743 - INFO - main - step 20400: total_loss: 2.660724244117737, prompt_loss: 1.882871824502945, contrastive_loss: 0.37518801481463016
2026-06-06 12:56:53,693 - INFO - main - step 20500: total_loss: 2.646142443418503, prompt_loss: 1.870636624097824, contrastive_loss: 0.3622347213048488
2026-06-06 12:57:10,726 - INFO - main - step 20600: total_loss: 2.611600829362869, prompt_loss: 1.8747088515758514, contrastive_loss: 0.34537787203677
2026-06-06 12:57:26,553 - INFO - main - step 20700: total_loss: 2.6526186656951904, prompt_loss: 1.906169204711914, contrastive_loss: 0.3437740473635495
2026-06-06 12:57:33,548 - INFO - main - This is epoch "10" of "19" epochs.
2026-06-06 12:57:42,115 - INFO - main - step 20800: total_loss: 2.645090162754059, prompt_loss: 1.8778139626979828, contrastive_loss: 0.3638868851028383
2026-06-06 12:57:59,200 - INFO - main - step 20900: total_loss: 2.6001516604423522, prompt_loss: 1.8662510645389556, contrastive_loss: 0.3393723319657147
2026-06-06 12:58:16,512 - INFO - main - step 21000: total_loss: 2.6334471917152404, prompt_loss: 1.8643974363803864, contrastive_loss: 0.3621128460206091
2026-06-06 12:58:16,512 - INFO - main - ###### Taking snapshot ######
2026-06-06 12:58:32,103 - INFO - main - step 21100: total_loss: 2.5809443759918214, prompt_loss: 1.8436425614356995, contrastive_loss: 0.34483778229448947
2026-06-06 12:58:47,941 - INFO - main - step 21200: total_loss: 2.564173502922058, prompt_loss: 1.828701411485672, contrastive_loss: 0.34305762125179173
2026-06-06 12:59:05,334 - INFO - main - step 21300: total_loss: 2.611986926794052, prompt_loss: 1.8770238602161406, contrastive_loss: 0.34315449925139546
2026-06-06 12:59:21,881 - INFO - main - step 21400: total_loss: 2.5992266011238097, prompt_loss: 1.8636828720569611, contrastive_loss: 0.3465614503994584
2026-06-06 12:59:37,392 - INFO - main - step 21500: total_loss: 2.673308380842209, prompt_loss: 1.9495040702819824, contrastive_loss: 0.330854964107275
2026-06-06 12:59:53,646 - INFO - main - step 21600: total_loss: 2.6213196396827696, prompt_loss: 1.9016688346862793, contrastive_loss: 0.3398374954191968
2026-06-06 13:00:07,487 - INFO - main - step 21700: total_loss: 2.7104200863838197, prompt_loss: 1.9319136190414428, contrastive_loss: 0.3624111302569509
2026-06-06 13:00:22,652 - INFO - main - step 21800: total_loss: 2.6644829428195953, prompt_loss: 1.8965032637119292, contrastive_loss: 0.3635805033147335
2026-06-06 13:00:40,455 - INFO - main - step 21900: total_loss: 2.58787570476532, prompt_loss: 1.8306031787395478, contrastive_loss: 0.36575824338942764
2026-06-06 13:00:58,115 - INFO - main - step 22000: total_loss: 2.58932714343071, prompt_loss: 1.8262308835983276, contrastive_loss: 0.3686766411736608
2026-06-06 13:00:58,115 - INFO - main - ###### Taking snapshot ######
2026-06-06 13:01:14,574 - INFO - main - step 22100: total_loss: 2.628868932723999, prompt_loss: 1.882868047952652, contrastive_loss: 0.34469534338626545
2026-06-06 13:01:29,752 - INFO - main - step 22200: total_loss: 2.597837849855423, prompt_loss: 1.85650492310524, contrastive_loss: 0.34353883158415555
2026-06-06 13:01:45,663 - INFO - main - step 22300: total_loss: 2.6199760222435, prompt_loss: 1.8683727812767028, contrastive_loss: 0.36777410783572123
2026-06-06 13:02:00,469 - INFO - main - step 22400: total_loss: 2.6372093200683593, prompt_loss: 1.8721516144275665, contrastive_loss: 0.3616701466869563
2026-06-06 13:02:16,164 - INFO - main - step 22500: total_loss: 2.636202210187912, prompt_loss: 1.8500952219963074, contrastive_loss: 0.37133459096192384
2026-06-06 13:02:31,541 - INFO - main - step 22600: total_loss: 2.601759684085846, prompt_loss: 1.8730058085918426, contrastive_loss: 0.338762450478971
2026-06-06 13:02:47,807 - INFO - main - step 22700: total_loss: 2.6519655203819275, prompt_loss: 1.9024082982540131, contrastive_loss: 0.35698541590943933
2026-06-06 13:03:01,842 - INFO - main - step 22800: total_loss: 2.734395765066147, prompt_loss: 1.9534605252742767, contrastive_loss: 0.35348083436489103
2026-06-06 13:03:05,869 - INFO - main - This is epoch "11" of "19" epochs.
2026-06-06 13:03:19,550 - INFO - main - step 22900: total_loss: 2.661578971147537, prompt_loss: 1.933845180273056, contrastive_loss: 0.33635920341825115
2026-06-06 13:03:35,110 - INFO - main - step 23000: total_loss: 2.6617540287971497, prompt_loss: 1.9108897829055786, contrastive_loss: 0.35515182331204415
2026-06-06 13:03:35,110 - INFO - main - ###### Taking snapshot ######
2026-06-06 13:03:50,673 - INFO - main - step 23100: total_loss: 2.6803784108161928, prompt_loss: 1.935714156627655, contrastive_loss: 0.3437479185685515
2026-06-06 13:04:06,205 - INFO - main - step 23200: total_loss: 2.6571674239635468, prompt_loss: 1.8862921738624572, contrastive_loss: 0.3580057194828987
2026-06-06 13:04:21,347 - INFO - main - step 23300: total_loss: 2.635758113861084, prompt_loss: 1.9020436441898345, contrastive_loss: 0.34113046495622257
2026-06-06 13:04:36,298 - INFO - main - step 23400: total_loss: 2.693690296411514, prompt_loss: 1.940418347120285, contrastive_loss: 0.3458819916471839
2026-06-06 13:04:51,181 - INFO - main - step 23500: total_loss: 2.6156528568267823, prompt_loss: 1.8834412646293641, contrastive_loss: 0.3541181480698288
2026-06-06 13:05:07,507 - INFO - main - step 23600: total_loss: 2.5679435360431673, prompt_loss: 1.8524466371536255, contrastive_loss: 0.3484995141159743
2026-06-06 13:05:22,997 - INFO - main - step 23700: total_loss: 2.6750538754463196, prompt_loss: 1.9321879041194916, contrastive_loss: 0.3436952488683164
2026-06-06 13:05:38,958 - INFO - main - step 23800: total_loss: 2.690909391641617, prompt_loss: 1.9275932955741881, contrastive_loss: 0.3632673354074359
2026-06-06 13:05:53,571 - INFO - main - step 23900: total_loss: 2.7551843094825745, prompt_loss: 1.9969202160835267, contrastive_loss: 0.36840329769998786
2026-06-06 13:06:09,087 - INFO - main - step 24000: total_loss: 2.6311480712890627, prompt_loss: 1.9020882117748261, contrastive_loss: 0.35207896448671816
2026-06-06 13:06:09,087 - INFO - main - ###### Taking snapshot ######
2026-06-06 13:06:26,079 - INFO - main - step 24100: total_loss: 2.8118369436264037, prompt_loss: 2.07480380654335, contrastive_loss: 0.33742235695943235
2026-06-06 13:06:41,299 - INFO - main - step 24200: total_loss: 2.649178292751312, prompt_loss: 1.9156668186187744, contrastive_loss: 0.3466827897913754
2026-06-06 13:06:57,479 - INFO - main - step 24300: total_loss: 2.648050023317337, prompt_loss: 1.8851538264751435, contrastive_loss: 0.36008810393512247
2026-06-06 13:07:12,406 - INFO - main - step 24400: total_loss: 2.66439009308815, prompt_loss: 1.9318875288963318, contrastive_loss: 0.3452128870692104
2026-06-06 13:07:29,329 - INFO - main - step 24500: total_loss: 2.699709275960922, prompt_loss: 1.9597764468193055, contrastive_loss: 0.3620213495846838
2026-06-06 13:07:47,119 - INFO - main - step 24600: total_loss: 2.6322569155693056, prompt_loss: 1.9360198616981505, contrastive_loss: 0.33003981517627834
2026-06-06 13:08:03,380 - INFO - main - step 24700: total_loss: 2.719312609434128, prompt_loss: 1.977699385881424, contrastive_loss: 0.34502777121961115
2026-06-06 13:08:16,670 - INFO - main - step 24800: total_loss: 2.685672597885132, prompt_loss: 1.9397326803207398, contrastive_loss: 0.34152064718306063
2026-06-06 13:08:32,349 - INFO - main - step 24900: total_loss: 2.6556468057632445, prompt_loss: 1.9356454408168793, contrastive_loss: 0.3553844766691327
2026-06-06 13:08:32,449 - INFO - main - This is epoch "12" of "19" epochs.
2026-06-06 13:08:51,184 - INFO - main - step 25000: total_loss: 2.5434227347373963, prompt_loss: 1.8067330980300904, contrastive_loss: 0.34638524867594245
2026-06-06 13:08:51,184 - INFO - main - ###### Taking snapshot ######
2026-06-06 13:09:07,743 - INFO - main - step 25100: total_loss: 2.688823870420456, prompt_loss: 1.8974455142021178, contrastive_loss: 0.3765734950825572
2026-06-06 13:09:23,146 - INFO - main - step 25200: total_loss: 2.6532467555999757, prompt_loss: 1.916441147327423, contrastive_loss: 0.362085350099951
2026-06-06 13:09:40,819 - INFO - main - step 25300: total_loss: 2.582900047302246, prompt_loss: 1.8691004037857055, contrastive_loss: 0.33756970055401325
2026-06-06 13:09:56,539 - INFO - main - step 25400: total_loss: 2.6862532353401183, prompt_loss: 1.947628812789917, contrastive_loss: 0.34835139548406
2026-06-06 13:10:15,006 - INFO - main - step 25500: total_loss: 2.668675216436386, prompt_loss: 1.9677027678489685, contrastive_loss: 0.3481682773679495
2026-06-06 13:10:30,446 - INFO - main - step 25600: total_loss: 2.7501025807857515, prompt_loss: 1.9881542694568635, contrastive_loss: 0.3497119837626815
2026-06-06 13:10:44,826 - INFO - main - step 25700: total_loss: 2.6391856408119203, prompt_loss: 1.9234316444396973, contrastive_loss: 0.3317792519181967
2026-06-06 13:11:00,129 - INFO - main - step 25800: total_loss: 2.635670428276062, prompt_loss: 1.9251800084114075, contrastive_loss: 0.3200177406147122
2026-06-06 13:11:16,667 - INFO - main - step 25900: total_loss: 2.6043378174304963, prompt_loss: 1.907190512418747, contrastive_loss: 0.32529113625176254
2026-06-06 13:11:33,755 - INFO - main - step 26000: total_loss: 2.6390102660655974, prompt_loss: 1.9019038593769073, contrastive_loss: 0.35543530486524105
2026-06-06 13:11:33,755 - INFO - main - ###### Taking snapshot ######
2026-06-06 13:11:50,193 - INFO - main - step 26100: total_loss: 2.5997421169281005, prompt_loss: 1.9148309743404388, contrastive_loss: 0.3098017933405936
2026-06-06 13:12:05,635 - INFO - main - step 26200: total_loss: 2.597537878751755, prompt_loss: 1.8942670249938964, contrastive_loss: 0.3427150416467339
2026-06-06 13:12:19,480 - INFO - main - step 26300: total_loss: 2.5341617560386656, prompt_loss: 1.8512385284900665, contrastive_loss: 0.32961019115988166
2026-06-06 13:12:35,274 - INFO - main - step 26400: total_loss: 2.6577899432182313, prompt_loss: 1.9263163828849792, contrastive_loss: 0.3554655447974801
2026-06-06 13:12:52,400 - INFO - main - step 26500: total_loss: 2.6079220032691954, prompt_loss: 1.8672532415390015, contrastive_loss: 0.3534104434773326
2026-06-06 13:13:08,426 - INFO - main - step 26600: total_loss: 2.584672656059265, prompt_loss: 1.8554619443416596, contrastive_loss: 0.3431298205815256
2026-06-06 13:13:23,668 - INFO - main - step 26700: total_loss: 2.5974046111106874, prompt_loss: 1.8858035671710969, contrastive_loss: 0.32286951089277866
2026-06-06 13:13:40,149 - INFO - main - step 26800: total_loss: 2.609838443994522, prompt_loss: 1.9105073022842407, contrastive_loss: 0.3252735250629485
2026-06-06 13:13:57,803 - INFO - main - step 26900: total_loss: 2.6568480634689333, prompt_loss: 1.924056636095047, contrastive_loss: 0.35895414393395186
2026-06-06 13:14:09,392 - INFO - main - This is epoch "13" of "19" epochs.
2026-06-06 13:14:13,651 - INFO - main - step 27000: total_loss: 2.6715705478191376, prompt_loss: 1.9506390726566314, contrastive_loss: 0.33171802370343356
2026-06-06 13:14:13,652 - INFO - main - ###### Taking snapshot ######
2026-06-06 13:14:30,974 - INFO - main - step 27100: total_loss: 2.623687605857849, prompt_loss: 1.8887113702297211, contrastive_loss: 0.3431261313520372
2026-06-06 13:14:49,039 - INFO - main - step 27200: total_loss: 2.5983747804164885, prompt_loss: 1.91615762591362, contrastive_loss: 0.3264035506825894
2026-06-06 13:15:05,317 - INFO - main - step 27300: total_loss: 2.5981300854682923, prompt_loss: 1.9273156785964967, contrastive_loss: 0.3160600794106722
2026-06-06 13:15:23,010 - INFO - main - step 27400: total_loss: 2.639794180393219, prompt_loss: 1.930110683441162, contrastive_loss: 0.3411048277176451
2026-06-06 13:15:39,333 - INFO - main - step 27500: total_loss: 2.669268460273743, prompt_loss: 1.9566042959690093, contrastive_loss: 0.34526895320508627
2026-06-06 13:15:55,860 - INFO - main - step 27600: total_loss: 2.67298534989357, prompt_loss: 1.9878840053081512, contrastive_loss: 0.33784884684253486
2026-06-06 13:16:10,232 - INFO - main - step 27700: total_loss: 2.7005747568607332, prompt_loss: 1.982089899778366, contrastive_loss: 0.3695847903937101
2026-06-06 13:16:26,918 - INFO - main - step 27800: total_loss: 2.6097525203228, prompt_loss: 1.8900819110870362, contrastive_loss: 0.326365776611492
2026-06-06 13:16:43,623 - INFO - main - step 27900: total_loss: 2.6377911150455473, prompt_loss: 1.9254938113689422, contrastive_loss: 0.3348349104821682
2026-06-06 13:16:59,000 - INFO - main - step 28000: total_loss: 2.5897899079322815, prompt_loss: 1.8921660220623016, contrastive_loss: 0.33664493266493084
2026-06-06 13:16:59,000 - INFO - main - ###### Taking snapshot ######
2026-06-06 13:17:17,161 - INFO - main - step 28100: total_loss: 2.6703605318069457, prompt_loss: 1.9630872368812562, contrastive_loss: 0.32193901758641
2026-06-06 13:17:32,644 - INFO - main - step 28200: total_loss: 2.607188355922699, prompt_loss: 1.9176483035087586, contrastive_loss: 0.33129122303798797
2026-06-06 13:17:47,895 - INFO - main - step 28300: total_loss: 2.651910836696625, prompt_loss: 1.9408262753486634, contrastive_loss: 0.32976096697151663
2026-06-06 13:18:03,423 - INFO - main - step 28400: total_loss: 2.5926544916629792, prompt_loss: 1.8937100207805633, contrastive_loss: 0.34835969280451534
2026-06-06 13:18:17,851 - INFO - main - step 28500: total_loss: 2.5539037811756136, prompt_loss: 1.8646318113803864, contrastive_loss: 0.33571086258045396
2026-06-06 13:18:33,324 - INFO - main - step 28600: total_loss: 2.6491784155368805, prompt_loss: 1.9471490740776063, contrastive_loss: 0.3277847272437066
2026-06-06 13:18:50,198 - INFO - main - step 28700: total_loss: 2.442259316444397, prompt_loss: 1.783076869249344, contrastive_loss: 0.32021588475443424
2026-06-06 13:19:05,596 - INFO - main - step 28800: total_loss: 2.559898887872696, prompt_loss: 1.875491704940796, contrastive_loss: 0.31388913396629503
2026-06-06 13:19:21,749 - INFO - main - step 28900: total_loss: 2.6148876333236695, prompt_loss: 1.923095442056656, contrastive_loss: 0.3303156591579318
2026-06-06 13:19:37,694 - INFO - main - step 29000: total_loss: 2.64083221077919, prompt_loss: 1.944748077392578, contrastive_loss: 0.32558196019381286
2026-06-06 13:19:37,694 - INFO - main - ###### Taking snapshot ######
2026-06-06 13:19:47,540 - INFO - main - This is epoch "14" of "19" epochs.
2026-06-06 13:19:56,910 - INFO - main - step 29100: total_loss: 2.534333120584488, prompt_loss: 1.8634499430656433, contrastive_loss: 0.31943193678744136
2026-06-06 13:20:14,510 - INFO - main - step 29200: total_loss: 2.678750014305115, prompt_loss: 1.9834809136390685, contrastive_loss: 0.32596721142530444
2026-06-06 13:20:30,373 - INFO - main - step 29300: total_loss: 2.7148144268989562, prompt_loss: 1.9943925261497497, contrastive_loss: 0.3567182936519384
2026-06-06 13:20:48,405 - INFO - main - step 29400: total_loss: 2.640268243551254, prompt_loss: 1.9611260056495667, contrastive_loss: 0.32968282436951996
2026-06-06 13:21:04,895 - INFO - main - step 29500: total_loss: 2.5567610573768618, prompt_loss: 1.8657721531391145, contrastive_loss: 0.3261893976479769
2026-06-06 13:21:20,684 - INFO - main - step 29600: total_loss: 2.521137379407883, prompt_loss: 1.8657819986343385, contrastive_loss: 0.30443652957561423
2026-06-06 13:21:36,628 - INFO - main - step 29700: total_loss: 2.603868565559387, prompt_loss: 1.9064873588085174, contrastive_loss: 0.3502452092804015
2026-06-06 13:21:52,977 - INFO - main - step 29800: total_loss: 2.595452148914337, prompt_loss: 1.8965774989128112, contrastive_loss: 0.3407203878130531
2026-06-06 13:22:08,487 - INFO - main - step 29900: total_loss: 2.546951950788498, prompt_loss: 1.8737532329559325, contrastive_loss: 0.31371897253207864
2026-06-06 13:22:24,702 - INFO - main - step 30000: total_loss: 2.559130847454071, prompt_loss: 1.8710317361354827, contrastive_loss: 0.3156706377398223
2026-06-06 13:22:24,702 - INFO - main - ###### Taking snapshot ######
2026-06-06 13:22:40,857 - INFO - main - step 30100: total_loss: 2.51776935338974, prompt_loss: 1.8499911499023438, contrastive_loss: 0.31056598011404274
2026-06-06 13:22:57,846 - INFO - main - step 30200: total_loss: 2.6866155779361724, prompt_loss: 1.9732290029525756, contrastive_loss: 0.33379851750098166
2026-06-06 13:23:13,962 - INFO - main - step 30300: total_loss: 2.5119369769096376, prompt_loss: 1.850126953125, contrastive_loss: 0.30278894743416457
2026-06-06 13:23:30,781 - INFO - main - step 30400: total_loss: 2.620921012163162, prompt_loss: 1.9284564471244812, contrastive_loss: 0.3292624567821622
2026-06-06 13:23:44,412 - INFO - main - step 30500: total_loss: 2.63988352060318, prompt_loss: 1.9410517525672912, contrastive_loss: 0.33048962527886033
2026-06-06 13:24:00,741 - INFO - main - step 30600: total_loss: 2.6159788739681242, prompt_loss: 1.9228801822662354, contrastive_loss: 0.32546192966401577
2026-06-06 13:24:17,514 - INFO - main - step 30700: total_loss: 2.5879379057884218, prompt_loss: 1.909547473192215, contrastive_loss: 0.3164878903049976
2026-06-06 13:24:33,398 - INFO - main - step 30800: total_loss: 2.668508516550064, prompt_loss: 1.9609653770923614, contrastive_loss: 0.33614445561543105
2026-06-06 13:24:50,336 - INFO - main - step 30900: total_loss: 2.652702133655548, prompt_loss: 1.955770732164383, contrastive_loss: 0.3308577699121088
2026-06-06 13:25:05,811 - INFO - main - step 31000: total_loss: 2.6769765210151673, prompt_loss: 1.9545792996883393, contrastive_loss: 0.3513622486591339
2026-06-06 13:25:05,811 - INFO - main - ###### Taking snapshot ######
2026-06-06 13:25:21,525 - INFO - main - step 31100: total_loss: 2.6217897963523864, prompt_loss: 1.9340950286388396, contrastive_loss: 0.32675714132376016
2026-06-06 13:25:26,267 - INFO - main - This is epoch "15" of "19" epochs.
2026-06-06 13:25:41,381 - INFO - main - step 31200: total_loss: 2.648676527738571, prompt_loss: 1.9778229153156281, contrastive_loss: 0.32269735032692554
2026-06-06 13:25:56,593 - INFO - main - step 31300: total_loss: 2.548000866174698, prompt_loss: 1.868342101573944, contrastive_loss: 0.3348649017815478
2026-06-06 13:26:11,412 - INFO - main - step 31400: total_loss: 2.6832745587825775, prompt_loss: 2.0191611087322237, contrastive_loss: 0.30408389776945116
2026-06-06 13:26:28,582 - INFO - main - step 31500: total_loss: 2.6553169965744017, prompt_loss: 1.999988545179367, contrastive_loss: 0.3080460527096875
2026-06-06 13:26:46,177 - INFO - main - step 31600: total_loss: 2.5455044889450074, prompt_loss: 1.8857546710968018, contrastive_loss: 0.3026667320655542
2026-06-06 13:27:02,612 - INFO - main - step 31700: total_loss: 2.6825554645061493, prompt_loss: 1.980275639295578, contrastive_loss: 0.339618173437193
2026-06-06 13:27:18,337 - INFO - main - step 31800: total_loss: 2.5454253900051116, prompt_loss: 1.9106962287425995, contrastive_loss: 0.2952732806489803
2026-06-06 13:27:34,955 - INFO - main - step 31900: total_loss: 2.66634259223938, prompt_loss: 1.995834677219391, contrastive_loss: 0.29726595759391783
2026-06-06 13:27:51,159 - INFO - main - step 32000: total_loss: 2.587854400873184, prompt_loss: 1.9290636837482453, contrastive_loss: 0.3144518421404064
2026-06-06 13:27:51,160 - INFO - main - ###### Taking snapshot ######
2026-06-06 13:28:09,247 - INFO - main - step 32100: total_loss: 2.55882178068161, prompt_loss: 1.9014877820014953, contrastive_loss: 0.2941839784011245
2026-06-06 13:28:24,154 - INFO - main - step 32200: total_loss: 2.5761045634746553, prompt_loss: 1.880172345638275, contrastive_loss: 0.3257381727360189
2026-06-06 13:28:42,322 - INFO - main - step 32300: total_loss: 2.579992458820343, prompt_loss: 1.9129959511756898, contrastive_loss: 0.29775660193292425
2026-06-06 13:28:57,796 - INFO - main - step 32400: total_loss: 2.5939513647556307, prompt_loss: 1.936164184808731, contrastive_loss: 0.3189686429174617
2026-06-06 13:29:14,019 - INFO - main - step 32500: total_loss: 2.5920836567878722, prompt_loss: 1.9092345583438872, contrastive_loss: 0.3274084989656694
2026-06-06 13:29:30,408 - INFO - main - step 32600: total_loss: 2.6976461923122406, prompt_loss: 1.971958976984024, contrastive_loss: 0.3428576810657978
2026-06-06 13:29:46,517 - INFO - main - step 32700: total_loss: 2.5615040636062623, prompt_loss: 1.9264989054203034, contrastive_loss: 0.3044521698867902
2026-06-06 13:30:02,570 - INFO - main - step 32800: total_loss: 2.6315260899066923, prompt_loss: 1.960483294725418, contrastive_loss: 0.32571416763355954
2026-06-06 13:30:19,266 - INFO - main - step 32900: total_loss: 2.6459487402439117, prompt_loss: 1.9893624353408814, contrastive_loss: 0.28863491158466786
2026-06-06 13:30:35,741 - INFO - main - step 33000: total_loss: 2.659520674943924, prompt_loss: 1.9788356506824494, contrastive_loss: 0.31300172816962
2026-06-06 13:30:35,741 - INFO - main - ###### Taking snapshot ######
2026-06-06 13:30:50,872 - INFO - main - step 33100: total_loss: 2.6716134870052337, prompt_loss: 1.999655519723892, contrastive_loss: 0.32739717200398444
2026-06-06 13:31:07,827 - INFO - main - step 33200: total_loss: 2.6857658076286315, prompt_loss: 2.013574740886688, contrastive_loss: 0.30367633829126134
2026-06-06 13:31:07,938 - INFO - main - This is epoch "16" of "19" epochs.
2026-06-06 13:31:25,231 - INFO - main - step 33300: total_loss: 2.645290461778641, prompt_loss: 1.994580955505371, contrastive_loss: 0.30594658037647604
2026-06-06 13:31:40,925 - INFO - main - step 33400: total_loss: 2.648822557926178, prompt_loss: 1.9617748320102693, contrastive_loss: 0.3265042196586728
2026-06-06 13:31:58,491 - INFO - main - step 33500: total_loss: 2.5652298092842103, prompt_loss: 1.8749522972106933, contrastive_loss: 0.325282312463969
2026-06-06 13:32:14,989 - INFO - main - step 33600: total_loss: 2.5345855009555818, prompt_loss: 1.8851396775245666, contrastive_loss: 0.30717968929187917
2026-06-06 13:32:31,123 - INFO - main - step 33700: total_loss: 2.6354211807250976, prompt_loss: 1.9345459973812102, contrastive_loss: 0.3299791130237281
2026-06-06 13:32:45,872 - INFO - main - step 33800: total_loss: 2.6283722949028014, prompt_loss: 1.9696035289764404, contrastive_loss: 0.316551199464011
2026-06-06 13:33:00,041 - INFO - main - step 33900: total_loss: 2.622167465686798, prompt_loss: 1.9361291229724884, contrastive_loss: 0.3303219390846789
2026-06-06 13:33:16,839 - INFO - main - step 34000: total_loss: 2.5238736510276794, prompt_loss: 1.8756528186798096, contrastive_loss: 0.2992271100357175
2026-06-06 13:33:16,839 - INFO - main - ###### Taking snapshot ######
2026-06-06 13:33:33,175 - INFO - main - step 34100: total_loss: 2.5476910603046417, prompt_loss: 1.894244784116745, contrastive_loss: 0.3011375313252211
2026-06-06 13:33:49,520 - INFO - main - step 34200: total_loss: 2.6714532470703123, prompt_loss: 1.9823409855365752, contrastive_loss: 0.3259350813459605
2026-06-06 13:34:05,039 - INFO - main - step 34300: total_loss: 2.5929887890815735, prompt_loss: 1.9304004681110383, contrastive_loss: 0.3090072591602802
2026-06-06 13:34:20,925 - INFO - main - step 34400: total_loss: 2.734199484586716, prompt_loss: 2.0853643107414244, contrastive_loss: 0.2952868015598506
2026-06-06 13:34:37,033 - INFO - main - step 34500: total_loss: 2.6502554392814637, prompt_loss: 2.012676455974579, contrastive_loss: 0.2941893703863025
2026-06-06 13:34:53,202 - INFO - main - step 34600: total_loss: 2.5756842255592347, prompt_loss: 1.9252067351341247, contrastive_loss: 0.3056469330051914
2026-06-06 13:35:11,958 - INFO - main - step 34700: total_loss: 2.6221087801456453, prompt_loss: 1.9630830097198486, contrastive_loss: 0.30875110007124024
2026-06-06 13:35:28,915 - INFO - main - step 34800: total_loss: 2.7038775372505186, prompt_loss: 2.007746171951294, contrastive_loss: 0.33453325627371666
2026-06-06 13:35:43,650 - INFO - main - step 34900: total_loss: 2.529763662815094, prompt_loss: 1.879235450029373, contrastive_loss: 0.2972076524980366
2026-06-06 13:36:00,116 - INFO - main - step 35000: total_loss: 2.5488088178634642, prompt_loss: 1.9007981145381927, contrastive_loss: 0.3106278648003354
2026-06-06 13:36:00,117 - INFO - main - ###### Taking snapshot ######
2026-06-06 13:36:16,667 - INFO - main - step 35100: total_loss: 2.6265334165096283, prompt_loss: 1.934839723110199, contrastive_loss: 0.3285628760419786
2026-06-06 13:36:33,594 - INFO - main - step 35200: total_loss: 2.635558533668518, prompt_loss: 1.9731937968730926, contrastive_loss: 0.3151254682801664
2026-06-06 13:36:45,373 - INFO - main - This is epoch "17" of "19" epochs.
2026-06-06 13:36:50,291 - INFO - main - step 35300: total_loss: 2.5220495104789733, prompt_loss: 1.8994735670089722, contrastive_loss: 0.27948979603126645
2026-06-06 13:37:06,845 - INFO - main - step 35400: total_loss: 2.597752240896225, prompt_loss: 1.9230000066757202, contrastive_loss: 0.3259771925071254
2026-06-06 13:37:21,639 - INFO - main - step 35500: total_loss: 2.5875575971603393, prompt_loss: 1.922117829322815, contrastive_loss: 0.3071989271976054
2026-06-06 13:37:39,814 - INFO - main - step 35600: total_loss: 2.661913115978241, prompt_loss: 2.0068796670436857, contrastive_loss: 0.2931699518673122
2026-06-06 13:37:55,238 - INFO - main - step 35700: total_loss: 2.73198611497879, prompt_loss: 2.030410352945328, contrastive_loss: 0.3256890331581235
2026-06-06 13:38:12,506 - INFO - main - step 35800: total_loss: 2.6001992070674897, prompt_loss: 1.9569648218154907, contrastive_loss: 0.2837805725261569
2026-06-06 13:38:28,254 - INFO - main - step 35900: total_loss: 2.6645796763896943, prompt_loss: 2.0001842522621156, contrastive_loss: 0.31121704280376433
2026-06-06 13:38:44,065 - INFO - main - step 36000: total_loss: 2.6204136872291564, prompt_loss: 1.967111018896103, contrastive_loss: 0.29321375193074345
2026-06-06 13:38:44,066 - INFO - main - ###### Taking snapshot ######
2026-06-06 13:39:01,554 - INFO - main - step 36100: total_loss: 2.485696041584015, prompt_loss: 1.8702418673038483, contrastive_loss: 0.28704481982626023
2026-06-06 13:39:16,566 - INFO - main - step 36200: total_loss: 2.5304895091056823, prompt_loss: 1.8923603260517121, contrastive_loss: 0.2957956503913738
2026-06-06 13:39:31,309 - INFO - main - step 36300: total_loss: 2.6411438250541686, prompt_loss: 1.9641876363754271, contrastive_loss: 0.3318224584683776
2026-06-06 13:39:49,383 - INFO - main - step 36400: total_loss: 2.5750306856632235, prompt_loss: 1.9223614525794983, contrastive_loss: 0.33595556756947187
2026-06-06 13:40:07,367 - INFO - main - step 36500: total_loss: 2.5654786109924315, prompt_loss: 1.9281067490577697, contrastive_loss: 0.29949286035960543
2026-06-06 13:40:25,143 - INFO - main - step 36600: total_loss: 2.528122252225876, prompt_loss: 1.8994836926460266, contrastive_loss: 0.2875536869931966
2026-06-06 13:40:41,536 - INFO - main - step 36700: total_loss: 2.5753271234035493, prompt_loss: 1.9172941660881042, contrastive_loss: 0.2790593165904284
2026-06-06 13:40:55,886 - INFO - main - step 36800: total_loss: 2.5195033776760103, prompt_loss: 1.900719405412674, contrastive_loss: 0.28005895455367863
2026-06-06 13:41:10,641 - INFO - main - step 36900: total_loss: 2.6792546796798704, prompt_loss: 2.041582951545715, contrastive_loss: 0.26563610378652813
2026-06-06 13:41:24,465 - INFO - main - step 37000: total_loss: 2.6216382682323456, prompt_loss: 2.0125647389888766, contrastive_loss: 0.29704472271725535
2026-06-06 13:41:24,465 - INFO - main - ###### Taking snapshot ######
2026-06-06 13:41:40,754 - INFO - main - step 37100: total_loss: 2.578185985088348, prompt_loss: 1.9100387299060821, contrastive_loss: 0.32225289416499436
2026-06-06 13:41:57,549 - INFO - main - step 37200: total_loss: 2.5856665563583374, prompt_loss: 1.9481867587566375, contrastive_loss: 0.30021610849536956
2026-06-06 13:42:12,423 - INFO - main - step 37300: total_loss: 2.6153592014312745, prompt_loss: 1.9958164739608764, contrastive_loss: 0.28612376991193744
2026-06-06 13:42:21,067 - INFO - main - This is epoch "18" of "19" epochs.
2026-06-06 13:42:29,724 - INFO - main - step 37400: total_loss: 2.600508209466934, prompt_loss: 1.974929131269455, contrastive_loss: 0.2779337092116475
2026-06-06 13:42:46,058 - INFO - main - step 37500: total_loss: 2.595980554819107, prompt_loss: 1.9753687357902527, contrastive_loss: 0.2800852879579179
2026-06-06 13:43:02,918 - INFO - main - step 37600: total_loss: 2.7180091750621798, prompt_loss: 2.0393168258666994, contrastive_loss: 0.31430294051766394
2026-06-06 13:43:17,755 - INFO - main - step 37700: total_loss: 2.6232846784591675, prompt_loss: 1.9500592577457427, contrastive_loss: 0.3255530936829746
2026-06-06 13:43:33,513 - INFO - main - step 37800: total_loss: 2.644141830205917, prompt_loss: 1.9806696164608002, contrastive_loss: 0.31317604165524243
2026-06-06 13:43:52,338 - INFO - main - step 37900: total_loss: 2.6571357321739195, prompt_loss: 2.026204516887665, contrastive_loss: 0.29462015725672247
2026-06-06 13:44:09,475 - INFO - main - step 38000: total_loss: 2.6314593935012818, prompt_loss: 1.9844179165363312, contrastive_loss: 0.2800416543148458
2026-06-06 13:44:09,475 - INFO - main - ###### Taking snapshot ######
2026-06-06 13:44:24,686 - INFO - main - step 38100: total_loss: 2.590629208087921, prompt_loss: 1.957847032546997, contrastive_loss: 0.2821859298215713
2026-06-06 13:44:40,665 - INFO - main - step 38200: total_loss: 2.6456038761138916, prompt_loss: 2.0149678874015806, contrastive_loss: 0.2783123453409644
2026-06-06 13:44:59,228 - INFO - main - step 38300: total_loss: 2.7134527552127836, prompt_loss: 2.0550726461410522, contrastive_loss: 0.30143816193565726
2026-06-06 13:45:14,480 - INFO - main - step 38400: total_loss: 2.5759099769592284, prompt_loss: 1.9412594628334046, contrastive_loss: 0.28803013877011835
2026-06-06 13:45:31,375 - INFO - main - step 38500: total_loss: 2.6691183578968047, prompt_loss: 2.042329658269882, contrastive_loss: 0.28399163502268493
2026-06-06 13:45:46,605 - INFO - main - step 38600: total_loss: 2.6268543100357054, prompt_loss: 2.0053493773937223, contrastive_loss: 0.2898304857686162
2026-06-06 13:46:03,009 - INFO - main - step 38700: total_loss: 2.717573895454407, prompt_loss: 2.0707866871356964, contrastive_loss: 0.3012573019042611
2026-06-06 13:46:17,547 - INFO - main - step 38800: total_loss: 2.6400687611103058, prompt_loss: 1.9974769628047944, contrastive_loss: 0.30042069775983693
2026-06-06 13:46:32,300 - INFO - main - step 38900: total_loss: 2.54028088927269, prompt_loss: 1.9010967028141021, contrastive_loss: 0.29472768802195787
2026-06-06 13:46:49,869 - INFO - main - step 39000: total_loss: 2.6522277748584746, prompt_loss: 1.9944242286682128, contrastive_loss: 0.3043018847890198
2026-06-06 13:46:49,870 - INFO - main - ###### Taking snapshot ######
2026-06-06 13:47:06,369 - INFO - main - step 39100: total_loss: 2.7112257254123686, prompt_loss: 2.048343037366867, contrastive_loss: 0.29211830710992215
2026-06-06 13:47:20,958 - INFO - main - step 39200: total_loss: 2.630778297185898, prompt_loss: 1.9742069518566132, contrastive_loss: 0.3216221384704113
2026-06-06 13:47:35,441 - INFO - main - step 39300: total_loss: 2.5619446909427643, prompt_loss: 1.973770525455475, contrastive_loss: 0.2804139309190214
2026-06-06 13:47:52,763 - INFO - main - step 39400: total_loss: 2.5154669320583345, prompt_loss: 1.9248272383213043, contrastive_loss: 0.2664677055145148
2026-06-06 13:47:56,568 - INFO - main - End of training.
