2026-06-06 10:20:02,631 - INFO - main - Run "train_isic_setting1_cv1" with ID "2"
2026-06-06 10:20:02,814 - INFO - main - Create model...
2026-06-06 10:20:03,880 - INFO - main - Set optimizer...
2026-06-06 10:20:03,882 - INFO - main - Load data...
2026-06-06 10:20:03,888 - INFO - main - Start training...
2026-06-06 10:20:03,888 - INFO - main - This is epoch "0" of "13" epochs.
2026-06-06 10:20:40,527 - INFO - main - step 100: total_loss: 2283.654352416992, prompt_loss: 2280.6589392089845, contrastive_loss: 1.2324248600006102
2026-06-06 10:20:55,583 - INFO - main - step 200: total_loss: 429.55407516479494, prompt_loss: 427.41558700561524, contrastive_loss: 1.2562291085720063
2026-06-06 10:21:11,891 - INFO - main - step 300: total_loss: 186.68548126220702, prompt_loss: 184.75476020812988, contrastive_loss: 1.2810234820842743
2026-06-06 10:21:26,375 - INFO - main - step 400: total_loss: 108.56110168457032, prompt_loss: 106.63635787963867, contrastive_loss: 1.2964412343502045
2026-06-06 10:21:39,175 - INFO - main - step 500: total_loss: 68.83539649963379, prompt_loss: 66.86722064971924, contrastive_loss: 1.3201339542865753
2026-06-06 10:21:54,047 - INFO - main - step 600: total_loss: 49.15013671875, prompt_loss: 47.191994743347166, contrastive_loss: 1.3181206810474395
2026-06-06 10:22:07,946 - INFO - main - step 700: total_loss: 35.53322389602661, prompt_loss: 33.55784145355224, contrastive_loss: 1.3307642138004303
2026-06-06 10:22:24,172 - INFO - main - step 800: total_loss: 26.575708179473878, prompt_loss: 24.591937923431395, contrastive_loss: 1.3313846373558045
2026-06-06 10:22:39,663 - INFO - main - step 900: total_loss: 20.826829233169555, prompt_loss: 18.846165914535522, contrastive_loss: 1.340787833929062
2026-06-06 10:22:55,099 - INFO - main - step 1000: total_loss: 16.554585304260254, prompt_loss: 14.573424968719483, contrastive_loss: 1.3447129476070403
2026-06-06 10:22:55,099 - INFO - main - ###### Taking snapshot ######
2026-06-06 10:23:10,765 - INFO - main - step 1100: total_loss: 13.795970067977905, prompt_loss: 11.798250417709351, contrastive_loss: 1.3452810883522033
2026-06-06 10:23:25,625 - INFO - main - step 1200: total_loss: 11.32350019454956, prompt_loss: 9.323323230743409, contrastive_loss: 1.3522505474090576
2026-06-06 10:23:39,842 - INFO - main - step 1300: total_loss: 9.871287631988526, prompt_loss: 7.869551935195923, contrastive_loss: 1.3552771782875062
2026-06-06 10:23:55,644 - INFO - main - step 1400: total_loss: 8.637880563735962, prompt_loss: 6.619981966018677, contrastive_loss: 1.3581473970413207
2026-06-06 10:24:09,630 - INFO - main - step 1500: total_loss: 7.882761578559876, prompt_loss: 5.871081576347351, contrastive_loss: 1.3564740645885467
2026-06-06 10:24:24,194 - INFO - main - step 1600: total_loss: 7.110420217514038, prompt_loss: 5.119642496109009, contrastive_loss: 1.3579480731487275
2026-06-06 10:24:38,843 - INFO - main - step 1700: total_loss: 6.436260757446289, prompt_loss: 4.429115149974823, contrastive_loss: 1.3622183465957642
2026-06-06 10:24:53,389 - INFO - main - step 1800: total_loss: 6.1912578058242795, prompt_loss: 4.184272813796997, contrastive_loss: 1.360866026878357
2026-06-06 10:25:06,712 - INFO - main - step 1900: total_loss: 5.766797137260437, prompt_loss: 3.7535322666168214, contrastive_loss: 1.3653686583042144
2026-06-06 10:25:20,798 - INFO - main - step 2000: total_loss: 5.564434304237365, prompt_loss: 3.549487783908844, contrastive_loss: 1.3637909054756165
2026-06-06 10:25:20,798 - INFO - main - ###### Taking snapshot ######
2026-06-06 10:25:32,817 - INFO - main - This is epoch "1" of "13" epochs.
2026-06-06 10:25:36,674 - INFO - main - step 2100: total_loss: 5.3177777290344235, prompt_loss: 3.304469282627106, contrastive_loss: 1.3668218922615052
2026-06-06 10:25:52,937 - INFO - main - step 2200: total_loss: 5.101077117919922, prompt_loss: 3.0849847650527953, contrastive_loss: 1.3668499851226807
2026-06-06 10:26:07,992 - INFO - main - step 2300: total_loss: 5.003766541481018, prompt_loss: 2.9951917791366576, contrastive_loss: 1.364860736131668
2026-06-06 10:26:24,451 - INFO - main - step 2400: total_loss: 4.878787226676941, prompt_loss: 2.8559046959877015, contrastive_loss: 1.3664247584342957
2026-06-06 10:26:37,628 - INFO - main - step 2500: total_loss: 4.780961906909942, prompt_loss: 2.7525330770015715, contrastive_loss: 1.3728777813911437
2026-06-06 10:26:52,144 - INFO - main - step 2600: total_loss: 4.705117943286896, prompt_loss: 2.6936535060405733, contrastive_loss: 1.3664150738716125
2026-06-06 10:27:07,057 - INFO - main - step 2700: total_loss: 4.645177140235901, prompt_loss: 2.6286483538150787, contrastive_loss: 1.3720465540885924
2026-06-06 10:27:21,639 - INFO - main - step 2800: total_loss: 4.594671702384948, prompt_loss: 2.570955458879471, contrastive_loss: 1.3714665412902831
2026-06-06 10:27:36,961 - INFO - main - step 2900: total_loss: 4.6101333832740785, prompt_loss: 2.590564694404602, contrastive_loss: 1.3693814039230348
2026-06-06 10:27:51,255 - INFO - main - step 3000: total_loss: 4.6229252123832705, prompt_loss: 2.594383500814438, contrastive_loss: 1.369121071100235
2026-06-06 10:27:51,256 - INFO - main - ###### Taking snapshot ######
2026-06-06 10:28:06,358 - INFO - main - step 3100: total_loss: 4.425879817008973, prompt_loss: 2.3940440225601196, contrastive_loss: 1.373467628955841
2026-06-06 10:28:21,399 - INFO - main - step 3200: total_loss: 4.506331446170807, prompt_loss: 2.486650321483612, contrastive_loss: 1.368761522769928
2026-06-06 10:28:37,016 - INFO - main - step 3300: total_loss: 4.473556821346283, prompt_loss: 2.4632755267620086, contrastive_loss: 1.3677310419082642
2026-06-06 10:28:51,916 - INFO - main - step 3400: total_loss: 4.400453591346741, prompt_loss: 2.387867661714554, contrastive_loss: 1.3701177525520325
2026-06-06 10:29:10,036 - INFO - main - step 3500: total_loss: 4.365937757492065, prompt_loss: 2.3658660793304445, contrastive_loss: 1.3662420070171357
2026-06-06 10:29:25,584 - INFO - main - step 3600: total_loss: 4.537947454452515, prompt_loss: 2.516453402042389, contrastive_loss: 1.3691984462738036
2026-06-06 10:29:42,983 - INFO - main - step 3700: total_loss: 4.409796180725098, prompt_loss: 2.393398177623749, contrastive_loss: 1.3646742701530457
2026-06-06 10:29:58,198 - INFO - main - step 3800: total_loss: 4.298491842746735, prompt_loss: 2.289745944738388, contrastive_loss: 1.369742214679718
2026-06-06 10:30:11,943 - INFO - main - step 3900: total_loss: 4.312832174301147, prompt_loss: 2.3008188617229464, contrastive_loss: 1.3710903894901276
2026-06-06 10:30:27,011 - INFO - main - step 4000: total_loss: 4.279523272514343, prompt_loss: 2.2756178998947143, contrastive_loss: 1.3668426537513734
2026-06-06 10:30:27,012 - INFO - main - ###### Taking snapshot ######
2026-06-06 10:30:44,367 - INFO - main - step 4100: total_loss: 4.463495843410492, prompt_loss: 2.4456554675102233, contrastive_loss: 1.369367492198944
2026-06-06 10:30:53,116 - INFO - main - This is epoch "2" of "13" epochs.
2026-06-06 10:31:01,105 - INFO - main - step 4200: total_loss: 4.20259840965271, prompt_loss: 2.1961732399463654, contrastive_loss: 1.3686016535758971
2026-06-06 10:31:17,108 - INFO - main - step 4300: total_loss: 4.232708909511566, prompt_loss: 2.2141149270534517, contrastive_loss: 1.3707961320877076
2026-06-06 10:31:30,979 - INFO - main - step 4400: total_loss: 4.297459754943848, prompt_loss: 2.293737771511078, contrastive_loss: 1.3648858726024629
2026-06-06 10:31:44,366 - INFO - main - step 4500: total_loss: 4.227959530353546, prompt_loss: 2.2187741768360136, contrastive_loss: 1.3666118550300599
2026-06-06 10:32:00,657 - INFO - main - step 4600: total_loss: 4.221458163261413, prompt_loss: 2.207719601392746, contrastive_loss: 1.367247552871704
2026-06-06 10:32:16,382 - INFO - main - step 4700: total_loss: 4.21489618062973, prompt_loss: 2.21777294754982, contrastive_loss: 1.3617915642261504
2026-06-06 10:32:31,328 - INFO - main - step 4800: total_loss: 4.177429745197296, prompt_loss: 2.167519555091858, contrastive_loss: 1.3653922188282013
2026-06-06 10:32:46,642 - INFO - main - step 4900: total_loss: 4.202928643226624, prompt_loss: 2.196556415557861, contrastive_loss: 1.3629143500328065
2026-06-06 10:33:02,736 - INFO - main - step 5000: total_loss: 4.264192800521851, prompt_loss: 2.261333256959915, contrastive_loss: 1.3617590391635894
2026-06-06 10:33:02,737 - INFO - main - ###### Taking snapshot ######
2026-06-06 10:33:18,604 - INFO - main - step 5100: total_loss: 4.198362987041474, prompt_loss: 2.2027762973308564, contrastive_loss: 1.3587034356594085
2026-06-06 10:33:33,183 - INFO - main - step 5200: total_loss: 4.2539982104301455, prompt_loss: 2.2645580410957336, contrastive_loss: 1.3578063249588013
2026-06-06 10:33:47,521 - INFO - main - step 5300: total_loss: 4.221761555671692, prompt_loss: 2.217878570556641, contrastive_loss: 1.357037307024002
2026-06-06 10:34:01,331 - INFO - main - step 5400: total_loss: 4.242381651401519, prompt_loss: 2.2537562930583954, contrastive_loss: 1.3604248452186585
2026-06-06 10:34:18,043 - INFO - main - step 5500: total_loss: 4.212809667587281, prompt_loss: 2.2231625580787657, contrastive_loss: 1.3541487228870392
2026-06-06 10:34:33,316 - INFO - main - step 5600: total_loss: 4.211215052604675, prompt_loss: 2.2277904307842253, contrastive_loss: 1.3482832419872284
2026-06-06 10:34:48,792 - INFO - main - step 5700: total_loss: 4.21241908788681, prompt_loss: 2.2290486657619475, contrastive_loss: 1.3547133791446686
2026-06-06 10:35:04,187 - INFO - main - step 5800: total_loss: 4.046945416927338, prompt_loss: 2.0734342551231384, contrastive_loss: 1.3509113585948944
2026-06-06 10:35:18,268 - INFO - main - step 5900: total_loss: 4.142310945987702, prompt_loss: 2.16649911403656, contrastive_loss: 1.349894299507141
2026-06-06 10:35:34,603 - INFO - main - step 6000: total_loss: 4.15361775636673, prompt_loss: 2.1892104399204255, contrastive_loss: 1.3380412483215331
2026-06-06 10:35:34,603 - INFO - main - ###### Taking snapshot ######
2026-06-06 10:35:49,225 - INFO - main - step 6100: total_loss: 4.160550704002381, prompt_loss: 2.1880580735206605, contrastive_loss: 1.3447298991680146
2026-06-06 10:36:04,672 - INFO - main - step 6200: total_loss: 4.219090847969055, prompt_loss: 2.2494530296325683, contrastive_loss: 1.3380679154396058
2026-06-06 10:36:09,176 - INFO - main - This is epoch "3" of "13" epochs.
2026-06-06 10:36:21,912 - INFO - main - step 6300: total_loss: 4.140853533744812, prompt_loss: 2.183217713832855, contrastive_loss: 1.3319737100601197
2026-06-06 10:36:40,487 - INFO - main - step 6400: total_loss: 4.207222151756286, prompt_loss: 2.2585075652599333, contrastive_loss: 1.3337265419960023
2026-06-06 10:36:54,859 - INFO - main - step 6500: total_loss: 4.176902284622193, prompt_loss: 2.2329251956939697, contrastive_loss: 1.3290127098560334
2026-06-06 10:37:10,843 - INFO - main - step 6600: total_loss: 4.14822881937027, prompt_loss: 2.2079285979270935, contrastive_loss: 1.3271145510673523
2026-06-06 10:37:25,477 - INFO - main - step 6700: total_loss: 4.138025431632996, prompt_loss: 2.2007554256916046, contrastive_loss: 1.3204954886436462
2026-06-06 10:37:41,097 - INFO - main - step 6800: total_loss: 4.175347588062286, prompt_loss: 2.2429638826847076, contrastive_loss: 1.316772519350052
2026-06-06 10:37:54,579 - INFO - main - step 6900: total_loss: 4.087911155223846, prompt_loss: 2.1795523309707643, contrastive_loss: 1.3064386558532715
2026-06-06 10:38:10,077 - INFO - main - step 7000: total_loss: 4.139674091339112, prompt_loss: 2.224371165037155, contrastive_loss: 1.3001328086853028
2026-06-06 10:38:10,077 - INFO - main - ###### Taking snapshot ######
2026-06-06 10:38:26,894 - INFO - main - step 7100: total_loss: 4.182510693073272, prompt_loss: 2.2864170360565184, contrastive_loss: 1.2978751790523528
2026-06-06 10:38:41,940 - INFO - main - step 7200: total_loss: 4.17300440788269, prompt_loss: 2.2797610914707183, contrastive_loss: 1.2887646603584288
2026-06-06 10:38:57,405 - INFO - main - step 7300: total_loss: 4.057954030036926, prompt_loss: 2.183589471578598, contrastive_loss: 1.2807746505737305
2026-06-06 10:39:13,361 - INFO - main - step 7400: total_loss: 4.005157282352448, prompt_loss: 2.1454963445663453, contrastive_loss: 1.2690489757061005
2026-06-06 10:39:27,068 - INFO - main - step 7500: total_loss: 4.07911367893219, prompt_loss: 2.2473758697509765, contrastive_loss: 1.251234961748123
2026-06-06 10:39:40,954 - INFO - main - step 7600: total_loss: 4.027202572822571, prompt_loss: 2.2058483123779298, contrastive_loss: 1.2447865152359008
2026-06-06 10:39:54,391 - INFO - main - step 7700: total_loss: 4.030308203697205, prompt_loss: 2.2395510387420656, contrastive_loss: 1.2301763463020325
2026-06-06 10:40:09,452 - INFO - main - step 7800: total_loss: 3.9390946316719053, prompt_loss: 2.1720088183879853, contrastive_loss: 1.210551471710205
2026-06-06 10:40:24,854 - INFO - main - step 7900: total_loss: 3.919872536659241, prompt_loss: 2.1641223788261414, contrastive_loss: 1.1994146192073822
2026-06-06 10:40:38,492 - INFO - main - step 8000: total_loss: 3.8895611500740053, prompt_loss: 2.161383146047592, contrastive_loss: 1.1793415713310242
2026-06-06 10:40:38,492 - INFO - main - ###### Taking snapshot ######
2026-06-06 10:40:56,417 - INFO - main - step 8100: total_loss: 3.8482129120826722, prompt_loss: 2.1505287539958955, contrastive_loss: 1.1573922175168991
2026-06-06 10:41:10,404 - INFO - main - step 8200: total_loss: 3.772941451072693, prompt_loss: 2.117990432977676, contrastive_loss: 1.1285655355453492
2026-06-06 10:41:24,710 - INFO - main - step 8300: total_loss: 3.6419448184967043, prompt_loss: 2.0172188341617585, contrastive_loss: 1.0965343391895295
2026-06-06 10:41:24,821 - INFO - main - This is epoch "4" of "13" epochs.
2026-06-06 10:41:40,486 - INFO - main - step 8400: total_loss: 3.5662846994400024, prompt_loss: 1.9639760637283326, contrastive_loss: 1.07430240213871
2026-06-06 10:41:57,679 - INFO - main - step 8500: total_loss: 3.675506520271301, prompt_loss: 2.0985710299015046, contrastive_loss: 1.0520748287439345
2026-06-06 10:42:13,555 - INFO - main - step 8600: total_loss: 3.523337366580963, prompt_loss: 2.0089092409610747, contrastive_loss: 1.0079401510953903
2026-06-06 10:42:28,996 - INFO - main - step 8700: total_loss: 3.437019371986389, prompt_loss: 1.9639675867557527, contrastive_loss: 0.966967654824257
2026-06-06 10:42:47,950 - INFO - main - step 8800: total_loss: 3.396477506160736, prompt_loss: 1.9560008656978607, contrastive_loss: 0.9322415864467621
2026-06-06 10:43:02,940 - INFO - main - step 8900: total_loss: 3.323279366493225, prompt_loss: 1.9102999079227447, contrastive_loss: 0.8968404281139374
2026-06-06 10:43:16,849 - INFO - main - step 9000: total_loss: 3.2279028153419493, prompt_loss: 1.8696715867519378, contrastive_loss: 0.8582765114307404
2026-06-06 10:43:16,849 - INFO - main - ###### Taking snapshot ######
2026-06-06 10:43:30,775 - INFO - main - step 9100: total_loss: 3.2333798360824586, prompt_loss: 1.9155100631713866, contrastive_loss: 0.8207057875394821
2026-06-06 10:43:44,299 - INFO - main - step 9200: total_loss: 3.2114804100990297, prompt_loss: 1.933253164291382, contrastive_loss: 0.7814675381779671
2026-06-06 10:44:01,689 - INFO - main - step 9300: total_loss: 3.1801368498802187, prompt_loss: 1.9507709419727326, contrastive_loss: 0.7412147331237793
2026-06-06 10:44:17,578 - INFO - main - step 9400: total_loss: 3.226230825185776, prompt_loss: 2.013604693412781, contrastive_loss: 0.7182753047347069
2026-06-06 10:44:34,260 - INFO - main - step 9500: total_loss: 3.1495110034942626, prompt_loss: 1.9954180645942687, contrastive_loss: 0.6609784153103828
2026-06-06 10:44:50,400 - INFO - main - step 9600: total_loss: 3.1659648323059084, prompt_loss: 2.0074472880363463, contrastive_loss: 0.6535990923643112
2026-06-06 10:45:05,945 - INFO - main - step 9700: total_loss: 3.1603073406219484, prompt_loss: 2.0519293093681337, contrastive_loss: 0.6039353315532208
2026-06-06 10:45:22,570 - INFO - main - step 9800: total_loss: 3.0384133219718934, prompt_loss: 1.9418669295310975, contrastive_loss: 0.6111335620284081
2026-06-06 10:45:36,857 - INFO - main - step 9900: total_loss: 3.082587468624115, prompt_loss: 1.9807328855991364, contrastive_loss: 0.5897047352790833
2026-06-06 10:45:53,205 - INFO - main - step 10000: total_loss: 2.988004981279373, prompt_loss: 1.997177186012268, contrastive_loss: 0.5284669986367225
2026-06-06 10:45:53,205 - INFO - main - ###### Taking snapshot ######
2026-06-06 10:46:07,260 - INFO - main - step 10100: total_loss: 3.068624727725983, prompt_loss: 2.0173618745803834, contrastive_loss: 0.5574432176351547
2026-06-06 10:46:22,741 - INFO - main - step 10200: total_loss: 3.007371666431427, prompt_loss: 1.9852733743190765, contrastive_loss: 0.5157606929540635
2026-06-06 10:46:39,473 - INFO - main - step 10300: total_loss: 3.0219529628753663, prompt_loss: 2.005725466012955, contrastive_loss: 0.5220300334692002
2026-06-06 10:46:50,460 - INFO - main - This is epoch "5" of "13" epochs.
2026-06-06 10:46:56,458 - INFO - main - step 10400: total_loss: 2.9729439997673035, prompt_loss: 1.9767565786838532, contrastive_loss: 0.510668007582426
2026-06-06 10:47:12,988 - INFO - main - step 10500: total_loss: 2.794920961856842, prompt_loss: 1.8276149141788482, contrastive_loss: 0.49197050262242553
2026-06-06 10:47:29,388 - INFO - main - step 10600: total_loss: 2.8939385974407195, prompt_loss: 1.9360526943206786, contrastive_loss: 0.47639502957463264
2026-06-06 10:47:45,194 - INFO - main - step 10700: total_loss: 2.9148435592651367, prompt_loss: 1.9678757226467132, contrastive_loss: 0.46756783947348596
2026-06-06 10:48:01,147 - INFO - main - step 10800: total_loss: 2.8362879371643066, prompt_loss: 1.9039512085914612, contrastive_loss: 0.47569245383143427
2026-06-06 10:48:14,672 - INFO - main - step 10900: total_loss: 2.926077538728714, prompt_loss: 1.9828032350540161, contrastive_loss: 0.46852963663637637
2026-06-06 10:48:30,049 - INFO - main - step 11000: total_loss: 2.793408886194229, prompt_loss: 1.8828474187850952, contrastive_loss: 0.44257315192371605
2026-06-06 10:48:30,050 - INFO - main - ###### Taking snapshot ######
2026-06-06 10:48:45,068 - INFO - main - step 11100: total_loss: 2.885569016933441, prompt_loss: 1.9652723395824432, contrastive_loss: 0.4254478330910206
2026-06-06 10:48:59,538 - INFO - main - step 11200: total_loss: 2.8557096767425536, prompt_loss: 1.9171850502490997, contrastive_loss: 0.45773465126752855
2026-06-06 10:49:14,055 - INFO - main - step 11300: total_loss: 2.8866441047191618, prompt_loss: 1.9628460383415223, contrastive_loss: 0.456356608569622
2026-06-06 10:49:29,352 - INFO - main - step 11400: total_loss: 2.8601583218574524, prompt_loss: 1.9368798315525055, contrastive_loss: 0.44471535846591
2026-06-06 10:49:43,714 - INFO - main - step 11500: total_loss: 2.825840609073639, prompt_loss: 1.9016535186767578, contrastive_loss: 0.4393986044079065
2026-06-06 10:49:58,235 - INFO - main - step 11600: total_loss: 2.8633167290687562, prompt_loss: 1.953172446489334, contrastive_loss: 0.4286430343985558
2026-06-06 10:50:12,610 - INFO - main - step 11700: total_loss: 2.8552145957946777, prompt_loss: 1.9071730196475982, contrastive_loss: 0.4548333826288581
2026-06-06 10:50:26,184 - INFO - main - step 11800: total_loss: 2.804133608341217, prompt_loss: 1.8764558696746827, contrastive_loss: 0.4629410980641842
2026-06-06 10:50:41,763 - INFO - main - step 11900: total_loss: 2.779939101934433, prompt_loss: 1.9208665537834166, contrastive_loss: 0.39481367729604244
2026-06-06 10:50:56,977 - INFO - main - step 12000: total_loss: 2.7908281683921814, prompt_loss: 1.87708846449852, contrastive_loss: 0.4430190759152174
2026-06-06 10:50:56,978 - INFO - main - ###### Taking snapshot ######
2026-06-06 10:51:13,585 - INFO - main - step 12100: total_loss: 2.7811835730075836, prompt_loss: 1.8793515956401825, contrastive_loss: 0.4355236501991749
2026-06-06 10:51:27,535 - INFO - main - step 12200: total_loss: 2.8259080982208253, prompt_loss: 1.9452468621730805, contrastive_loss: 0.41098623037338256
2026-06-06 10:51:42,309 - INFO - main - step 12300: total_loss: 2.8990175986289977, prompt_loss: 2.00090455532074, contrastive_loss: 0.4288894385844469
2026-06-06 10:51:57,561 - INFO - main - step 12400: total_loss: 2.8731906628608703, prompt_loss: 1.956938328742981, contrastive_loss: 0.4313039076328278
2026-06-06 10:52:05,217 - INFO - main - This is epoch "6" of "13" epochs.
2026-06-06 10:52:13,016 - INFO - main - step 12500: total_loss: 2.8277311158180236, prompt_loss: 1.954887820482254, contrastive_loss: 0.4145722559839487
2026-06-06 10:52:29,423 - INFO - main - step 12600: total_loss: 2.7512721741199493, prompt_loss: 1.8921399438381195, contrastive_loss: 0.398644274584949
2026-06-06 10:52:43,511 - INFO - main - step 12700: total_loss: 2.7733904767036437, prompt_loss: 1.88464781999588, contrastive_loss: 0.41865864127874375
2026-06-06 10:52:57,818 - INFO - main - step 12800: total_loss: 2.722674477100372, prompt_loss: 1.868660145998001, contrastive_loss: 0.39092681674752383
2026-06-06 10:53:12,768 - INFO - main - step 12900: total_loss: 2.7324236357212066, prompt_loss: 1.8737838685512542, contrastive_loss: 0.4072265226393938
2026-06-06 10:53:26,124 - INFO - main - step 13000: total_loss: 2.8257986950874328, prompt_loss: 1.9302205407619477, contrastive_loss: 0.42307035977020857
2026-06-06 10:53:26,124 - INFO - main - ###### Taking snapshot ######
2026-06-06 10:53:42,136 - INFO - main - step 13100: total_loss: 2.832647216320038, prompt_loss: 1.9422864019870758, contrastive_loss: 0.422916439473629
2026-06-06 10:53:57,210 - INFO - main - step 13200: total_loss: 2.787195899486542, prompt_loss: 1.9310908210277558, contrastive_loss: 0.41481314912438394
2026-06-06 10:54:13,052 - INFO - main - step 13300: total_loss: 2.753401837348938, prompt_loss: 1.90056738615036, contrastive_loss: 0.3950351451337337
2026-06-06 10:54:28,702 - INFO - main - step 13400: total_loss: 2.8369049882888793, prompt_loss: 1.9853888177871704, contrastive_loss: 0.39081293523311617
2026-06-06 10:54:46,255 - INFO - main - step 13500: total_loss: 2.8745010399818423, prompt_loss: 1.9983380734920502, contrastive_loss: 0.4178411372378468
2026-06-06 10:54:59,869 - INFO - main - step 13600: total_loss: 2.8042550015449526, prompt_loss: 1.9678734195232392, contrastive_loss: 0.3828608436509967
2026-06-06 10:55:15,872 - INFO - main - step 13700: total_loss: 2.8742458498477936, prompt_loss: 2.0199296641349793, contrastive_loss: 0.40104799281805753
2026-06-06 10:55:31,912 - INFO - main - step 13800: total_loss: 2.693523679971695, prompt_loss: 1.8835081601142882, contrastive_loss: 0.37935775199439375
2026-06-06 10:55:47,923 - INFO - main - step 13900: total_loss: 2.7361656498908995, prompt_loss: 1.9133150053024293, contrastive_loss: 0.38160355657339096
2026-06-06 10:56:04,682 - INFO - main - step 14000: total_loss: 2.701292634010315, prompt_loss: 1.8907716715335845, contrastive_loss: 0.37676422390155495
2026-06-06 10:56:04,683 - INFO - main - ###### Taking snapshot ######
2026-06-06 10:56:20,025 - INFO - main - step 14100: total_loss: 2.717357680797577, prompt_loss: 1.8848341751098632, contrastive_loss: 0.37847035598009826
2026-06-06 10:56:35,218 - INFO - main - step 14200: total_loss: 2.7364249336719513, prompt_loss: 1.8987517333030701, contrastive_loss: 0.3897365737706423
2026-06-06 10:56:50,636 - INFO - main - step 14300: total_loss: 2.7734193766117095, prompt_loss: 1.9389324760437012, contrastive_loss: 0.40045461352914574
2026-06-06 10:57:08,193 - INFO - main - step 14400: total_loss: 2.7508708918094635, prompt_loss: 1.922501425743103, contrastive_loss: 0.3732296212762594
2026-06-06 10:57:22,822 - INFO - main - step 14500: total_loss: 2.687467293739319, prompt_loss: 1.8578775584697724, contrastive_loss: 0.3774886875692755
2026-06-06 10:57:26,241 - INFO - main - This is epoch "7" of "13" epochs.
2026-06-06 10:57:36,619 - INFO - main - step 14600: total_loss: 2.7284672486782076, prompt_loss: 1.9101060664653777, contrastive_loss: 0.3759344596415758
2026-06-06 10:57:53,665 - INFO - main - step 14700: total_loss: 2.7327090334892272, prompt_loss: 1.902931011915207, contrastive_loss: 0.38092748971655965
2026-06-06 10:58:09,275 - INFO - main - step 14800: total_loss: 2.799463156461716, prompt_loss: 1.9596948146820068, contrastive_loss: 0.3845432913908735
2026-06-06 10:58:24,489 - INFO - main - step 14900: total_loss: 2.764848984479904, prompt_loss: 1.9340583658218384, contrastive_loss: 0.383772108592093
2026-06-06 10:58:40,330 - INFO - main - step 15000: total_loss: 2.7109044539928435, prompt_loss: 1.8851492929458618, contrastive_loss: 0.376173883639276
2026-06-06 10:58:40,330 - INFO - main - ###### Taking snapshot ######
2026-06-06 10:58:57,331 - INFO - main - step 15100: total_loss: 2.7092452013492583, prompt_loss: 1.8882337927818298, contrastive_loss: 0.37457874465268104
2026-06-06 10:59:12,311 - INFO - main - step 15200: total_loss: 2.814201362133026, prompt_loss: 1.9757531011104583, contrastive_loss: 0.38392860628664494
2026-06-06 10:59:27,635 - INFO - main - step 15300: total_loss: 2.7351480066776275, prompt_loss: 1.890545209646225, contrastive_loss: 0.393410151489079
2026-06-06 10:59:42,593 - INFO - main - step 15400: total_loss: 2.701393427848816, prompt_loss: 1.878335428237915, contrastive_loss: 0.37686494722962377
2026-06-06 10:59:57,818 - INFO - main - step 15500: total_loss: 2.7014365565776823, prompt_loss: 1.8684996354579926, contrastive_loss: 0.3912830894440413
2026-06-06 11:00:11,665 - INFO - main - step 15600: total_loss: 2.7121670055389404, prompt_loss: 1.887014023065567, contrastive_loss: 0.3802579786675051
2026-06-06 11:00:27,306 - INFO - main - step 15700: total_loss: 2.6636982226371764, prompt_loss: 1.8413256657123567, contrastive_loss: 0.3796500629093498
2026-06-06 11:00:43,231 - INFO - main - step 15800: total_loss: 2.7748274648189546, prompt_loss: 1.9407654154300689, contrastive_loss: 0.38657057309523224
2026-06-06 11:00:58,748 - INFO - main - step 15900: total_loss: 2.6516905295848847, prompt_loss: 1.8639247810840607, contrastive_loss: 0.35068783923983576
2026-06-06 11:01:14,789 - INFO - main - step 16000: total_loss: 2.7242978858947753, prompt_loss: 1.92564772605896, contrastive_loss: 0.3656573776341975
2026-06-06 11:01:14,789 - INFO - main - ###### Taking snapshot ######
2026-06-06 11:01:32,120 - INFO - main - step 16100: total_loss: 2.7566594195365908, prompt_loss: 1.9527225935459136, contrastive_loss: 0.3545133017608896
2026-06-06 11:01:47,488 - INFO - main - step 16200: total_loss: 2.6896279609203337, prompt_loss: 1.875030698776245, contrastive_loss: 0.38686246948316694
2026-06-06 11:02:05,146 - INFO - main - step 16300: total_loss: 2.6867598497867586, prompt_loss: 1.8698112452030182, contrastive_loss: 0.37631023559719323
2026-06-06 11:02:20,356 - INFO - main - step 16400: total_loss: 2.6634098410606386, prompt_loss: 1.8625396060943604, contrastive_loss: 0.36722821891307833
2026-06-06 11:02:35,045 - INFO - main - step 16500: total_loss: 2.7455343210697176, prompt_loss: 1.925028898715973, contrastive_loss: 0.38682477100228424
2026-06-06 11:02:53,377 - INFO - main - step 16600: total_loss: 2.732656180858612, prompt_loss: 1.9206670224666595, contrastive_loss: 0.3927400878816843
2026-06-06 11:02:53,489 - INFO - main - This is epoch "8" of "13" epochs.
2026-06-06 11:03:10,653 - INFO - main - step 16700: total_loss: 2.6467764055728913, prompt_loss: 1.8407689207792282, contrastive_loss: 0.39386255253106356
2026-06-06 11:03:25,480 - INFO - main - step 16800: total_loss: 2.648315706253052, prompt_loss: 1.8683722341060638, contrastive_loss: 0.3522495980001986
2026-06-06 11:03:41,904 - INFO - main - step 16900: total_loss: 2.742256820201874, prompt_loss: 1.951878217458725, contrastive_loss: 0.3584710830822587
2026-06-06 11:03:58,412 - INFO - main - step 17000: total_loss: 2.7738638603687287, prompt_loss: 1.9568760645389558, contrastive_loss: 0.3764943590015173
2026-06-06 11:03:58,413 - INFO - main - ###### Taking snapshot ######
2026-06-06 11:04:12,783 - INFO - main - step 17100: total_loss: 2.6666744577884676, prompt_loss: 1.877102813720703, contrastive_loss: 0.37487743404868523
2026-06-06 11:04:28,798 - INFO - main - step 17200: total_loss: 2.6582832193374633, prompt_loss: 1.8634385907649993, contrastive_loss: 0.3640357624925673
2026-06-06 11:04:45,075 - INFO - main - step 17300: total_loss: 2.735387644767761, prompt_loss: 1.9193403899669648, contrastive_loss: 0.3750866749696434
2026-06-06 11:05:00,722 - INFO - main - step 17400: total_loss: 2.6846910667419435, prompt_loss: 1.8813700914382934, contrastive_loss: 0.37056769635528325
2026-06-06 11:05:15,987 - INFO - main - step 17500: total_loss: 2.6561570167541504, prompt_loss: 1.8444005692005156, contrastive_loss: 0.3863690700381994
2026-06-06 11:05:31,901 - INFO - main - step 17600: total_loss: 2.6133513367176056, prompt_loss: 1.855586531162262, contrastive_loss: 0.3531332529196516
2026-06-06 11:05:47,767 - INFO - main - step 17700: total_loss: 2.6467232656478883, prompt_loss: 1.8711091244220734, contrastive_loss: 0.35440361892804506
2026-06-06 11:06:04,606 - INFO - main - step 17800: total_loss: 2.7424708676338194, prompt_loss: 1.9066967594623565, contrastive_loss: 0.38946280755102636
2026-06-06 11:06:20,485 - INFO - main - step 17900: total_loss: 2.660822594165802, prompt_loss: 1.8958768558502197, contrastive_loss: 0.35934297006577254
2026-06-06 11:06:36,409 - INFO - main - step 18000: total_loss: 2.650687184333801, prompt_loss: 1.8908424973487854, contrastive_loss: 0.3575737401470542
2026-06-06 11:06:36,409 - INFO - main - ###### Taking snapshot ######
2026-06-06 11:06:52,350 - INFO - main - step 18100: total_loss: 2.7235411441326143, prompt_loss: 1.9223655223846436, contrastive_loss: 0.3711462139710784
2026-06-06 11:07:07,737 - INFO - main - step 18200: total_loss: 2.687543398141861, prompt_loss: 1.911771206855774, contrastive_loss: 0.3665850931266323
2026-06-06 11:07:23,981 - INFO - main - step 18300: total_loss: 2.679821733236313, prompt_loss: 1.9061616933345795, contrastive_loss: 0.3568850644817576
2026-06-06 11:07:38,885 - INFO - main - step 18400: total_loss: 2.788478744029999, prompt_loss: 1.9561919271945953, contrastive_loss: 0.38211409823969006
2026-06-06 11:07:53,220 - INFO - main - step 18500: total_loss: 2.7488318347930907, prompt_loss: 1.965559812784195, contrastive_loss: 0.3824420692957938
2026-06-06 11:08:10,317 - INFO - main - step 18600: total_loss: 2.8219814491271973, prompt_loss: 2.0319724929332734, contrastive_loss: 0.35454752765595915
2026-06-06 11:08:22,170 - INFO - main - This is epoch "9" of "13" epochs.
2026-06-06 11:08:26,830 - INFO - main - step 18700: total_loss: 2.7972613763809204, prompt_loss: 2.0058148550987243, contrastive_loss: 0.3715992035716772
2026-06-06 11:08:43,386 - INFO - main - step 18800: total_loss: 2.6980753600597382, prompt_loss: 1.9675659465789794, contrastive_loss: 0.32823935604654253
2026-06-06 11:08:57,677 - INFO - main - step 18900: total_loss: 2.725593433380127, prompt_loss: 1.9340564513206482, contrastive_loss: 0.38005013793706893
2026-06-06 11:09:14,116 - INFO - main - step 19000: total_loss: 2.7436500775814054, prompt_loss: 1.9555052888393403, contrastive_loss: 0.36490621901117265
2026-06-06 11:09:14,117 - INFO - main - ###### Taking snapshot ######
2026-06-06 11:09:30,683 - INFO - main - step 19100: total_loss: 2.762561342716217, prompt_loss: 1.9979040122032166, contrastive_loss: 0.3638030831888318
2026-06-06 11:09:44,728 - INFO - main - step 19200: total_loss: 2.678455123901367, prompt_loss: 1.9051852965354918, contrastive_loss: 0.3576210613548756
2026-06-06 11:10:01,658 - INFO - main - step 19300: total_loss: 2.6358560848236086, prompt_loss: 1.8840887224674225, contrastive_loss: 0.35099140100181103
2026-06-06 11:10:16,530 - INFO - main - step 19400: total_loss: 2.6514943408966065, prompt_loss: 1.877750037908554, contrastive_loss: 0.3641581035964191
2026-06-06 11:10:33,579 - INFO - main - step 19500: total_loss: 2.6980043911933898, prompt_loss: 1.934034835100174, contrastive_loss: 0.3613133036904037
2026-06-06 11:10:47,813 - INFO - main - step 19600: total_loss: 2.6048224353790284, prompt_loss: 1.823677841424942, contrastive_loss: 0.37273646086454393
2026-06-06 11:11:03,653 - INFO - main - step 19700: total_loss: 2.643149539232254, prompt_loss: 1.8888098073005677, contrastive_loss: 0.33808649990707634
2026-06-06 11:11:19,286 - INFO - main - step 19800: total_loss: 2.6294413554668425, prompt_loss: 1.8855812060832977, contrastive_loss: 0.3493372604623437
2026-06-06 11:11:36,137 - INFO - main - step 19900: total_loss: 2.6481596755981447, prompt_loss: 1.886972553730011, contrastive_loss: 0.356342114135623
2026-06-06 11:11:51,765 - INFO - main - step 20000: total_loss: 2.7040756511688233, prompt_loss: 1.9378848493099212, contrastive_loss: 0.3639097911119461
2026-06-06 11:11:51,769 - INFO - main - ###### Taking snapshot ######
2026-06-06 11:12:07,959 - INFO - main - step 20100: total_loss: 2.67113184094429, prompt_loss: 1.9485842299461364, contrastive_loss: 0.3472998024011031
2026-06-06 11:12:25,726 - INFO - main - step 20200: total_loss: 2.6176479256153105, prompt_loss: 1.8526204168796538, contrastive_loss: 0.34466391877271235
2026-06-06 11:12:41,340 - INFO - main - step 20300: total_loss: 2.7087961375713348, prompt_loss: 1.9396274077892304, contrastive_loss: 0.3531094387359917
2026-06-06 11:12:57,389 - INFO - main - step 20400: total_loss: 2.6827825701236723, prompt_loss: 1.9104920291900636, contrastive_loss: 0.3715907577238977
2026-06-06 11:13:11,927 - INFO - main - step 20500: total_loss: 2.630573033094406, prompt_loss: 1.8563232493400574, contrastive_loss: 0.3610251093422994
2026-06-06 11:13:29,861 - INFO - main - step 20600: total_loss: 2.657173241376877, prompt_loss: 1.9176409590244292, contrastive_loss: 0.34171831449493767
2026-06-06 11:13:45,103 - INFO - main - step 20700: total_loss: 2.711352537870407, prompt_loss: 1.9632254719734192, contrastive_loss: 0.34420151960104706
2026-06-06 11:13:51,928 - INFO - main - This is epoch "10" of "13" epochs.
2026-06-06 11:14:00,516 - INFO - main - step 20800: total_loss: 2.6679430758953093, prompt_loss: 1.8990658807754517, contrastive_loss: 0.365769933834672
2026-06-06 11:14:16,775 - INFO - main - step 20900: total_loss: 2.591412777900696, prompt_loss: 1.8546434128284455, contrastive_loss: 0.3406511289998889
2026-06-06 11:14:34,515 - INFO - main - step 21000: total_loss: 2.64715020775795, prompt_loss: 1.8794730520248413, contrastive_loss: 0.36201100499369204
2026-06-06 11:14:34,515 - INFO - main - ###### Taking snapshot ######
2026-06-06 11:14:50,095 - INFO - main - step 21100: total_loss: 2.596126689910889, prompt_loss: 1.8593668258190155, contrastive_loss: 0.3455422535771504
2026-06-06 11:15:06,155 - INFO - main - step 21200: total_loss: 2.6407135736942293, prompt_loss: 1.9051359939575194, contrastive_loss: 0.34378627508878706
2026-06-06 11:15:23,495 - INFO - main - step 21300: total_loss: 2.550922826528549, prompt_loss: 1.8138482069969177, contrastive_loss: 0.34452218213817104
2026-06-06 11:15:40,652 - INFO - main - step 21400: total_loss: 2.5914734053611754, prompt_loss: 1.8519423592090607, contrastive_loss: 0.3483034267276526
2026-06-06 11:15:55,555 - INFO - main - step 21500: total_loss: 2.697463492155075, prompt_loss: 1.9690650153160094, contrastive_loss: 0.33128026891499757
2026-06-06 11:16:11,465 - INFO - main - step 21600: total_loss: 2.6195152056217195, prompt_loss: 1.8977009308338166, contrastive_loss: 0.3416766499122605
2026-06-06 11:16:26,405 - INFO - main - step 21700: total_loss: 2.6660646378993986, prompt_loss: 1.888029053211212, contrastive_loss: 0.3627643107250333
2026-06-06 11:16:41,622 - INFO - main - step 21800: total_loss: 2.6834326791763305, prompt_loss: 1.917981014251709, contrastive_loss: 0.3627836220525205
2026-06-06 11:16:59,362 - INFO - main - step 21900: total_loss: 2.6003310585021975, prompt_loss: 1.8456557619571685, contrastive_loss: 0.36497443350963293
2026-06-06 11:17:17,232 - INFO - main - step 22000: total_loss: 2.627718793153763, prompt_loss: 1.865101865530014, contrastive_loss: 0.3703768364419375
2026-06-06 11:17:17,233 - INFO - main - ###### Taking snapshot ######
2026-06-06 11:17:33,916 - INFO - main - step 22100: total_loss: 2.6455582511425018, prompt_loss: 1.8963266897201538, contrastive_loss: 0.34754991039633754
2026-06-06 11:17:48,982 - INFO - main - step 22200: total_loss: 2.633816304206848, prompt_loss: 1.8881521224975586, contrastive_loss: 0.3427107819542289
2026-06-06 11:18:04,996 - INFO - main - step 22300: total_loss: 2.630381554365158, prompt_loss: 1.876012660264969, contrastive_loss: 0.36896690232679247
2026-06-06 11:18:19,725 - INFO - main - step 22400: total_loss: 2.718132847547531, prompt_loss: 1.9498717069625855, contrastive_loss: 0.3619630605680868
2026-06-06 11:18:35,277 - INFO - main - step 22500: total_loss: 2.678632615804672, prompt_loss: 1.8989273190498352, contrastive_loss: 0.3678391460701823
2026-06-06 11:18:50,806 - INFO - main - step 22600: total_loss: 2.6270595109462738, prompt_loss: 1.8941744184494018, contrastive_loss: 0.33918906457722187
2026-06-06 11:19:07,452 - INFO - main - step 22700: total_loss: 2.638508006334305, prompt_loss: 1.8885937905311585, contrastive_loss: 0.35813331408426163
2026-06-06 11:19:21,216 - INFO - main - step 22800: total_loss: 2.678406757116318, prompt_loss: 1.8936966669559478, contrastive_loss: 0.3565443983860314
2026-06-06 11:19:25,360 - INFO - main - This is epoch "11" of "13" epochs.
2026-06-06 11:19:39,330 - INFO - main - step 22900: total_loss: 2.718155360221863, prompt_loss: 1.992784445285797, contrastive_loss: 0.33399449908640233
2026-06-06 11:19:55,143 - INFO - main - step 23000: total_loss: 2.659355376958847, prompt_loss: 1.9049270367622375, contrastive_loss: 0.3563842642575037
2026-06-06 11:19:55,144 - INFO - main - ###### Taking snapshot ######
2026-06-06 11:20:10,881 - INFO - main - step 23100: total_loss: 2.680180469751358, prompt_loss: 1.940739334821701, contrastive_loss: 0.34234028628095986
2026-06-06 11:20:25,965 - INFO - main - step 23200: total_loss: 2.717056465148926, prompt_loss: 1.9427220940589904, contrastive_loss: 0.36111049182713034
2026-06-06 11:20:40,725 - INFO - main - step 23300: total_loss: 2.669186520576477, prompt_loss: 1.9314303374290467, contrastive_loss: 0.3429424214363098
2026-06-06 11:20:55,322 - INFO - main - step 23400: total_loss: 2.674207683801651, prompt_loss: 1.9260908675193786, contrastive_loss: 0.3445635024923831
2026-06-06 11:21:09,794 - INFO - main - step 23500: total_loss: 2.656570518016815, prompt_loss: 1.924693078994751, contrastive_loss: 0.35332618916407227
2026-06-06 11:21:25,180 - INFO - main - step 23600: total_loss: 2.6173047935962677, prompt_loss: 1.898030824661255, contrastive_loss: 0.3496094551496208
2026-06-06 11:21:40,538 - INFO - main - step 23700: total_loss: 2.661912122964859, prompt_loss: 1.9141659724712372, contrastive_loss: 0.34395629946142436
2026-06-06 11:21:56,355 - INFO - main - step 23800: total_loss: 2.631827464103699, prompt_loss: 1.8741671550273895, contrastive_loss: 0.36068153772503136
2026-06-06 11:22:10,500 - INFO - main - step 23900: total_loss: 2.740902911424637, prompt_loss: 1.9837632811069488, contrastive_loss: 0.36764704044908286
2026-06-06 11:22:25,709 - INFO - main - step 24000: total_loss: 2.65334041595459, prompt_loss: 1.92142205119133, contrastive_loss: 0.35347172632813456
2026-06-06 11:22:25,709 - INFO - main - ###### Taking snapshot ######
2026-06-06 11:22:41,575 - INFO - main - step 24100: total_loss: 2.796310565471649, prompt_loss: 2.059757122993469, contrastive_loss: 0.3365291849896312
2026-06-06 11:22:55,593 - INFO - main - step 24200: total_loss: 2.669105031490326, prompt_loss: 1.9339598739147186, contrastive_loss: 0.34639691457152366
2026-06-06 11:23:11,818 - INFO - main - step 24300: total_loss: 2.698597720861435, prompt_loss: 1.9336201286315917, contrastive_loss: 0.36033172263298185
2026-06-06 11:23:26,317 - INFO - main - step 24400: total_loss: 2.702666312456131, prompt_loss: 1.969172477722168, contrastive_loss: 0.3414155607391149
2026-06-06 11:23:43,460 - INFO - main - step 24500: total_loss: 2.7119658505916595, prompt_loss: 1.9705233955383301, contrastive_loss: 0.3613728853204248
2026-06-06 11:23:59,937 - INFO - main - step 24600: total_loss: 2.6139529609680174, prompt_loss: 1.9213326132297517, contrastive_loss: 0.3272021452803165
2026-06-06 11:24:16,449 - INFO - main - step 24700: total_loss: 2.7488587486743925, prompt_loss: 2.007329168319702, contrastive_loss: 0.3474347896128893
2026-06-06 11:24:29,793 - INFO - main - step 24800: total_loss: 2.705019825696945, prompt_loss: 1.9603537821769714, contrastive_loss: 0.3407680941000581
2026-06-06 11:24:44,435 - INFO - main - step 24900: total_loss: 2.6493439841270447, prompt_loss: 1.9307539069652557, contrastive_loss: 0.3525643361546099
2026-06-06 11:24:44,538 - INFO - main - This is epoch "12" of "13" epochs.
2026-06-06 11:25:03,537 - INFO - main - step 25000: total_loss: 2.585818648338318, prompt_loss: 1.8510130202770234, contrastive_loss: 0.34280927535146477
2026-06-06 11:25:03,537 - INFO - main - ###### Taking snapshot ######
2026-06-06 11:25:19,355 - INFO - main - step 25100: total_loss: 2.799260492324829, prompt_loss: 2.0124178814888, contrastive_loss: 0.3740861654654145
2026-06-06 11:25:34,248 - INFO - main - step 25200: total_loss: 2.640052926540375, prompt_loss: 1.903966884613037, contrastive_loss: 0.359670108249411
2026-06-06 11:25:50,972 - INFO - main - step 25300: total_loss: 2.561078407764435, prompt_loss: 1.848868851661682, contrastive_loss: 0.3373205002769828
2026-06-06 11:26:06,545 - INFO - main - step 25400: total_loss: 2.684206923246384, prompt_loss: 1.9414459300041198, contrastive_loss: 0.3489547610282898
2026-06-06 11:26:25,561 - INFO - main - step 25500: total_loss: 2.735134174823761, prompt_loss: 2.0314096748828887, contrastive_loss: 0.3511317864060402
2026-06-06 11:26:39,981 - INFO - main - step 25600: total_loss: 2.783898011445999, prompt_loss: 2.0199910283088682, contrastive_loss: 0.34737189108505845
2026-06-06 11:26:54,090 - INFO - main - step 25700: total_loss: 2.647988111972809, prompt_loss: 1.9395283937454224, contrastive_loss: 0.33039308689534663
2026-06-06 11:27:08,670 - INFO - main - step 25800: total_loss: 2.6966307961940768, prompt_loss: 1.9823707401752473, contrastive_loss: 0.32048918087035416
2026-06-06 11:27:25,441 - INFO - main - step 25900: total_loss: 2.6489612913131713, prompt_loss: 1.9573344850540162, contrastive_loss: 0.3206096770148724
2026-06-06 11:27:42,360 - INFO - main - step 26000: total_loss: 2.6035740566253662, prompt_loss: 1.8626791715621949, contrastive_loss: 0.3529325184598565
2026-06-06 11:27:42,361 - INFO - main - ###### Taking snapshot ######
2026-06-06 11:27:58,575 - INFO - main - step 26100: total_loss: 2.6168425345420836, prompt_loss: 1.9254699814319611, contrastive_loss: 0.31007196102291346
2026-06-06 11:28:13,864 - INFO - main - step 26200: total_loss: 2.5604208421707155, prompt_loss: 1.8587860429286958, contrastive_loss: 0.3406523585692048
2026-06-06 11:28:28,619 - INFO - main - step 26300: total_loss: 2.601070520877838, prompt_loss: 1.914258120059967, contrastive_loss: 0.328408388979733
2026-06-06 11:28:44,038 - INFO - main - step 26400: total_loss: 2.616485285758972, prompt_loss: 1.8816514277458192, contrastive_loss: 0.35231811698526144
2026-06-06 11:29:01,059 - INFO - main - step 26500: total_loss: 2.626768157482147, prompt_loss: 1.8873707103729247, contrastive_loss: 0.3534484977507964
2026-06-06 11:29:16,790 - INFO - main - step 26600: total_loss: 2.617895793914795, prompt_loss: 1.88664670586586, contrastive_loss: 0.3409313501417637
2026-06-06 11:29:31,700 - INFO - main - step 26700: total_loss: 2.6167047774791716, prompt_loss: 1.9039376330375672, contrastive_loss: 0.3240013654436916
2026-06-06 11:29:47,835 - INFO - main - step 26800: total_loss: 2.5862865257263183, prompt_loss: 1.890331574678421, contrastive_loss: 0.32582885172218085
2026-06-06 11:30:05,115 - INFO - main - step 26900: total_loss: 2.637492643594742, prompt_loss: 1.9032894337177277, contrastive_loss: 0.36349150717258455
2026-06-06 11:30:16,852 - INFO - main - End of training.
