/home/tong/anaconda3/envs/fobsam/lib/python3.10/site-packages/munch/__init__.py:24: UserWarning: pkg_resources is deprecated as an API. See https://setuptools.pypa.io/en/latest/pkg_resources.html. The pkg_resources package is slated for removal as early as 2025-11-30. Refrain from using this package or pin to Setuptools<81.
  import pkg_resources
WARNING - root - Changed type of config entry "exclude_label" from list to NoneType
WARNING - root - Changed type of config entry "test_label" from list to NoneType
INFO - FSMIS - Running command 'main'
INFO - FSMIS - Started run with ID "1"
INFO - main - Run "train_isic_setting1_cv4" with ID "1"
INFO - main - Create model...
/home/tong/anaconda3/envs/fobsam/lib/python3.10/site-packages/torchvision/models/_utils.py:208: UserWarning: The parameter 'pretrained' is deprecated since 0.13 and may be removed in the future, please use 'weights' instead.
  warnings.warn(
/home/tong/anaconda3/envs/fobsam/lib/python3.10/site-packages/torchvision/models/_utils.py:223: UserWarning: Arguments other than a weight enum or `None` for 'weights' are deprecated since 0.13 and may be removed in the future. The current behavior is equivalent to passing `weights=None`.
  warnings.warn(msg)
INFO - main - Set optimizer...
INFO - main - Load data...
INFO - main - Start training...
INFO - main - This is epoch "0" of "13" epochs.
/home/tong/code/medical/FoB_SAM-main/models/FoB.py:373: UserWarning: Using a non-tuple sequence for multidimensional indexing is deprecated and will be changed in pytorch 2.9; use x[tuple(seq)] instead of x[seq]. In pytorch 2.9 this will be interpreted as tensor index, x[torch.tensor(seq)], which will result either in an error or a different result (Triggered internally at /pytorch/torch/csrc/autograd/python_variable_indexing.cpp:347.)
  spt_fts_ = [[self.getFeatures(supp_fts[[[0], way, shot]], supp_mask[[0], way, shot])
/home/tong/anaconda3/envs/fobsam/lib/python3.10/site-packages/jsonpickle/ext/numpy.py:291: UserWarning: ndarray is defined by reference to an object we do not know how to serialize. A deep copy is serialized instead, breaking memory aliasing.
  warnings.warn(msg)
INFO - main - step 100: total_loss: 2274.931731567383, prompt_loss: 2271.9699310302735, contrastive_loss: 1.2360401833057404
INFO - main - step 200: total_loss: 426.07553436279295, prompt_loss: 423.9375057983398, contrastive_loss: 1.2596715259552003
INFO - main - step 300: total_loss: 186.50029083251954, prompt_loss: 184.58266593933106, contrastive_loss: 1.2814389383792877
INFO - main - step 400: total_loss: 108.3803482055664, prompt_loss: 106.45112747192383, contrastive_loss: 1.2991025853157043
INFO - main - step 500: total_loss: 69.47579776763916, prompt_loss: 67.50888217926025, contrastive_loss: 1.3108524751663209
INFO - main - step 600: total_loss: 48.771603660583494, prompt_loss: 46.8115661239624, contrastive_loss: 1.3200115525722504
INFO - main - step 700: total_loss: 35.350989971160885, prompt_loss: 33.3835890007019, contrastive_loss: 1.327043401002884
INFO - main - step 800: total_loss: 26.259861812591552, prompt_loss: 24.269123516082765, contrastive_loss: 1.33638432264328
INFO - main - step 900: total_loss: 20.706415729522703, prompt_loss: 18.72367745399475, contrastive_loss: 1.336833803653717
INFO - main - step 1000: total_loss: 16.458136444091796, prompt_loss: 14.47483491897583, contrastive_loss: 1.3471457409858703
INFO - main - ###### Taking snapshot ######
INFO - main - step 1100: total_loss: 13.518361864089966, prompt_loss: 11.525879669189454, contrastive_loss: 1.3472300267219544
INFO - main - step 1200: total_loss: 11.525128765106201, prompt_loss: 9.527058100700378, contrastive_loss: 1.3447606706619262
INFO - main - step 1300: total_loss: 9.843055267333984, prompt_loss: 7.827519149780273, contrastive_loss: 1.3553283095359803
INFO - main - step 1400: total_loss: 8.579508280754089, prompt_loss: 6.577323603630066, contrastive_loss: 1.3590144264698027
INFO - main - step 1500: total_loss: 7.765221085548401, prompt_loss: 5.767499508857727, contrastive_loss: 1.3541539633274078
INFO - main - step 1600: total_loss: 7.128321566581726, prompt_loss: 5.115297236442566, contrastive_loss: 1.3569248557090758
INFO - main - step 1700: total_loss: 6.450706100463867, prompt_loss: 4.428706336021423, contrastive_loss: 1.3658485329151153
INFO - main - step 1800: total_loss: 6.148719577789307, prompt_loss: 4.1333273935318, contrastive_loss: 1.3661634707450867
INFO - main - step 1900: total_loss: 5.81072633266449, prompt_loss: 3.796124222278595, contrastive_loss: 1.3594267737865449
INFO - main - step 2000: total_loss: 5.548393688201904, prompt_loss: 3.5238186955451964, contrastive_loss: 1.3624594020843506
INFO - main - ###### Taking snapshot ######
INFO - main - This is epoch "1" of "13" epochs.
INFO - main - step 2100: total_loss: 5.375110039710998, prompt_loss: 3.358835518360138, contrastive_loss: 1.3619782066345214
INFO - main - step 2200: total_loss: 5.163629503250122, prompt_loss: 3.14881053686142, contrastive_loss: 1.3656858479976655
INFO - main - step 2300: total_loss: 5.027466230392456, prompt_loss: 3.0023843133449555, contrastive_loss: 1.3639667332172394
INFO - main - step 2400: total_loss: 4.952830495834351, prompt_loss: 2.9383285331726072, contrastive_loss: 1.36998610496521
INFO - main - step 2500: total_loss: 4.8967900514602665, prompt_loss: 2.86772901058197, contrastive_loss: 1.3679083204269409
INFO - main - step 2600: total_loss: 4.80991248369217, prompt_loss: 2.789572662115097, contrastive_loss: 1.3671667349338532
INFO - main - step 2700: total_loss: 4.792470507621765, prompt_loss: 2.780475004911423, contrastive_loss: 1.3678703308105469
INFO - main - step 2800: total_loss: 4.7226539945602415, prompt_loss: 2.706828044652939, contrastive_loss: 1.3656420195102692
INFO - main - step 2900: total_loss: 4.690329685211181, prompt_loss: 2.665931377410889, contrastive_loss: 1.371934734582901
INFO - main - step 3000: total_loss: 4.659506075382232, prompt_loss: 2.634883997440338, contrastive_loss: 1.3690927946567535
INFO - main - ###### Taking snapshot ######
INFO - main - step 3100: total_loss: 4.578681771755218, prompt_loss: 2.5679044234752655, contrastive_loss: 1.368522344827652
INFO - main - step 3200: total_loss: 4.502389056682587, prompt_loss: 2.4767052757740022, contrastive_loss: 1.3700072944164277
INFO - main - step 3300: total_loss: 4.662032012939453, prompt_loss: 2.6346789562702178, contrastive_loss: 1.36943860411644
INFO - main - step 3400: total_loss: 4.563123919963837, prompt_loss: 2.544847526550293, contrastive_loss: 1.3655489349365235
INFO - main - step 3500: total_loss: 4.499325568675995, prompt_loss: 2.4858600056171416, contrastive_loss: 1.3705253851413728
INFO - main - step 3600: total_loss: 4.45300496339798, prompt_loss: 2.440207636356354, contrastive_loss: 1.3669904065132141
INFO - main - step 3700: total_loss: 4.447198631763459, prompt_loss: 2.432069616317749, contrastive_loss: 1.3686414217948915
INFO - main - step 3800: total_loss: 4.370202829837799, prompt_loss: 2.343423980474472, contrastive_loss: 1.3704444813728331
INFO - main - step 3900: total_loss: 4.3401097345352175, prompt_loss: 2.3349632906913755, contrastive_loss: 1.367157586812973
INFO - main - step 4000: total_loss: 4.365338780879974, prompt_loss: 2.3529127371311187, contrastive_loss: 1.3675116169452668
INFO - main - ###### Taking snapshot ######
INFO - main - step 4100: total_loss: 4.3387732863426205, prompt_loss: 2.332909754514694, contrastive_loss: 1.3694720983505249
INFO - main - This is epoch "2" of "13" epochs.
INFO - main - step 4200: total_loss: 4.2987890362739565, prompt_loss: 2.2975352990627287, contrastive_loss: 1.37022820353508
INFO - main - step 4300: total_loss: 4.326202182769776, prompt_loss: 2.3114253449440003, contrastive_loss: 1.370371687412262
INFO - main - step 4400: total_loss: 4.395824089050293, prompt_loss: 2.402900495529175, contrastive_loss: 1.3652103567123413
INFO - main - step 4500: total_loss: 4.391654968261719, prompt_loss: 2.3879253661632536, contrastive_loss: 1.364625393152237
INFO - main - step 4600: total_loss: 4.244940066337586, prompt_loss: 2.243577779531479, contrastive_loss: 1.3674914157390594
INFO - main - step 4700: total_loss: 4.308626644611358, prompt_loss: 2.308239734172821, contrastive_loss: 1.3616654825210572
INFO - main - step 4800: total_loss: 4.24577522277832, prompt_loss: 2.2415555357933044, contrastive_loss: 1.362408059835434
INFO - main - step 4900: total_loss: 4.288359382152557, prompt_loss: 2.287982223033905, contrastive_loss: 1.361355663537979
INFO - main - step 5000: total_loss: 4.3168060183525085, prompt_loss: 2.3182398080825806, contrastive_loss: 1.3628042781352996
INFO - main - ###### Taking snapshot ######
INFO - main - step 5100: total_loss: 4.352958705425262, prompt_loss: 2.358120656013489, contrastive_loss: 1.3572952198982238
INFO - main - step 5200: total_loss: 4.239748165607453, prompt_loss: 2.247411022186279, contrastive_loss: 1.3578652334213257
INFO - main - step 5300: total_loss: 4.35269404888153, prompt_loss: 2.3485902309417725, contrastive_loss: 1.3598632085323334
INFO - main - step 5400: total_loss: 4.203837842941284, prompt_loss: 2.204999749660492, contrastive_loss: 1.3604027569293975
INFO - main - step 5500: total_loss: 4.241395611763, prompt_loss: 2.2564769232273103, contrastive_loss: 1.354829066991806
INFO - main - step 5600: total_loss: 4.199387269020081, prompt_loss: 2.2152813470363615, contrastive_loss: 1.354205060005188
INFO - main - step 5700: total_loss: 4.223083906173706, prompt_loss: 2.240108599662781, contrastive_loss: 1.3540128552913666
INFO - main - step 5800: total_loss: 4.30674544095993, prompt_loss: 2.338121683597565, contrastive_loss: 1.3539678406715394
INFO - main - step 5900: total_loss: 4.231868190765381, prompt_loss: 2.249747413396835, contrastive_loss: 1.3480769157409669
INFO - main - step 6000: total_loss: 4.099826240539551, prompt_loss: 2.1324615907669067, contrastive_loss: 1.34484757065773
INFO - main - ###### Taking snapshot ######
INFO - main - step 6100: total_loss: 4.1689007639884945, prompt_loss: 2.200030527114868, contrastive_loss: 1.3453046202659606
INFO - main - step 6200: total_loss: 4.20929131269455, prompt_loss: 2.246437108516693, contrastive_loss: 1.3418858289718627
INFO - main - This is epoch "3" of "13" epochs.
INFO - main - step 6300: total_loss: 4.201431808471679, prompt_loss: 2.241769564151764, contrastive_loss: 1.3379574882984162
INFO - main - step 6400: total_loss: 4.180523970127106, prompt_loss: 2.2252385914325714, contrastive_loss: 1.3398602986335755
INFO - main - step 6500: total_loss: 4.162223663330078, prompt_loss: 2.2115255677700043, contrastive_loss: 1.3311057555675507
INFO - main - step 6600: total_loss: 4.211436719894409, prompt_loss: 2.275188319683075, contrastive_loss: 1.328538907766342
INFO - main - step 6700: total_loss: 4.206151232719422, prompt_loss: 2.2782033610343935, contrastive_loss: 1.3182835674285889
INFO - main - step 6800: total_loss: 4.105896265506744, prompt_loss: 2.169392240047455, contrastive_loss: 1.317116426229477
INFO - main - step 6900: total_loss: 4.2330766296386715, prompt_loss: 2.3100060057640075, contrastive_loss: 1.3118443048000337
INFO - main - step 7000: total_loss: 4.115903232097626, prompt_loss: 2.2205403685569762, contrastive_loss: 1.301168019771576
INFO - main - ###### Taking snapshot ######
INFO - main - step 7100: total_loss: 4.213434109687805, prompt_loss: 2.3114452064037323, contrastive_loss: 1.2958373951911926
INFO - main - step 7200: total_loss: 4.127464776039123, prompt_loss: 2.2221726465225218, contrastive_loss: 1.2970349943637849
INFO - main - step 7300: total_loss: 4.158807928562164, prompt_loss: 2.272947905063629, contrastive_loss: 1.286281522512436
INFO - main - step 7400: total_loss: 4.102624723911285, prompt_loss: 2.243858349323273, contrastive_loss: 1.273789038658142
INFO - main - step 7500: total_loss: 4.152672784328461, prompt_loss: 2.30570530295372, contrastive_loss: 1.2607063698768615
INFO - main - step 7600: total_loss: 4.094965720176697, prompt_loss: 2.2538926088809967, contrastive_loss: 1.2528927671909331
INFO - main - step 7700: total_loss: 3.953921608924866, prompt_loss: 2.152603744268417, contrastive_loss: 1.2325524353981019
INFO - main - step 7800: total_loss: 3.901998438835144, prompt_loss: 2.126633104085922, contrastive_loss: 1.2144550573825836
INFO - main - step 7900: total_loss: 3.8565389728546142, prompt_loss: 2.1124655985832215, contrastive_loss: 1.1913658273220062
INFO - main - step 8000: total_loss: 3.8469511437416077, prompt_loss: 2.1150230205059053, contrastive_loss: 1.175229533314705
INFO - main - ###### Taking snapshot ######
INFO - main - step 8100: total_loss: 3.8542987298965454, prompt_loss: 2.1464681124687193, contrastive_loss: 1.1594239562749862
INFO - main - step 8200: total_loss: 3.7643319082260134, prompt_loss: 2.0987517166137697, contrastive_loss: 1.1326502919197083
INFO - main - step 8300: total_loss: 3.7610305523872376, prompt_loss: 2.1453844249248504, contrastive_loss: 1.1034588700532912
INFO - main - This is epoch "4" of "13" epochs.
INFO - main - step 8400: total_loss: 3.684136643409729, prompt_loss: 2.1031248915195464, contrastive_loss: 1.0709037566184998
INFO - main - step 8500: total_loss: 3.516562876701355, prompt_loss: 1.9705924963951111, contrastive_loss: 1.0347522354125978
INFO - main - step 8600: total_loss: 3.5296567273139954, prompt_loss: 2.008000373840332, contrastive_loss: 0.9983970379829407
INFO - main - step 8700: total_loss: 3.447762131690979, prompt_loss: 1.9893678748607635, contrastive_loss: 0.96041537463665
INFO - main - step 8800: total_loss: 3.3986226224899294, prompt_loss: 1.938798462152481, contrastive_loss: 0.9525949609279633
INFO - main - step 8900: total_loss: 3.3245501708984375, prompt_loss: 1.8900636518001557, contrastive_loss: 0.912544419169426
INFO - main - step 9000: total_loss: 3.252140824794769, prompt_loss: 1.865718162059784, contrastive_loss: 0.8705428194999695
INFO - main - ###### Taking snapshot ######
INFO - main - step 9100: total_loss: 3.24076012134552, prompt_loss: 1.8959605205059051, contrastive_loss: 0.8360882633924485
INFO - main - step 9200: total_loss: 3.2944313311576843, prompt_loss: 2.0081420838832855, contrastive_loss: 0.7982852780818939
INFO - main - step 9300: total_loss: 3.196444876194, prompt_loss: 1.9812833344936371, contrastive_loss: 0.734622106552124
INFO - main - step 9400: total_loss: 3.0511688446998595, prompt_loss: 1.836103162765503, contrastive_loss: 0.7211448973417283
INFO - main - step 9500: total_loss: 3.089007797241211, prompt_loss: 1.9179342472553254, contrastive_loss: 0.6693953296542168
INFO - main - step 9600: total_loss: 3.1716182827949524, prompt_loss: 1.963438481092453, contrastive_loss: 0.6785112765431404
INFO - main - step 9700: total_loss: 3.067263135910034, prompt_loss: 1.9577687990665436, contrastive_loss: 0.6086370733380317
INFO - main - step 9800: total_loss: 3.0015620732307435, prompt_loss: 1.8947429180145263, contrastive_loss: 0.608580125272274
INFO - main - step 9900: total_loss: 3.053671426773071, prompt_loss: 1.9690015983581544, contrastive_loss: 0.5752526564896107
INFO - main - step 10000: total_loss: 3.0367838168144226, prompt_loss: 2.0050563180446623, contrastive_loss: 0.535505585372448
INFO - main - ###### Taking snapshot ######
INFO - main - step 10100: total_loss: 2.969137256145477, prompt_loss: 1.942288281917572, contrastive_loss: 0.5424580678343773
INFO - main - step 10200: total_loss: 3.038426101207733, prompt_loss: 2.034419838190079, contrastive_loss: 0.5027864806889556
INFO - main - step 10300: total_loss: 3.0009078788757324, prompt_loss: 1.9973314797878265, contrastive_loss: 0.5130058173835278
INFO - main - This is epoch "5" of "13" epochs.
INFO - main - step 10400: total_loss: 2.9947163915634154, prompt_loss: 2.0037729263305666, contrastive_loss: 0.48918815091252327
INFO - main - step 10500: total_loss: 2.946994127035141, prompt_loss: 1.9804470312595368, contrastive_loss: 0.48610405772924425
INFO - main - step 10600: total_loss: 2.89590007185936, prompt_loss: 1.9531412315368653, contrastive_loss: 0.4652507622539997
INFO - main - step 10700: total_loss: 2.9644112610816955, prompt_loss: 1.9876099145412445, contrastive_loss: 0.4785431361198425
INFO - main - step 10800: total_loss: 2.9112547731399534, prompt_loss: 1.9682772004604339, contrastive_loss: 0.46743427142500876
INFO - main - step 10900: total_loss: 2.9479941046237945, prompt_loss: 2.001907057762146, contrastive_loss: 0.4633552485704422
INFO - main - step 11000: total_loss: 3.008013379573822, prompt_loss: 2.0264225363731385, contrastive_loss: 0.47636804938316346
INFO - main - ###### Taking snapshot ######
INFO - main - step 11100: total_loss: 2.8896434891223906, prompt_loss: 1.9575373101234437, contrastive_loss: 0.455270474255085
INFO - main - step 11200: total_loss: 2.826745722293854, prompt_loss: 1.9264640188217164, contrastive_loss: 0.4314633660763502
INFO - main - step 11300: total_loss: 2.883251826763153, prompt_loss: 1.9652174031734466, contrastive_loss: 0.4425627234578133
INFO - main - step 11400: total_loss: 2.8633213102817536, prompt_loss: 1.9296394324302673, contrastive_loss: 0.4665728464722633
INFO - main - step 11500: total_loss: 2.9223467576503754, prompt_loss: 1.984813884496689, contrastive_loss: 0.4621006780862808
INFO - main - step 11600: total_loss: 2.901304211616516, prompt_loss: 1.9584726333618163, contrastive_loss: 0.4745440194755793
INFO - main - step 11700: total_loss: 2.8654515242576597, prompt_loss: 1.9265382599830627, contrastive_loss: 0.45097039848566056
INFO - main - step 11800: total_loss: 2.9059486413002014, prompt_loss: 1.9912956523895264, contrastive_loss: 0.44277833789587023
INFO - main - step 11900: total_loss: 2.8243123185634613, prompt_loss: 1.9074677312374115, contrastive_loss: 0.4346328555047512
INFO - main - step 12000: total_loss: 2.8344092786312105, prompt_loss: 1.9263144218921662, contrastive_loss: 0.43200869046151635
INFO - main - ###### Taking snapshot ######
INFO - main - step 12100: total_loss: 2.819975556135178, prompt_loss: 1.9387262415885926, contrastive_loss: 0.4348052658885717
INFO - main - step 12200: total_loss: 2.809019060134888, prompt_loss: 1.9105489313602448, contrastive_loss: 0.4054103926150128
INFO - main - step 12300: total_loss: 2.79348969578743, prompt_loss: 1.9020024561882019, contrastive_loss: 0.408756116181612
INFO - main - step 12400: total_loss: 2.7811500692367552, prompt_loss: 1.8781786239147187, contrastive_loss: 0.4356763672083616
INFO - main - This is epoch "6" of "13" epochs.
INFO - main - step 12500: total_loss: 2.7501237642765046, prompt_loss: 1.8651847410202027, contrastive_loss: 0.4101629910245538
INFO - main - step 12600: total_loss: 2.7659103727340697, prompt_loss: 1.918393440246582, contrastive_loss: 0.407720600143075
INFO - main - step 12700: total_loss: 2.86873832821846, prompt_loss: 2.0188720452785494, contrastive_loss: 0.3972587452083826
INFO - main - step 12800: total_loss: 2.8075644934177397, prompt_loss: 1.96879612326622, contrastive_loss: 0.392543375659734
INFO - main - step 12900: total_loss: 2.7744855082035063, prompt_loss: 1.9380997574329377, contrastive_loss: 0.3930196600779891
INFO - main - step 13000: total_loss: 2.8886104500293732, prompt_loss: 1.995632530450821, contrastive_loss: 0.4215248715877533
INFO - main - ###### Taking snapshot ######
INFO - main - step 13100: total_loss: 2.7972927641868592, prompt_loss: 1.9545749473571776, contrastive_loss: 0.3935121151059866
INFO - main - step 13200: total_loss: 2.7982989382743835, prompt_loss: 1.9912600636482238, contrastive_loss: 0.38879515261389314
INFO - main - step 13300: total_loss: 2.8498518681526184, prompt_loss: 2.007394435405731, contrastive_loss: 0.37414958599954845
INFO - main - step 13400: total_loss: 2.8187152910232545, prompt_loss: 1.9935219264030457, contrastive_loss: 0.39630797851830724
INFO - main - step 13500: total_loss: 2.7467630648612977, prompt_loss: 1.9115670669078826, contrastive_loss: 0.38884998954832556
INFO - main - step 13600: total_loss: 2.804547898769379, prompt_loss: 1.9229919332265855, contrastive_loss: 0.42027445483952763
INFO - main - step 13700: total_loss: 2.771030069589615, prompt_loss: 1.933540962934494, contrastive_loss: 0.3857521025836468
INFO - main - step 13800: total_loss: 2.769850103855133, prompt_loss: 1.9240081131458282, contrastive_loss: 0.3910709071904421
INFO - main - step 13900: total_loss: 2.816311720609665, prompt_loss: 1.9713149428367616, contrastive_loss: 0.4064050140976906
INFO - main - step 14000: total_loss: 2.823106063604355, prompt_loss: 1.9598589980602263, contrastive_loss: 0.41114639457315205
INFO - main - ###### Taking snapshot ######
INFO - main - step 14100: total_loss: 2.838520621061325, prompt_loss: 1.98717240691185, contrastive_loss: 0.3908695588260889
INFO - main - step 14200: total_loss: 2.7583875966072084, prompt_loss: 1.9349629807472228, contrastive_loss: 0.373236075816676
INFO - main - step 14300: total_loss: 2.753687161207199, prompt_loss: 1.914536519050598, contrastive_loss: 0.39056877832859754
INFO - main - step 14400: total_loss: 2.854161888360977, prompt_loss: 1.977975891828537, contrastive_loss: 0.41408113732934
INFO - main - step 14500: total_loss: 2.7227218198776244, prompt_loss: 1.8568211424350738, contrastive_loss: 0.42097028858959673
INFO - main - This is epoch "7" of "13" epochs.
INFO - main - step 14600: total_loss: 2.7628724002838134, prompt_loss: 1.9625551092624665, contrastive_loss: 0.3826846465561539
INFO - main - step 14700: total_loss: 2.814295182228088, prompt_loss: 1.9757571923732757, contrastive_loss: 0.3840583398938179
INFO - main - step 14800: total_loss: 2.8575654757022857, prompt_loss: 2.0162207353115082, contrastive_loss: 0.40644947562366723
INFO - main - step 14900: total_loss: 2.755374199151993, prompt_loss: 1.8952280008792877, contrastive_loss: 0.40776660431176426
INFO - main - step 15000: total_loss: 2.7111888587474824, prompt_loss: 1.9084108877182007, contrastive_loss: 0.3797155432961881
INFO - main - ###### Taking snapshot ######
INFO - main - step 15100: total_loss: 2.7949668955802918, prompt_loss: 1.96823695063591, contrastive_loss: 0.37513527332339436
INFO - main - step 15200: total_loss: 2.770204883813858, prompt_loss: 1.9480881214141845, contrastive_loss: 0.3753075042553246
INFO - main - step 15300: total_loss: 2.819351589679718, prompt_loss: 1.9643355798721314, contrastive_loss: 0.40690826496109367
INFO - main - step 15400: total_loss: 2.7030269050598146, prompt_loss: 1.9135002017021179, contrastive_loss: 0.37701304705813526
INFO - main - step 15500: total_loss: 2.6395834779739378, prompt_loss: 1.839532389640808, contrastive_loss: 0.36869137950241565
INFO - main - step 15600: total_loss: 2.7894641947746277, prompt_loss: 1.9630758595466613, contrastive_loss: 0.3836319590173662
INFO - main - step 15700: total_loss: 2.791841084957123, prompt_loss: 1.9708918225765228, contrastive_loss: 0.3887432529777288
INFO - main - step 15800: total_loss: 2.8462429666519165, prompt_loss: 2.0010901927947997, contrastive_loss: 0.3953099936246872
INFO - main - step 15900: total_loss: 2.6610911643505095, prompt_loss: 1.841697793006897, contrastive_loss: 0.3805631365533918
INFO - main - step 16000: total_loss: 2.67293624997139, prompt_loss: 1.889074716567993, contrastive_loss: 0.3571259484812617
INFO - main - ###### Taking snapshot ######
INFO - main - step 16100: total_loss: 2.7528928542137145, prompt_loss: 1.949665929079056, contrastive_loss: 0.3640748818218708
INFO - main - step 16200: total_loss: 2.704162737131119, prompt_loss: 1.921499683856964, contrastive_loss: 0.3437275977060199
INFO - main - step 16300: total_loss: 2.6855875313282014, prompt_loss: 1.9064358377456665, contrastive_loss: 0.34281461391597984
INFO - main - step 16400: total_loss: 2.6863391888141632, prompt_loss: 1.909947155714035, contrastive_loss: 0.366961729247123
INFO - main - step 16500: total_loss: 2.789048521518707, prompt_loss: 1.9784334599971771, contrastive_loss: 0.38299092556524555
INFO - main - step 16600: total_loss: 2.7404415225982666, prompt_loss: 1.9373811972141266, contrastive_loss: 0.3713884747773409
INFO - main - This is epoch "8" of "13" epochs.
INFO - main - step 16700: total_loss: 2.73576131939888, prompt_loss: 1.9648685050010681, contrastive_loss: 0.36002676919102666
INFO - main - step 16800: total_loss: 2.7533398842811585, prompt_loss: 1.9665307378768921, contrastive_loss: 0.34747306529432537
INFO - main - step 16900: total_loss: 2.682559666633606, prompt_loss: 1.8945843517780303, contrastive_loss: 0.3713023779541254
INFO - main - step 17000: total_loss: 2.714275914430618, prompt_loss: 1.893052190542221, contrastive_loss: 0.3846958103496581
INFO - main - ###### Taking snapshot ######
INFO - main - step 17100: total_loss: 2.708133215904236, prompt_loss: 1.9196307837963105, contrastive_loss: 0.3758996684569865
INFO - main - step 17200: total_loss: 2.681898527145386, prompt_loss: 1.9235202407836913, contrastive_loss: 0.33710011284798386
INFO - main - step 17300: total_loss: 2.7523413622379302, prompt_loss: 1.9281060123443603, contrastive_loss: 0.3984810414724052
INFO - main - step 17400: total_loss: 2.682226048707962, prompt_loss: 1.9070662403106688, contrastive_loss: 0.37370754828676583
INFO - main - step 17500: total_loss: 2.6767102026939393, prompt_loss: 1.9050272905826569, contrastive_loss: 0.35546194557566196
INFO - main - step 17600: total_loss: 2.7195910370349883, prompt_loss: 1.956638115644455, contrastive_loss: 0.3525723126344383
INFO - main - step 17700: total_loss: 2.676876258850098, prompt_loss: 1.881676069498062, contrastive_loss: 0.36991526796249674
INFO - main - step 17800: total_loss: 2.7089317655563354, prompt_loss: 1.9086491417884828, contrastive_loss: 0.3710168233513832
INFO - main - step 17900: total_loss: 2.7719515419006346, prompt_loss: 1.964048857688904, contrastive_loss: 0.36594234067946674
INFO - main - step 18000: total_loss: 2.6416136980056764, prompt_loss: 1.8775336802005769, contrastive_loss: 0.35428909454494717
INFO - main - ###### Taking snapshot ######
INFO - main - step 18100: total_loss: 2.710250042676926, prompt_loss: 1.9288473951816558, contrastive_loss: 0.36542948365211486
INFO - main - step 18200: total_loss: 2.659299920797348, prompt_loss: 1.8790302228927613, contrastive_loss: 0.3496326056565158
INFO - main - step 18300: total_loss: 2.7014991068840026, prompt_loss: 1.9465996992588044, contrastive_loss: 0.3431856975331902
INFO - main - step 18400: total_loss: 2.674215672016144, prompt_loss: 1.8852097618579864, contrastive_loss: 0.364312152992934
INFO - main - step 18500: total_loss: 2.698945562839508, prompt_loss: 1.9199821639060974, contrastive_loss: 0.36585778299719096
INFO - main - step 18600: total_loss: 2.7656073248386384, prompt_loss: 1.9346670365333558, contrastive_loss: 0.3884766757069156
INFO - main - This is epoch "9" of "13" epochs.
INFO - main - step 18700: total_loss: 2.7379773700237275, prompt_loss: 1.9594546365737915, contrastive_loss: 0.36397407395765186
INFO - main - step 18800: total_loss: 2.7043249869346617, prompt_loss: 1.9208801198005676, contrastive_loss: 0.3678329809755087
INFO - main - step 18900: total_loss: 2.6981846010684967, prompt_loss: 1.9357521617412567, contrastive_loss: 0.35216903008520606
INFO - main - step 19000: total_loss: 2.6515472102165223, prompt_loss: 1.8766915225982665, contrastive_loss: 0.3522609168663621
INFO - main - ###### Taking snapshot ######
INFO - main - step 19100: total_loss: 2.7380891108512877, prompt_loss: 1.939519201517105, contrastive_loss: 0.3740994783118367
INFO - main - step 19200: total_loss: 2.68219717502594, prompt_loss: 1.8977484619617462, contrastive_loss: 0.37490983174182474
INFO - main - step 19300: total_loss: 2.680083258152008, prompt_loss: 1.9196634304523468, contrastive_loss: 0.3520027829403989
INFO - main - step 19400: total_loss: 2.638653380870819, prompt_loss: 1.9017068040370941, contrastive_loss: 0.35157876821234824
INFO - main - step 19500: total_loss: 2.672673661708832, prompt_loss: 1.9212287306785583, contrastive_loss: 0.3637576643191278
INFO - main - step 19600: total_loss: 2.6849672091007233, prompt_loss: 1.937231755256653, contrastive_loss: 0.3672944758692756
INFO - main - step 19700: total_loss: 2.7499557375907897, prompt_loss: 1.9607745003700257, contrastive_loss: 0.3540903474017978
INFO - main - step 19800: total_loss: 2.6353774988651275, prompt_loss: 1.8934606766700746, contrastive_loss: 0.35909067375585435
INFO - main - step 19900: total_loss: 2.7936407959461214, prompt_loss: 1.9990928745269776, contrastive_loss: 0.393675251621753
INFO - main - step 20000: total_loss: 2.7290568220615388, prompt_loss: 1.9654141962528229, contrastive_loss: 0.3647192493826151
INFO - main - ###### Taking snapshot ######
INFO - main - step 20100: total_loss: 2.634222913980484, prompt_loss: 1.8828276360034943, contrastive_loss: 0.335683460929431
INFO - main - step 20200: total_loss: 2.711083776950836, prompt_loss: 1.9097285962104797, contrastive_loss: 0.3760937103629112
INFO - main - step 20300: total_loss: 2.7069834792613983, prompt_loss: 1.9584903180599214, contrastive_loss: 0.34507112015970054
INFO - main - step 20400: total_loss: 2.6382240629196168, prompt_loss: 1.8744881689548492, contrastive_loss: 0.3606333043426275
INFO - main - step 20500: total_loss: 2.6667213904857636, prompt_loss: 1.8949281370639801, contrastive_loss: 0.3560462067089975
INFO - main - step 20600: total_loss: 2.595139354467392, prompt_loss: 1.8449405550956726, contrastive_loss: 0.3440652224421501
INFO - main - step 20700: total_loss: 2.650926716327667, prompt_loss: 1.8966840434074401, contrastive_loss: 0.3451662440598011
INFO - main - This is epoch "10" of "13" epochs.
INFO - main - step 20800: total_loss: 2.65789715051651, prompt_loss: 1.891586060523987, contrastive_loss: 0.3642501076776534
INFO - main - step 20900: total_loss: 2.6568671250343323, prompt_loss: 1.8994795846939088, contrastive_loss: 0.35442199697718024
INFO - main - step 21000: total_loss: 2.6305877995491027, prompt_loss: 1.8635642373561858, contrastive_loss: 0.35732573496177794
INFO - main - ###### Taking snapshot ######
INFO - main - step 21100: total_loss: 2.6779242539405823, prompt_loss: 1.9336274790763854, contrastive_loss: 0.362582902982831
INFO - main - step 21200: total_loss: 2.6401218402385713, prompt_loss: 1.8967135417461396, contrastive_loss: 0.3678406150918454
INFO - main - step 21300: total_loss: 2.6732960772514343, prompt_loss: 1.9070346033573151, contrastive_loss: 0.3750209303665906
INFO - main - step 21400: total_loss: 2.701338973045349, prompt_loss: 1.9539814364910126, contrastive_loss: 0.3610976178385317
INFO - main - step 21500: total_loss: 2.7015185856819155, prompt_loss: 1.950203367471695, contrastive_loss: 0.352799098121468
INFO - main - step 21600: total_loss: 2.644484188556671, prompt_loss: 1.9029593431949616, contrastive_loss: 0.3482452481612563
INFO - main - step 21700: total_loss: 2.6582305324077606, prompt_loss: 1.9086482548713684, contrastive_loss: 0.362500866279006
INFO - main - step 21800: total_loss: 2.697248958349228, prompt_loss: 1.914651437997818, contrastive_loss: 0.37823434099555014
INFO - main - step 21900: total_loss: 2.7112414169311525, prompt_loss: 1.9654085409641266, contrastive_loss: 0.3589559984393418
INFO - main - step 22000: total_loss: 2.6757610630989075, prompt_loss: 1.8997057032585145, contrastive_loss: 0.364823138974607
INFO - main - ###### Taking snapshot ######
INFO - main - step 22100: total_loss: 2.6818011820316316, prompt_loss: 1.9424817097187042, contrastive_loss: 0.3345214778371155
INFO - main - step 22200: total_loss: 2.5835383880138396, prompt_loss: 1.873807785511017, contrastive_loss: 0.3239513120404445
INFO - main - step 22300: total_loss: 2.594932248592377, prompt_loss: 1.8449318945407867, contrastive_loss: 0.3491601953888312
INFO - main - step 22400: total_loss: 2.6850551199913024, prompt_loss: 1.9211170864105225, contrastive_loss: 0.34879128720611335
INFO - main - step 22500: total_loss: 2.7342529487609863, prompt_loss: 1.9812021088600158, contrastive_loss: 0.3628279608860612
INFO - main - step 22600: total_loss: 2.7172712004184723, prompt_loss: 1.9423221135139466, contrastive_loss: 0.3665072661265731
INFO - main - step 22700: total_loss: 2.655320335626602, prompt_loss: 1.9241220200061797, contrastive_loss: 0.34295608290936797
INFO - main - step 22800: total_loss: 2.7136366677284243, prompt_loss: 1.9465957987308502, contrastive_loss: 0.35592713751830163
INFO - main - This is epoch "11" of "13" epochs.
INFO - main - step 22900: total_loss: 2.6310456156730653, prompt_loss: 1.908634787797928, contrastive_loss: 0.34105061590671537
INFO - main - step 23000: total_loss: 2.700383154153824, prompt_loss: 1.9470912539958953, contrastive_loss: 0.34295881860889493
INFO - main - ###### Taking snapshot ######
INFO - main - step 23100: total_loss: 2.624610950946808, prompt_loss: 1.90075097322464, contrastive_loss: 0.34650923507637343
INFO - main - step 23200: total_loss: 2.6284902250766753, prompt_loss: 1.8897115755081177, contrastive_loss: 0.3502787784766406
INFO - main - step 23300: total_loss: 2.7320209765434265, prompt_loss: 1.9657056295871735, contrastive_loss: 0.3686895822244696
INFO - main - step 23400: total_loss: 2.6286698925495147, prompt_loss: 1.886685130596161, contrastive_loss: 0.35538578355684874
INFO - main - step 23500: total_loss: 2.6121160078048704, prompt_loss: 1.9108862733840943, contrastive_loss: 0.32967778371647
INFO - main - step 23600: total_loss: 2.693321530818939, prompt_loss: 1.9486078417301178, contrastive_loss: 0.3430831844033673
INFO - main - step 23700: total_loss: 2.6824319171905517, prompt_loss: 1.941120630502701, contrastive_loss: 0.34030958503484726
INFO - main - step 23800: total_loss: 2.6555923664569856, prompt_loss: 1.9468925142288207, contrastive_loss: 0.32474044743401465
INFO - main - step 23900: total_loss: 2.767623518705368, prompt_loss: 2.0262772107124327, contrastive_loss: 0.355971355298534
INFO - main - step 24000: total_loss: 2.7349943590164183, prompt_loss: 1.9930416655540466, contrastive_loss: 0.35981009450741114
INFO - main - ###### Taking snapshot ######
INFO - main - step 24100: total_loss: 2.7378743469715117, prompt_loss: 2.0112960278987884, contrastive_loss: 0.3464613727550022
INFO - main - step 24200: total_loss: 2.744873740673065, prompt_loss: 2.0070556139945985, contrastive_loss: 0.34990861333906653
INFO - main - step 24300: total_loss: 2.709571806192398, prompt_loss: 1.995468875169754, contrastive_loss: 0.3072349175903946
INFO - main - step 24400: total_loss: 2.642781767845154, prompt_loss: 1.9215270316600799, contrastive_loss: 0.35526208941824733
INFO - main - step 24500: total_loss: 2.661632837057114, prompt_loss: 1.9466586649417876, contrastive_loss: 0.3263369640568271
INFO - main - step 24600: total_loss: 2.662137885093689, prompt_loss: 1.942968144416809, contrastive_loss: 0.3380112079530954
INFO - main - step 24700: total_loss: 2.6712191534042358, prompt_loss: 1.953458012342453, contrastive_loss: 0.3506788943707943
INFO - main - step 24800: total_loss: 2.7467951476573944, prompt_loss: 2.0082140457630158, contrastive_loss: 0.36176276232698
INFO - main - step 24900: total_loss: 2.640751852989197, prompt_loss: 1.8824444246292114, contrastive_loss: 0.37624347837641836
INFO - main - This is epoch "12" of "13" epochs.
INFO - main - step 25000: total_loss: 2.576464223861694, prompt_loss: 1.8370348393917084, contrastive_loss: 0.35164980210363866
INFO - main - ###### Taking snapshot ######
INFO - main - step 25100: total_loss: 2.6939456033706666, prompt_loss: 1.9531071758270264, contrastive_loss: 0.3600759935530368
INFO - main - step 25200: total_loss: 2.6591168344020844, prompt_loss: 1.9449557673931122, contrastive_loss: 0.3451861731754616
INFO - main - step 25300: total_loss: 2.616230446100235, prompt_loss: 1.8885598695278167, contrastive_loss: 0.34548645848408344
INFO - main - step 25400: total_loss: 2.730044300556183, prompt_loss: 2.003632960319519, contrastive_loss: 0.33919671140611174
INFO - main - step 25500: total_loss: 2.55637207865715, prompt_loss: 1.8662563002109527, contrastive_loss: 0.312855695001781
INFO - main - step 25600: total_loss: 2.6462064015865328, prompt_loss: 1.926501181125641, contrastive_loss: 0.32748299728380514
INFO - main - step 25700: total_loss: 2.7022373139858247, prompt_loss: 1.997388905286789, contrastive_loss: 0.33828560956637377
INFO - main - step 25800: total_loss: 2.652894494533539, prompt_loss: 1.9229270112514496, contrastive_loss: 0.3578629107400775
INFO - main - step 25900: total_loss: 2.6255177998542787, prompt_loss: 1.9117739951610566, contrastive_loss: 0.3446110165398568
INFO - main - step 26000: total_loss: 2.6804941856861113, prompt_loss: 1.9651295340061188, contrastive_loss: 0.3254843752086163
INFO - main - ###### Taking snapshot ######
INFO - main - step 26100: total_loss: 2.5598852431774137, prompt_loss: 1.8666796493530273, contrastive_loss: 0.3218188114161603
INFO - main - step 26200: total_loss: 2.678713278770447, prompt_loss: 1.9629308629035949, contrastive_loss: 0.343857538648881
INFO - main - step 26300: total_loss: 2.622537739276886, prompt_loss: 1.917704644203186, contrastive_loss: 0.35015812076628205
INFO - main - step 26400: total_loss: 2.653708963394165, prompt_loss: 1.9313271260261535, contrastive_loss: 0.3395612751506269
INFO - main - step 26500: total_loss: 2.7988211834430694, prompt_loss: 2.057598295211792, contrastive_loss: 0.3542810795316473
INFO - main - step 26600: total_loss: 2.6736340415477753, prompt_loss: 1.9516020154953002, contrastive_loss: 0.34859969101846217
INFO - main - step 26700: total_loss: 2.627158192396164, prompt_loss: 1.938431636095047, contrastive_loss: 0.3291836393531412
INFO - main - step 26800: total_loss: 2.74007427573204, prompt_loss: 2.000838261842728, contrastive_loss: 0.33952321965247395
INFO - main - step 26900: total_loss: 2.7758623433113097, prompt_loss: 2.06468536734581, contrastive_loss: 0.3327034395746887
INFO - main - End of training.
INFO - FSMIS - Result: 1
INFO - FSMIS - Completed after 1:06:03
